{"meta": {"format": 3, "version": "7.14.0", "timestamp": "2026-05-16T19:53:35.958581", "branch_coverage": false, "show_contexts": false}, "files": {"src/__init__.py": {"executed_lines": [], "summary": {"covered_lines": 0, "num_statements": 0, "percent_covered": 100.0, "percent_covered_display": "100", "missing_lines": 0, "excluded_lines": 0, "percent_statements_covered": 100.0, "percent_statements_covered_display": "100"}, "missing_lines": [], "excluded_lines": [], "functions": {"": {"executed_lines": [], "summary": {"covered_lines": 0, "num_statements": 0, "percent_covered": 100.0, "percent_covered_display": "100", "missing_lines": 0, "excluded_lines": 0, "percent_statements_covered": 100.0, "percent_statements_covered_display": "100"}, "missing_lines": [], "excluded_lines": [], "start_line": 1}}, "classes": {"": {"executed_lines": [], "summary": {"covered_lines": 0, "num_statements": 0, "percent_covered": 100.0, "percent_covered_display": "100", "missing_lines": 0, "excluded_lines": 0, "percent_statements_covered": 100.0, "percent_statements_covered_display": "100"}, "missing_lines": [], "excluded_lines": [], "start_line": 1}}}, "src/ab_testing_engine.py": {"executed_lines": [38, 40, 41, 42, 43, 44, 45, 46, 48, 50, 51, 56, 57, 64, 65, 66, 67, 68, 69, 70, 71, 72, 74, 75, 87, 88, 89, 102, 103, 105, 106, 107, 108, 110, 111, 118, 119, 120, 121, 122, 132, 135, 136, 138, 140, 141, 142, 143, 144, 146, 148, 150, 152, 153, 154, 155, 156, 157, 160, 162, 164, 165, 166, 168, 169, 170, 171, 172, 173, 176, 181, 192, 198, 199, 200, 204, 216, 218, 219, 221, 222, 223, 225, 226, 228, 229, 230, 231, 233, 239, 240, 242, 249, 250, 254, 256, 265, 266, 267, 269, 270, 276, 280, 281, 283, 294, 295, 297, 299, 300, 307, 308, 315, 317, 319, 321, 322, 323, 327, 329, 330, 334, 335, 336, 344, 346, 347, 348, 349, 356, 364], "summary": {"covered_lines": 131, "num_statements": 141, "percent_covered": 92.90780141843972, "percent_covered_display": "93", "missing_lines": 10, "excluded_lines": 0, "percent_statements_covered": 92.90780141843972, "percent_statements_covered_display": "93"}, "missing_lines": [174, 175, 341, 342, 350, 351, 352, 357, 358, 359], "excluded_lines": [], "functions": {"ABTestVariant.to_dict": {"executed_lines": [75], "summary": {"covered_lines": 1, "num_statements": 1, "percent_covered": 100.0, "percent_covered_display": "100", "missing_lines": 0, "excluded_lines": 0, "percent_statements_covered": 100.0, "percent_statements_covered_display": "100"}, "missing_lines": [], "excluded_lines": [], "start_line": 74}, "ABTestVariant.from_dict": {"executed_lines": [89], "summary": {"covered_lines": 1, "num_statements": 1, "percent_covered": 100.0, "percent_covered_display": "100", "missing_lines": 0, "excluded_lines": 0, "percent_statements_covered": 100.0, "percent_statements_covered_display": "100"}, "missing_lines": [], "excluded_lines": [], "start_line": 88}, "ABTestResult.to_dict": {"executed_lines": [111], "summary": {"covered_lines": 1, "num_statements": 1, "percent_covered": 100.0, "percent_covered_display": "100", "missing_lines": 0, "excluded_lines": 0, "percent_statements_covered": 100.0, "percent_statements_covered_display": "100"}, "missing_lines": [], "excluded_lines": [], "start_line": 110}, "ABTestResult.from_dict": {"executed_lines": [120, 121, 122], "summary": {"covered_lines": 3, "num_statements": 3, "percent_covered": 100.0, "percent_covered_display": "100", "missing_lines": 0, "excluded_lines": 0, "percent_statements_covered": 100.0, "percent_statements_covered_display": "100"}, "missing_lines": [], "excluded_lines": [], "start_line": 119}, "ABTestStore.__init__": {"executed_lines": [136], "summary": {"covered_lines": 1, "num_statements": 1, "percent_covered": 100.0, "percent_covered_display": "100", "missing_lines": 0, "excluded_lines": 0, "percent_statements_covered": 100.0, "percent_statements_covered_display": "100"}, "missing_lines": [], "excluded_lines": [], "start_line": 135}, "ABTestStore.save": {"executed_lines": [140, 141, 142, 143, 144], "summary": {"covered_lines": 5, "num_statements": 5, "percent_covered": 100.0, "percent_covered_display": "100", "missing_lines": 0, "excluded_lines": 0, "percent_statements_covered": 100.0, "percent_statements_covered_display": "100"}, "missing_lines": [], "excluded_lines": [], "start_line": 138}, "ABTestStore.load_recent": {"executed_lines": [148], "summary": {"covered_lines": 1, "num_statements": 1, "percent_covered": 100.0, "percent_covered_display": "100", "missing_lines": 0, "excluded_lines": 0, "percent_statements_covered": 100.0, "percent_statements_covered_display": "100"}, "missing_lines": [], "excluded_lines": [], "start_line": 146}, "ABTestStore.get_variant_type_performance": {"executed_lines": [152, 153, 154, 155, 156, 157, 160], "summary": {"covered_lines": 7, "num_statements": 7, "percent_covered": 100.0, "percent_covered_display": "100", "missing_lines": 0, "excluded_lines": 0, "percent_statements_covered": 100.0, "percent_statements_covered_display": "100"}, "missing_lines": [], "excluded_lines": [], "start_line": 150}, "ABTestStore.get_winning_patterns": {"executed_lines": [164, 165, 166], "summary": {"covered_lines": 3, "num_statements": 3, "percent_covered": 100.0, "percent_covered_display": "100", "missing_lines": 0, "excluded_lines": 0, "percent_statements_covered": 100.0, "percent_statements_covered_display": "100"}, "missing_lines": [], "excluded_lines": [], "start_line": 162}, "ABTestStore._load_raw": {"executed_lines": [169, 170, 171, 172, 173, 176], "summary": {"covered_lines": 6, "num_statements": 8, "percent_covered": 75.0, "percent_covered_display": "75", "missing_lines": 2, "excluded_lines": 0, "percent_statements_covered": 75.0, "percent_statements_covered_display": "75"}, "missing_lines": [174, 175], "excluded_lines": [], "start_line": 168}, "ABTestingEngine.__init__": {"executed_lines": [198, 199, 200], "summary": {"covered_lines": 3, "num_statements": 3, "percent_covered": 100.0, "percent_covered_display": "100", "missing_lines": 0, "excluded_lines": 0, "percent_statements_covered": 100.0, "percent_statements_covered_display": "100"}, "missing_lines": [], "excluded_lines": [], "start_line": 192}, "ABTestingEngine.run_test": {"executed_lines": [216, 218, 219, 221, 222, 223, 225, 226, 228, 229, 230, 231, 233, 239, 240, 242, 249, 250, 254], "summary": {"covered_lines": 19, "num_statements": 19, "percent_covered": 100.0, "percent_covered_display": "100", "missing_lines": 0, "excluded_lines": 0, "percent_statements_covered": 100.0, "percent_statements_covered_display": "100"}, "missing_lines": [], "excluded_lines": [], "start_line": 204}, "ABTestingEngine.suggest_strategy_adjustments": {"executed_lines": [265, 266, 267, 269, 270, 276, 280, 281], "summary": {"covered_lines": 8, "num_statements": 8, "percent_covered": 100.0, "percent_covered_display": "100", "missing_lines": 0, "excluded_lines": 0, "percent_statements_covered": 100.0, "percent_statements_covered_display": "100"}, "missing_lines": [], "excluded_lines": [], "start_line": 256}, "ABTestingEngine.apply_winner_feedback": {"executed_lines": [294, 295, 297, 299, 300, 307, 308], "summary": {"covered_lines": 7, "num_statements": 7, "percent_covered": 100.0, "percent_covered_display": "100", "missing_lines": 0, "excluded_lines": 0, "percent_statements_covered": 100.0, "percent_statements_covered_display": "100"}, "missing_lines": [], "excluded_lines": [], "start_line": 283}, "ABTestingEngine._select_winner": {"executed_lines": [317], "summary": {"covered_lines": 1, "num_statements": 1, "percent_covered": 100.0, "percent_covered_display": "100", "missing_lines": 0, "excluded_lines": 0, "percent_statements_covered": 100.0, "percent_statements_covered_display": "100"}, "missing_lines": [], "excluded_lines": [], "start_line": 315}, "ABTestingEngine._score": {"executed_lines": [321, 322, 323], "summary": {"covered_lines": 3, "num_statements": 3, "percent_covered": 100.0, "percent_covered_display": "100", "missing_lines": 0, "excluded_lines": 0, "percent_statements_covered": 100.0, "percent_statements_covered_display": "100"}, "missing_lines": [], "excluded_lines": [], "start_line": 319}, "ABTestingEngine._apply_variant": {"executed_lines": [329, 330, 334, 335, 336], "summary": {"covered_lines": 5, "num_statements": 7, "percent_covered": 71.42857142857143, "percent_covered_display": "71", "missing_lines": 2, "excluded_lines": 0, "percent_statements_covered": 71.42857142857143, "percent_statements_covered_display": "71"}, "missing_lines": [341, 342], "excluded_lines": [], "start_line": 327}, "ABTestingEngine._get_metrics": {"executed_lines": [346, 347, 348, 349], "summary": {"covered_lines": 4, "num_statements": 7, "percent_covered": 57.142857142857146, "percent_covered_display": "57", "missing_lines": 3, "excluded_lines": 0, "percent_statements_covered": 57.142857142857146, "percent_statements_covered_display": "57"}, "missing_lines": [350, 351, 352], "excluded_lines": [], "start_line": 344}, "ABTestingEngine._real_wait": {"executed_lines": [], "summary": {"covered_lines": 0, "num_statements": 3, "percent_covered": 0.0, "percent_covered_display": "0", "missing_lines": 3, "excluded_lines": 0, "percent_statements_covered": 0.0, "percent_statements_covered_display": "0"}, "missing_lines": [357, 358, 359], "excluded_lines": [], "start_line": 356}, "": {"executed_lines": [38, 40, 41, 42, 43, 44, 45, 46, 48, 50, 51, 56, 57, 64, 65, 66, 67, 68, 69, 70, 71, 72, 74, 87, 88, 102, 103, 105, 106, 107, 108, 110, 118, 119, 132, 135, 138, 146, 150, 162, 168, 181, 192, 204, 256, 283, 315, 319, 327, 344, 356, 364], "summary": {"covered_lines": 52, "num_statements": 52, "percent_covered": 100.0, "percent_covered_display": "100", "missing_lines": 0, "excluded_lines": 0, "percent_statements_covered": 100.0, "percent_statements_covered_display": "100"}, "missing_lines": [], "excluded_lines": [], "start_line": 1}}, "classes": {"ABTestVariant": {"executed_lines": [75, 89], "summary": {"covered_lines": 2, "num_statements": 2, "percent_covered": 100.0, "percent_covered_display": "100", "missing_lines": 0, "excluded_lines": 0, "percent_statements_covered": 100.0, "percent_statements_covered_display": "100"}, "missing_lines": [], "excluded_lines": [], "start_line": 57}, "ABTestResult": {"executed_lines": [111, 120, 121, 122], "summary": {"covered_lines": 4, "num_statements": 4, "percent_covered": 100.0, "percent_covered_display": "100", "missing_lines": 0, "excluded_lines": 0, "percent_statements_covered": 100.0, "percent_statements_covered_display": "100"}, "missing_lines": [], "excluded_lines": [], "start_line": 103}, "ABTestStore": {"executed_lines": [136, 140, 141, 142, 143, 144, 148, 152, 153, 154, 155, 156, 157, 160, 164, 165, 166, 169, 170, 171, 172, 173, 176], "summary": {"covered_lines": 23, "num_statements": 25, "percent_covered": 92.0, "percent_covered_display": "92", "missing_lines": 2, "excluded_lines": 0, "percent_statements_covered": 92.0, "percent_statements_covered_display": "92"}, "missing_lines": [174, 175], "excluded_lines": [], "start_line": 132}, "ABTestingEngine": {"executed_lines": [198, 199, 200, 216, 218, 219, 221, 222, 223, 225, 226, 228, 229, 230, 231, 233, 239, 240, 242, 249, 250, 254, 265, 266, 267, 269, 270, 276, 280, 281, 294, 295, 297, 299, 300, 307, 308, 317, 321, 322, 323, 329, 330, 334, 335, 336, 346, 347, 348, 349], "summary": {"covered_lines": 50, "num_statements": 58, "percent_covered": 86.20689655172414, "percent_covered_display": "86", "missing_lines": 8, "excluded_lines": 0, "percent_statements_covered": 86.20689655172414, "percent_statements_covered_display": "86"}, "missing_lines": [341, 342, 350, 351, 352, 357, 358, 359], "excluded_lines": [], "start_line": 181}, "": {"executed_lines": [38, 40, 41, 42, 43, 44, 45, 46, 48, 50, 51, 56, 57, 64, 65, 66, 67, 68, 69, 70, 71, 72, 74, 87, 88, 102, 103, 105, 106, 107, 108, 110, 118, 119, 132, 135, 138, 146, 150, 162, 168, 181, 192, 204, 256, 283, 315, 319, 327, 344, 356, 364], "summary": {"covered_lines": 52, "num_statements": 52, "percent_covered": 100.0, "percent_covered_display": "100", "missing_lines": 0, "excluded_lines": 0, "percent_statements_covered": 100.0, "percent_statements_covered_display": "100"}, "missing_lines": [], "excluded_lines": [], "start_line": 1}}}, "src/analytics.py": {"executed_lines": [1, 3, 4, 5, 7, 10, 28, 45, 59, 80, 97, 119, 135, 145, 151, 157, 176], "summary": {"covered_lines": 17, "num_statements": 99, "percent_covered": 17.171717171717173, "percent_covered_display": "17", "missing_lines": 82, "excluded_lines": 0, "percent_statements_covered": 17.171717171717173, "percent_statements_covered_display": "17"}, "missing_lines": [12, 13, 14, 15, 16, 17, 24, 25, 30, 31, 41, 42, 47, 48, 49, 50, 51, 52, 53, 54, 55, 56, 61, 62, 63, 67, 68, 69, 74, 75, 76, 77, 82, 83, 84, 85, 86, 87, 88, 89, 90, 91, 92, 93, 94, 99, 100, 101, 102, 103, 104, 105, 106, 107, 108, 121, 122, 131, 132, 137, 138, 139, 140, 141, 142, 147, 148, 153, 154, 159, 160, 161, 163, 164, 165, 167, 178, 179, 180, 181, 182, 184], "excluded_lines": [], "functions": {"top_hooks": {"executed_lines": [], "summary": {"covered_lines": 0, "num_statements": 8, "percent_covered": 0.0, "percent_covered_display": "0", "missing_lines": 8, "excluded_lines": 0, "percent_statements_covered": 0.0, "percent_statements_covered_display": "0"}, "missing_lines": [12, 13, 14, 15, 16, 17, 24, 25], "excluded_lines": [], "start_line": 10}, "top_titles": {"executed_lines": [], "summary": {"covered_lines": 0, "num_statements": 4, "percent_covered": 0.0, "percent_covered_display": "0", "missing_lines": 4, "excluded_lines": 0, "percent_statements_covered": 0.0, "percent_statements_covered_display": "0"}, "missing_lines": [30, 31, 41, 42], "excluded_lines": [], "start_line": 28}, "hook_keywords": {"executed_lines": [], "summary": {"covered_lines": 0, "num_statements": 10, "percent_covered": 0.0, "percent_covered_display": "0", "missing_lines": 10, "excluded_lines": 0, "percent_statements_covered": 0.0, "percent_statements_covered_display": "0"}, "missing_lines": [47, 48, 49, 50, 51, 52, 53, 54, 55, 56], "excluded_lines": [], "start_line": 45}, "top_keywords": {"executed_lines": [], "summary": {"covered_lines": 0, "num_statements": 10, "percent_covered": 0.0, "percent_covered_display": "0", "missing_lines": 10, "excluded_lines": 0, "percent_statements_covered": 0.0, "percent_statements_covered_display": "0"}, "missing_lines": [61, 62, 63, 67, 68, 69, 74, 75, 76, 77], "excluded_lines": [], "start_line": 59}, "recent_records": {"executed_lines": [], "summary": {"covered_lines": 0, "num_statements": 13, "percent_covered": 0.0, "percent_covered_display": "0", "missing_lines": 13, "excluded_lines": 0, "percent_statements_covered": 0.0, "percent_statements_covered_display": "0"}, "missing_lines": [82, 83, 84, 85, 86, 87, 88, 89, 90, 91, 92, 93, 94], "excluded_lines": [], "start_line": 80}, "get_trend_report": {"executed_lines": [], "summary": {"covered_lines": 0, "num_statements": 10, "percent_covered": 0.0, "percent_covered_display": "0", "missing_lines": 10, "excluded_lines": 0, "percent_statements_covered": 0.0, "percent_statements_covered_display": "0"}, "missing_lines": [99, 100, 101, 102, 103, 104, 105, 106, 107, 108], "excluded_lines": [], "start_line": 97}, "worst_hooks": {"executed_lines": [], "summary": {"covered_lines": 0, "num_statements": 4, "percent_covered": 0.0, "percent_covered_display": "0", "missing_lines": 4, "excluded_lines": 0, "percent_statements_covered": 0.0, "percent_statements_covered_display": "0"}, "missing_lines": [121, 122, 131, 132], "excluded_lines": [], "start_line": 119}, "boost_if_pattern_works": {"executed_lines": [], "summary": {"covered_lines": 0, "num_statements": 6, "percent_covered": 0.0, "percent_covered_display": "0", "missing_lines": 6, "excluded_lines": 0, "percent_statements_covered": 0.0, "percent_statements_covered_display": "0"}, "missing_lines": [137, 138, 139, 140, 141, 142], "excluded_lines": [], "start_line": 135}, "get_proven_hooks": {"executed_lines": [], "summary": {"covered_lines": 0, "num_statements": 2, "percent_covered": 0.0, "percent_covered_display": "0", "missing_lines": 2, "excluded_lines": 0, "percent_statements_covered": 0.0, "percent_statements_covered_display": "0"}, "missing_lines": [147, 148], "excluded_lines": [], "start_line": 145}, "get_proven_titles": {"executed_lines": [], "summary": {"covered_lines": 0, "num_statements": 2, "percent_covered": 0.0, "percent_covered_display": "0", "missing_lines": 2, "excluded_lines": 0, "percent_statements_covered": 0.0, "percent_statements_covered_display": "0"}, "missing_lines": [153, 154], "excluded_lines": [], "start_line": 151}, "get_engagement_stats": {"executed_lines": [], "summary": {"covered_lines": 0, "num_statements": 7, "percent_covered": 0.0, "percent_covered_display": "0", "missing_lines": 7, "excluded_lines": 0, "percent_statements_covered": 0.0, "percent_statements_covered_display": "0"}, "missing_lines": [159, 160, 161, 163, 164, 165, 167], "excluded_lines": [], "start_line": 157}, "get_recommendations": {"executed_lines": [], "summary": {"covered_lines": 0, "num_statements": 6, "percent_covered": 0.0, "percent_covered_display": "0", "missing_lines": 6, "excluded_lines": 0, "percent_statements_covered": 0.0, "percent_statements_covered_display": "0"}, "missing_lines": [178, 179, 180, 181, 182, 184], "excluded_lines": [], "start_line": 176}, "": {"executed_lines": [1, 3, 4, 5, 7, 10, 28, 45, 59, 80, 97, 119, 135, 145, 151, 157, 176], "summary": {"covered_lines": 17, "num_statements": 17, "percent_covered": 100.0, "percent_covered_display": "100", "missing_lines": 0, "excluded_lines": 0, "percent_statements_covered": 100.0, "percent_statements_covered_display": "100"}, "missing_lines": [], "excluded_lines": [], "start_line": 1}}, "classes": {"": {"executed_lines": [1, 3, 4, 5, 7, 10, 28, 45, 59, 80, 97, 119, 135, 145, 151, 157, 176], "summary": {"covered_lines": 17, "num_statements": 99, "percent_covered": 17.171717171717173, "percent_covered_display": "17", "missing_lines": 82, "excluded_lines": 0, "percent_statements_covered": 17.171717171717173, "percent_statements_covered_display": "17"}, "missing_lines": [12, 13, 14, 15, 16, 17, 24, 25, 30, 31, 41, 42, 47, 48, 49, 50, 51, 52, 53, 54, 55, 56, 61, 62, 63, 67, 68, 69, 74, 75, 76, 77, 82, 83, 84, 85, 86, 87, 88, 89, 90, 91, 92, 93, 94, 99, 100, 101, 102, 103, 104, 105, 106, 107, 108, 121, 122, 131, 132, 137, 138, 139, 140, 141, 142, 147, 148, 153, 154, 159, 160, 161, 163, 164, 165, 167, 178, 179, 180, 181, 182, 184], "excluded_lines": [], "start_line": 1}}}, "src/auto_action_engine.py": {"executed_lines": [1, 3, 4, 5, 6, 7, 8, 9, 11, 13, 14, 17, 21, 25, 29, 39, 44, 45, 46, 47, 48, 49, 51, 59, 67, 72, 75, 78, 81, 84, 126, 129, 178, 187, 194, 225, 236, 253], "summary": {"covered_lines": 38, "num_statements": 183, "percent_covered": 20.76502732240437, "percent_covered_display": "21", "missing_lines": 145, "excluded_lines": 0, "percent_statements_covered": 20.76502732240437, "percent_statements_covered_display": "21"}, "missing_lines": [18, 22, 26, 30, 31, 32, 33, 34, 35, 36, 40, 41, 52, 60, 61, 62, 63, 64, 65, 68, 69, 70, 73, 76, 79, 82, 85, 89, 90, 92, 93, 94, 95, 97, 98, 99, 100, 102, 103, 104, 110, 111, 117, 118, 124, 127, 130, 131, 138, 139, 141, 145, 146, 148, 149, 150, 151, 153, 154, 155, 157, 158, 159, 160, 161, 162, 163, 164, 166, 168, 170, 171, 172, 176, 179, 180, 181, 182, 183, 184, 185, 188, 189, 190, 191, 192, 195, 196, 198, 199, 200, 201, 202, 203, 204, 205, 207, 208, 209, 210, 211, 212, 214, 215, 216, 217, 218, 219, 220, 221, 222, 223, 226, 227, 228, 229, 230, 231, 232, 233, 234, 237, 238, 239, 240, 242, 243, 244, 245, 246, 247, 248, 249, 250, 251, 254, 255, 256, 257, 258, 259, 261, 262, 271, 272], "excluded_lines": [], "functions": {"_strategy_path": {"executed_lines": [], "summary": {"covered_lines": 0, "num_statements": 1, "percent_covered": 0.0, "percent_covered_display": "0", "missing_lines": 1, "excluded_lines": 0, "percent_statements_covered": 0.0, "percent_statements_covered_display": "0"}, "missing_lines": [18], "excluded_lines": [], "start_line": 17}, "_actions_path": {"executed_lines": [], "summary": {"covered_lines": 0, "num_statements": 1, "percent_covered": 0.0, "percent_covered_display": "0", "missing_lines": 1, "excluded_lines": 0, "percent_statements_covered": 0.0, "percent_statements_covered_display": "0"}, "missing_lines": [22], "excluded_lines": [], "start_line": 21}, "_stats_path": {"executed_lines": [], "summary": {"covered_lines": 0, "num_statements": 1, "percent_covered": 0.0, "percent_covered_display": "0", "missing_lines": 1, "excluded_lines": 0, "percent_statements_covered": 0.0, "percent_statements_covered_display": "0"}, "missing_lines": [26], "excluded_lines": [], "start_line": 25}, "_load_json": {"executed_lines": [], "summary": {"covered_lines": 0, "num_statements": 7, "percent_covered": 0.0, "percent_covered_display": "0", "missing_lines": 7, "excluded_lines": 0, "percent_statements_covered": 0.0, "percent_statements_covered_display": "0"}, "missing_lines": [30, 31, 32, 33, 34, 35, 36], "excluded_lines": [], "start_line": 29}, "_save_json": {"executed_lines": [], "summary": {"covered_lines": 0, "num_statements": 2, "percent_covered": 0.0, "percent_covered_display": "0", "missing_lines": 2, "excluded_lines": 0, "percent_statements_covered": 0.0, "percent_statements_covered_display": "0"}, "missing_lines": [40, 41], "excluded_lines": [], "start_line": 39}, "AutoActionEngine.default_strategy": {"executed_lines": [], "summary": {"covered_lines": 0, "num_statements": 1, "percent_covered": 0.0, "percent_covered_display": "0", "missing_lines": 1, "excluded_lines": 0, "percent_statements_covered": 0.0, "percent_statements_covered_display": "0"}, "missing_lines": [52], "excluded_lines": [], "start_line": 51}, "AutoActionEngine.load_strategy": {"executed_lines": [], "summary": {"covered_lines": 0, "num_statements": 6, "percent_covered": 0.0, "percent_covered_display": "0", "missing_lines": 6, "excluded_lines": 0, "percent_statements_covered": 0.0, "percent_statements_covered_display": "0"}, "missing_lines": [60, 61, 62, 63, 64, 65], "excluded_lines": [], "start_line": 59}, "AutoActionEngine.save_strategy": {"executed_lines": [], "summary": {"covered_lines": 0, "num_statements": 3, "percent_covered": 0.0, "percent_covered_display": "0", "missing_lines": 3, "excluded_lines": 0, "percent_statements_covered": 0.0, "percent_statements_covered_display": "0"}, "missing_lines": [68, 69, 70], "excluded_lines": [], "start_line": 67}, "AutoActionEngine.load_action_log": {"executed_lines": [], "summary": {"covered_lines": 0, "num_statements": 1, "percent_covered": 0.0, "percent_covered_display": "0", "missing_lines": 1, "excluded_lines": 0, "percent_statements_covered": 0.0, "percent_statements_covered_display": "0"}, "missing_lines": [73], "excluded_lines": [], "start_line": 72}, "AutoActionEngine.save_action_log": {"executed_lines": [], "summary": {"covered_lines": 0, "num_statements": 1, "percent_covered": 0.0, "percent_covered_display": "0", "missing_lines": 1, "excluded_lines": 0, "percent_statements_covered": 0.0, "percent_statements_covered_display": "0"}, "missing_lines": [76], "excluded_lines": [], "start_line": 75}, "AutoActionEngine.load_stats": {"executed_lines": [], "summary": {"covered_lines": 0, "num_statements": 1, "percent_covered": 0.0, "percent_covered_display": "0", "missing_lines": 1, "excluded_lines": 0, "percent_statements_covered": 0.0, "percent_statements_covered_display": "0"}, "missing_lines": [79], "excluded_lines": [], "start_line": 78}, "AutoActionEngine.save_stats": {"executed_lines": [], "summary": {"covered_lines": 0, "num_statements": 1, "percent_covered": 0.0, "percent_covered_display": "0", "missing_lines": 1, "excluded_lines": 0, "percent_statements_covered": 0.0, "percent_statements_covered_display": "0"}, "missing_lines": [82], "excluded_lines": [], "start_line": 81}, "AutoActionEngine.generate_insights": {"executed_lines": [], "summary": {"covered_lines": 0, "num_statements": 19, "percent_covered": 0.0, "percent_covered_display": "0", "missing_lines": 19, "excluded_lines": 0, "percent_statements_covered": 0.0, "percent_statements_covered_display": "0"}, "missing_lines": [85, 89, 90, 92, 93, 94, 95, 97, 98, 99, 100, 102, 103, 104, 110, 111, 117, 118, 124], "excluded_lines": [], "start_line": 84}, "AutoActionEngine.performance_good": {"executed_lines": [], "summary": {"covered_lines": 0, "num_statements": 1, "percent_covered": 0.0, "percent_covered_display": "0", "missing_lines": 1, "excluded_lines": 0, "percent_statements_covered": 0.0, "percent_statements_covered_display": "0"}, "missing_lines": [127], "excluded_lines": [], "start_line": 126}, "AutoActionEngine.evaluate_recent_actions": {"executed_lines": [], "summary": {"covered_lines": 0, "num_statements": 28, "percent_covered": 0.0, "percent_covered_display": "0", "missing_lines": 28, "excluded_lines": 0, "percent_statements_covered": 0.0, "percent_statements_covered_display": "0"}, "missing_lines": [130, 131, 138, 139, 141, 145, 146, 148, 149, 150, 151, 153, 154, 155, 157, 158, 159, 160, 161, 162, 163, 164, 166, 168, 170, 171, 172, 176], "excluded_lines": [], "start_line": 129}, "AutoActionEngine._map": {"executed_lines": [], "summary": {"covered_lines": 0, "num_statements": 7, "percent_covered": 0.0, "percent_covered_display": "0", "missing_lines": 7, "excluded_lines": 0, "percent_statements_covered": 0.0, "percent_statements_covered_display": "0"}, "missing_lines": [179, 180, 181, 182, 183, 184, 185], "excluded_lines": [], "start_line": 178}, "AutoActionEngine._score": {"executed_lines": [], "summary": {"covered_lines": 0, "num_statements": 5, "percent_covered": 0.0, "percent_covered_display": "0", "missing_lines": 5, "excluded_lines": 0, "percent_statements_covered": 0.0, "percent_statements_covered_display": "0"}, "missing_lines": [188, 189, 190, 191, 192], "excluded_lines": [], "start_line": 187}, "AutoActionEngine._select": {"executed_lines": [], "summary": {"covered_lines": 0, "num_statements": 26, "percent_covered": 0.0, "percent_covered_display": "0", "missing_lines": 26, "excluded_lines": 0, "percent_statements_covered": 0.0, "percent_statements_covered_display": "0"}, "missing_lines": [195, 196, 198, 199, 200, 201, 202, 203, 204, 205, 207, 208, 209, 210, 211, 212, 214, 215, 216, 217, 218, 219, 220, 221, 222, 223], "excluded_lines": [], "start_line": 194}, "AutoActionEngine._apply": {"executed_lines": [], "summary": {"covered_lines": 0, "num_statements": 9, "percent_covered": 0.0, "percent_covered_display": "0", "missing_lines": 9, "excluded_lines": 0, "percent_statements_covered": 0.0, "percent_statements_covered_display": "0"}, "missing_lines": [226, 227, 228, 229, 230, 231, 232, 233, 234], "excluded_lines": [], "start_line": 225}, "AutoActionEngine.apply": {"executed_lines": [], "summary": {"covered_lines": 0, "num_statements": 14, "percent_covered": 0.0, "percent_covered_display": "0", "missing_lines": 14, "excluded_lines": 0, "percent_statements_covered": 0.0, "percent_statements_covered_display": "0"}, "missing_lines": [237, 238, 239, 240, 242, 243, 244, 245, 246, 247, 248, 249, 250, 251], "excluded_lines": [], "start_line": 236}, "AutoActionEngine.prepare_strategy": {"executed_lines": [], "summary": {"covered_lines": 0, "num_statements": 10, "percent_covered": 0.0, "percent_covered_display": "0", "missing_lines": 10, "excluded_lines": 0, "percent_statements_covered": 0.0, "percent_statements_covered_display": "0"}, "missing_lines": [254, 255, 256, 257, 258, 259, 261, 262, 271, 272], "excluded_lines": [], "start_line": 253}, "": {"executed_lines": [1, 3, 4, 5, 6, 7, 8, 9, 11, 13, 14, 17, 21, 25, 29, 39, 44, 45, 46, 47, 48, 49, 51, 59, 67, 72, 75, 78, 81, 84, 126, 129, 178, 187, 194, 225, 236, 253], "summary": {"covered_lines": 38, "num_statements": 38, "percent_covered": 100.0, "percent_covered_display": "100", "missing_lines": 0, "excluded_lines": 0, "percent_statements_covered": 100.0, "percent_statements_covered_display": "100"}, "missing_lines": [], "excluded_lines": [], "start_line": 1}}, "classes": {"AutoActionEngine": {"executed_lines": [], "summary": {"covered_lines": 0, "num_statements": 133, "percent_covered": 0.0, "percent_covered_display": "0", "missing_lines": 133, "excluded_lines": 0, "percent_statements_covered": 0.0, "percent_statements_covered_display": "0"}, "missing_lines": [52, 60, 61, 62, 63, 64, 65, 68, 69, 70, 73, 76, 79, 82, 85, 89, 90, 92, 93, 94, 95, 97, 98, 99, 100, 102, 103, 104, 110, 111, 117, 118, 124, 127, 130, 131, 138, 139, 141, 145, 146, 148, 149, 150, 151, 153, 154, 155, 157, 158, 159, 160, 161, 162, 163, 164, 166, 168, 170, 171, 172, 176, 179, 180, 181, 182, 183, 184, 185, 188, 189, 190, 191, 192, 195, 196, 198, 199, 200, 201, 202, 203, 204, 205, 207, 208, 209, 210, 211, 212, 214, 215, 216, 217, 218, 219, 220, 221, 222, 223, 226, 227, 228, 229, 230, 231, 232, 233, 234, 237, 238, 239, 240, 242, 243, 244, 245, 246, 247, 248, 249, 250, 251, 254, 255, 256, 257, 258, 259, 261, 262, 271, 272], "excluded_lines": [], "start_line": 45}, "": {"executed_lines": [1, 3, 4, 5, 6, 7, 8, 9, 11, 13, 14, 17, 21, 25, 29, 39, 44, 45, 46, 47, 48, 49, 51, 59, 67, 72, 75, 78, 81, 84, 126, 129, 178, 187, 194, 225, 236, 253], "summary": {"covered_lines": 38, "num_statements": 50, "percent_covered": 76.0, "percent_covered_display": "76", "missing_lines": 12, "excluded_lines": 0, "percent_statements_covered": 76.0, "percent_statements_covered_display": "76"}, "missing_lines": [18, 22, 26, 30, 31, 32, 33, 34, 35, 36, 40, 41], "excluded_lines": [], "start_line": 1}}}, "src/avatar_engine.py": {"executed_lines": [51, 53, 54, 55, 56, 57, 59, 61, 62, 63, 64, 70, 75, 90, 101, 120, 121, 122, 123, 124, 128, 130, 134, 136, 138, 144, 145, 146, 147, 148, 149, 150, 154, 180, 181, 182, 184, 185, 186, 188, 194, 204, 205, 208, 209, 210, 213, 214, 215, 225, 226, 232, 237, 238, 240, 241, 243, 257, 258, 259, 260, 262], "summary": {"covered_lines": 62, "num_statements": 65, "percent_covered": 95.38461538461539, "percent_covered_display": "95", "missing_lines": 3, "excluded_lines": 0, "percent_statements_covered": 95.38461538461539, "percent_statements_covered_display": "95"}, "missing_lines": [227, 228, 229], "excluded_lines": [], "functions": {"AvatarEngine.__init__": {"executed_lines": [121, 122, 123, 124], "summary": {"covered_lines": 4, "num_statements": 4, "percent_covered": 100.0, "percent_covered_display": "100", "missing_lines": 0, "excluded_lines": 0, "percent_statements_covered": 100.0, "percent_statements_covered_display": "100"}, "missing_lines": [], "excluded_lines": [], "start_line": 120}, "AvatarEngine.should_use_avatar": {"executed_lines": [130], "summary": {"covered_lines": 1, "num_statements": 1, "percent_covered": 100.0, "percent_covered_display": "100", "missing_lines": 0, "excluded_lines": 0, "percent_statements_covered": 100.0, "percent_statements_covered_display": "100"}, "missing_lines": [], "excluded_lines": [], "start_line": 128}, "AvatarEngine.avatar_style": {"executed_lines": [136], "summary": {"covered_lines": 1, "num_statements": 1, "percent_covered": 100.0, "percent_covered_display": "100", "missing_lines": 0, "excluded_lines": 0, "percent_statements_covered": 100.0, "percent_statements_covered_display": "100"}, "missing_lines": [], "excluded_lines": [], "start_line": 134}, "AvatarEngine.avatar_id": {"executed_lines": [144, 145, 146, 147, 148, 149, 150], "summary": {"covered_lines": 7, "num_statements": 7, "percent_covered": 100.0, "percent_covered_display": "100", "missing_lines": 0, "excluded_lines": 0, "percent_statements_covered": 100.0, "percent_statements_covered_display": "100"}, "missing_lines": [], "excluded_lines": [], "start_line": 138}, "AvatarEngine.render": {"executed_lines": [180, 181, 182, 184, 185, 186, 188, 194, 204, 205, 208, 209, 210, 213, 214, 215, 225, 226, 232, 237, 238, 240, 241], "summary": {"covered_lines": 23, "num_statements": 26, "percent_covered": 88.46153846153847, "percent_covered_display": "88", "missing_lines": 3, "excluded_lines": 0, "percent_statements_covered": 88.46153846153847, "percent_statements_covered_display": "88"}, "missing_lines": [227, 228, 229], "excluded_lines": [], "start_line": 154}, "AvatarEngine.render_for_scene": {"executed_lines": [257, 258, 259, 260, 262], "summary": {"covered_lines": 5, "num_statements": 5, "percent_covered": 100.0, "percent_covered_display": "100", "missing_lines": 0, "excluded_lines": 0, "percent_statements_covered": 100.0, "percent_statements_covered_display": "100"}, "missing_lines": [], "excluded_lines": [], "start_line": 243}, "": {"executed_lines": [51, 53, 54, 55, 56, 57, 59, 61, 62, 63, 64, 70, 75, 90, 101, 120, 128, 134, 138, 154, 243], "summary": {"covered_lines": 21, "num_statements": 21, "percent_covered": 100.0, "percent_covered_display": "100", "missing_lines": 0, "excluded_lines": 0, "percent_statements_covered": 100.0, "percent_statements_covered_display": "100"}, "missing_lines": [], "excluded_lines": [], "start_line": 1}}, "classes": {"AvatarEngine": {"executed_lines": [121, 122, 123, 124, 130, 136, 144, 145, 146, 147, 148, 149, 150, 180, 181, 182, 184, 185, 186, 188, 194, 204, 205, 208, 209, 210, 213, 214, 215, 225, 226, 232, 237, 238, 240, 241, 257, 258, 259, 260, 262], "summary": {"covered_lines": 41, "num_statements": 44, "percent_covered": 93.18181818181819, "percent_covered_display": "93", "missing_lines": 3, "excluded_lines": 0, "percent_statements_covered": 93.18181818181819, "percent_statements_covered_display": "93"}, "missing_lines": [227, 228, 229], "excluded_lines": [], "start_line": 101}, "": {"executed_lines": [51, 53, 54, 55, 56, 57, 59, 61, 62, 63, 64, 70, 75, 90, 101, 120, 128, 134, 138, 154, 243], "summary": {"covered_lines": 21, "num_statements": 21, "percent_covered": 100.0, "percent_covered_display": "100", "missing_lines": 0, "excluded_lines": 0, "percent_statements_covered": 100.0, "percent_statements_covered_display": "100"}, "missing_lines": [], "excluded_lines": [], "start_line": 1}}}, "src/bandit_engine.py": {"executed_lines": [42, 44, 45, 46, 47, 48, 49, 51, 53, 54, 55, 63, 64, 70, 71, 72, 73, 74, 75, 76, 77, 78, 80, 81, 93, 94, 95, 107, 108, 110, 119, 120, 122, 123, 125, 126, 131, 132, 133, 141, 144, 145, 147, 148, 149, 150, 152, 153, 154, 155, 156, 159, 164, 182, 187, 188, 189, 190, 194, 200, 201, 202, 203, 204, 205, 206, 207, 208, 210, 216, 217, 218, 219, 221, 222, 223, 227, 235, 236, 237, 238, 241, 242, 243, 244, 246, 247, 249, 250, 252, 253, 254, 255, 256, 257, 259, 260, 264, 268, 281, 282, 283, 284, 286, 287, 288, 290, 291, 293, 303, 314, 315, 316, 318, 319, 321, 327, 328, 332, 336, 342, 343, 344, 345, 346, 348, 350, 352, 353, 354, 355, 356], "summary": {"covered_lines": 132, "num_statements": 137, "percent_covered": 96.35036496350365, "percent_covered_display": "96", "missing_lines": 5, "excluded_lines": 2, "percent_statements_covered": 96.35036496350365, "percent_statements_covered_display": "96"}, "missing_lines": [157, 158, 334, 338, 351], "excluded_lines": [57, 58], "functions": {"BanditArm.to_dict": {"executed_lines": [81], "summary": {"covered_lines": 1, "num_statements": 1, "percent_covered": 100.0, "percent_covered_display": "100", "missing_lines": 0, "excluded_lines": 0, "percent_statements_covered": 100.0, "percent_statements_covered_display": "100"}, "missing_lines": [], "excluded_lines": [], "start_line": 80}, "BanditArm.from_dict": {"executed_lines": [95], "summary": {"covered_lines": 1, "num_statements": 1, "percent_covered": 100.0, "percent_covered_display": "100", "missing_lines": 0, "excluded_lines": 0, "percent_statements_covered": 100.0, "percent_statements_covered_display": "100"}, "missing_lines": [], "excluded_lines": [], "start_line": 94}, "BanditArm.from_variant": {"executed_lines": [110], "summary": {"covered_lines": 1, "num_statements": 1, "percent_covered": 100.0, "percent_covered_display": "100", "missing_lines": 0, "excluded_lines": 0, "percent_statements_covered": 100.0, "percent_statements_covered_display": "100"}, "missing_lines": [], "excluded_lines": [], "start_line": 108}, "BanditState.to_dict": {"executed_lines": [126], "summary": {"covered_lines": 1, "num_statements": 1, "percent_covered": 100.0, "percent_covered_display": "100", "missing_lines": 0, "excluded_lines": 0, "percent_statements_covered": 100.0, "percent_statements_covered_display": "100"}, "missing_lines": [], "excluded_lines": [], "start_line": 125}, "BanditState.from_dict": {"executed_lines": [133], "summary": {"covered_lines": 1, "num_statements": 1, "percent_covered": 100.0, "percent_covered_display": "100", "missing_lines": 0, "excluded_lines": 0, "percent_statements_covered": 100.0, "percent_statements_covered_display": "100"}, "missing_lines": [], "excluded_lines": [], "start_line": 132}, "BanditStore.__init__": {"executed_lines": [145], "summary": {"covered_lines": 1, "num_statements": 1, "percent_covered": 100.0, "percent_covered_display": "100", "missing_lines": 0, "excluded_lines": 0, "percent_statements_covered": 100.0, "percent_statements_covered_display": "100"}, "missing_lines": [], "excluded_lines": [], "start_line": 144}, "BanditStore.save": {"executed_lines": [148, 149, 150], "summary": {"covered_lines": 3, "num_statements": 3, "percent_covered": 100.0, "percent_covered_display": "100", "missing_lines": 0, "excluded_lines": 0, "percent_statements_covered": 100.0, "percent_statements_covered_display": "100"}, "missing_lines": [], "excluded_lines": [], "start_line": 147}, "BanditStore.load": {"executed_lines": [153, 154, 155, 156, 159], "summary": {"covered_lines": 5, "num_statements": 7, "percent_covered": 71.42857142857143, "percent_covered_display": "71", "missing_lines": 2, "excluded_lines": 0, "percent_statements_covered": 71.42857142857143, "percent_statements_covered_display": "71"}, "missing_lines": [157, 158], "excluded_lines": [], "start_line": 152}, "BanditEngine.__init__": {"executed_lines": [187, 188, 189, 190], "summary": {"covered_lines": 4, "num_statements": 4, "percent_covered": 100.0, "percent_covered_display": "100", "missing_lines": 0, "excluded_lines": 0, "percent_statements_covered": 100.0, "percent_statements_covered_display": "100"}, "missing_lines": [], "excluded_lines": [], "start_line": 182}, "BanditEngine.register_variants": {"executed_lines": [200, 201, 202, 203, 204, 205, 206, 207, 208], "summary": {"covered_lines": 9, "num_statements": 9, "percent_covered": 100.0, "percent_covered_display": "100", "missing_lines": 0, "excluded_lines": 0, "percent_statements_covered": 100.0, "percent_statements_covered_display": "100"}, "missing_lines": [], "excluded_lines": [], "start_line": 194}, "BanditEngine.reset": {"executed_lines": [216, 217, 218, 219, 221, 222, 223], "summary": {"covered_lines": 7, "num_statements": 7, "percent_covered": 100.0, "percent_covered_display": "100", "missing_lines": 0, "excluded_lines": 0, "percent_statements_covered": 100.0, "percent_statements_covered_display": "100"}, "missing_lines": [], "excluded_lines": [], "start_line": 210}, "BanditEngine.select_variant": {"executed_lines": [235, 236, 237, 238, 241, 242, 243, 244, 246, 247, 249, 250, 252, 253, 254, 255, 256, 257, 259, 260, 264], "summary": {"covered_lines": 21, "num_statements": 21, "percent_covered": 100.0, "percent_covered_display": "100", "missing_lines": 0, "excluded_lines": 0, "percent_statements_covered": 100.0, "percent_statements_covered_display": "100"}, "missing_lines": [], "excluded_lines": [], "start_line": 227}, "BanditEngine.update": {"executed_lines": [281, 282, 283, 284, 286, 287, 288, 290, 291, 293], "summary": {"covered_lines": 10, "num_statements": 10, "percent_covered": 100.0, "percent_covered_display": "100", "missing_lines": 0, "excluded_lines": 0, "percent_statements_covered": 100.0, "percent_statements_covered_display": "100"}, "missing_lines": [], "excluded_lines": [], "start_line": 268}, "BanditEngine.suggest_strategy_adjustments": {"executed_lines": [314, 315, 316, 318, 319, 321, 327, 328], "summary": {"covered_lines": 8, "num_statements": 8, "percent_covered": 100.0, "percent_covered_display": "100", "missing_lines": 0, "excluded_lines": 0, "percent_statements_covered": 100.0, "percent_statements_covered_display": "100"}, "missing_lines": [], "excluded_lines": [], "start_line": 303}, "BanditEngine.get_arm_stats": {"executed_lines": [], "summary": {"covered_lines": 0, "num_statements": 1, "percent_covered": 0.0, "percent_covered_display": "0", "missing_lines": 1, "excluded_lines": 0, "percent_statements_covered": 0.0, "percent_statements_covered_display": "0"}, "missing_lines": [334], "excluded_lines": [], "start_line": 332}, "BanditEngine.get_state": {"executed_lines": [], "summary": {"covered_lines": 0, "num_statements": 1, "percent_covered": 0.0, "percent_covered_display": "0", "missing_lines": 1, "excluded_lines": 0, "percent_statements_covered": 0.0, "percent_statements_covered_display": "0"}, "missing_lines": [338], "excluded_lines": [], "start_line": 336}, "BanditEngine._find_arm": {"executed_lines": [343, 344, 345, 346], "summary": {"covered_lines": 4, "num_statements": 4, "percent_covered": 100.0, "percent_covered_display": "100", "missing_lines": 0, "excluded_lines": 0, "percent_statements_covered": 100.0, "percent_statements_covered_display": "100"}, "missing_lines": [], "excluded_lines": [], "start_line": 342}, "BanditEngine._compute_reward": {"executed_lines": [350, 352, 353, 354, 355, 356], "summary": {"covered_lines": 6, "num_statements": 7, "percent_covered": 85.71428571428571, "percent_covered_display": "86", "missing_lines": 1, "excluded_lines": 0, "percent_statements_covered": 85.71428571428571, "percent_statements_covered_display": "86"}, "missing_lines": [351], "excluded_lines": [], "start_line": 348}, "": {"executed_lines": [42, 44, 45, 46, 47, 48, 49, 51, 53, 54, 55, 63, 64, 70, 71, 72, 73, 74, 75, 76, 77, 78, 80, 93, 94, 107, 108, 119, 120, 122, 123, 125, 131, 132, 141, 144, 147, 152, 164, 182, 194, 210, 227, 268, 303, 332, 336, 342, 348], "summary": {"covered_lines": 49, "num_statements": 49, "percent_covered": 100.0, "percent_covered_display": "100", "missing_lines": 0, "excluded_lines": 2, "percent_statements_covered": 100.0, "percent_statements_covered_display": "100"}, "missing_lines": [], "excluded_lines": [57, 58], "start_line": 1}}, "classes": {"BanditArm": {"executed_lines": [81, 95, 110], "summary": {"covered_lines": 3, "num_statements": 3, "percent_covered": 100.0, "percent_covered_display": "100", "missing_lines": 0, "excluded_lines": 0, "percent_statements_covered": 100.0, "percent_statements_covered_display": "100"}, "missing_lines": [], "excluded_lines": [], "start_line": 64}, "BanditState": {"executed_lines": [126, 133], "summary": {"covered_lines": 2, "num_statements": 2, "percent_covered": 100.0, "percent_covered_display": "100", "missing_lines": 0, "excluded_lines": 0, "percent_statements_covered": 100.0, "percent_statements_covered_display": "100"}, "missing_lines": [], "excluded_lines": [], "start_line": 120}, "BanditStore": {"executed_lines": [145, 148, 149, 150, 153, 154, 155, 156, 159], "summary": {"covered_lines": 9, "num_statements": 11, "percent_covered": 81.81818181818181, "percent_covered_display": "82", "missing_lines": 2, "excluded_lines": 0, "percent_statements_covered": 81.81818181818181, "percent_statements_covered_display": "82"}, "missing_lines": [157, 158], "excluded_lines": [], "start_line": 141}, "BanditEngine": {"executed_lines": [187, 188, 189, 190, 200, 201, 202, 203, 204, 205, 206, 207, 208, 216, 217, 218, 219, 221, 222, 223, 235, 236, 237, 238, 241, 242, 243, 244, 246, 247, 249, 250, 252, 253, 254, 255, 256, 257, 259, 260, 264, 281, 282, 283, 284, 286, 287, 288, 290, 291, 293, 314, 315, 316, 318, 319, 321, 327, 328, 343, 344, 345, 346, 350, 352, 353, 354, 355, 356], "summary": {"covered_lines": 69, "num_statements": 72, "percent_covered": 95.83333333333333, "percent_covered_display": "96", "missing_lines": 3, "excluded_lines": 0, "percent_statements_covered": 95.83333333333333, "percent_statements_covered_display": "96"}, "missing_lines": [334, 338, 351], "excluded_lines": [], "start_line": 164}, "": {"executed_lines": [42, 44, 45, 46, 47, 48, 49, 51, 53, 54, 55, 63, 64, 70, 71, 72, 73, 74, 75, 76, 77, 78, 80, 93, 94, 107, 108, 119, 120, 122, 123, 125, 131, 132, 141, 144, 147, 152, 164, 182, 194, 210, 227, 268, 303, 332, 336, 342, 348], "summary": {"covered_lines": 49, "num_statements": 49, "percent_covered": 100.0, "percent_covered_display": "100", "missing_lines": 0, "excluded_lines": 2, "percent_statements_covered": 100.0, "percent_statements_covered_display": "100"}, "missing_lines": [], "excluded_lines": [57, 58], "start_line": 1}}}, "src/breaking_detector.py": {"executed_lines": [], "summary": {"covered_lines": 0, "num_statements": 112, "percent_covered": 0.0, "percent_covered_display": "0", "missing_lines": 112, "excluded_lines": 0, "percent_statements_covered": 0.0, "percent_statements_covered_display": "0"}, "missing_lines": [13, 15, 16, 17, 18, 19, 21, 23, 24, 25, 27, 28, 29, 32, 45, 46, 49, 50, 51, 52, 53, 54, 55, 56, 59, 60, 61, 66, 67, 68, 71, 73, 74, 75, 76, 77, 80, 83, 84, 86, 87, 88, 89, 91, 92, 93, 94, 95, 96, 97, 98, 99, 101, 106, 108, 109, 111, 112, 114, 115, 116, 117, 119, 120, 121, 122, 124, 125, 126, 127, 128, 129, 130, 132, 133, 135, 136, 137, 139, 140, 141, 144, 146, 147, 154, 157, 163, 164, 171, 172, 177, 178, 180, 181, 183, 184, 186, 187, 189, 190, 191, 197, 201, 203, 204, 205, 206, 207, 208, 211, 212, 214], "excluded_lines": [], "functions": {"_seen_path": {"executed_lines": [], "summary": {"covered_lines": 0, "num_statements": 1, "percent_covered": 0.0, "percent_covered_display": "0", "missing_lines": 1, "excluded_lines": 0, "percent_statements_covered": 0.0, "percent_statements_covered_display": "0"}, "missing_lines": [46], "excluded_lines": [], "start_line": 45}, "_load_seen": {"executed_lines": [], "summary": {"covered_lines": 0, "num_statements": 7, "percent_covered": 0.0, "percent_covered_display": "0", "missing_lines": 7, "excluded_lines": 0, "percent_statements_covered": 0.0, "percent_statements_covered_display": "0"}, "missing_lines": [50, 51, 52, 53, 54, 55, 56], "excluded_lines": [], "start_line": 49}, "_save_seen": {"executed_lines": [], "summary": {"covered_lines": 0, "num_statements": 2, "percent_covered": 0.0, "percent_covered_display": "0", "missing_lines": 2, "excluded_lines": 0, "percent_statements_covered": 0.0, "percent_statements_covered_display": "0"}, "missing_lines": [60, 61], "excluded_lines": [], "start_line": 59}, "_is_important": {"executed_lines": [], "summary": {"covered_lines": 0, "num_statements": 2, "percent_covered": 0.0, "percent_covered_display": "0", "missing_lines": 2, "excluded_lines": 0, "percent_statements_covered": 0.0, "percent_statements_covered_display": "0"}, "missing_lines": [67, 68], "excluded_lines": [], "start_line": 66}, "_is_recent": {"executed_lines": [], "summary": {"covered_lines": 0, "num_statements": 5, "percent_covered": 0.0, "percent_covered_display": "0", "missing_lines": 5, "excluded_lines": 0, "percent_statements_covered": 0.0, "percent_statements_covered_display": "0"}, "missing_lines": [73, 74, 75, 76, 77], "excluded_lines": [], "start_line": 71}, "_circuit_breaker_ok": {"executed_lines": [], "summary": {"covered_lines": 0, "num_statements": 16, "percent_covered": 0.0, "percent_covered_display": "0", "missing_lines": 16, "excluded_lines": 0, "percent_statements_covered": 0.0, "percent_statements_covered_display": "0"}, "missing_lines": [83, 84, 86, 87, 88, 89, 91, 92, 93, 94, 95, 96, 97, 98, 99, 101], "excluded_lines": [], "start_line": 80}, "check_for_breaking": {"executed_lines": [], "summary": {"covered_lines": 0, "num_statements": 27, "percent_covered": 0.0, "percent_covered_display": "0", "missing_lines": 27, "excluded_lines": 0, "percent_statements_covered": 0.0, "percent_statements_covered_display": "0"}, "missing_lines": [108, 109, 111, 112, 114, 115, 116, 117, 119, 120, 121, 122, 124, 125, 126, 127, 128, 129, 130, 132, 133, 135, 136, 137, 139, 140, 141], "excluded_lines": [], "start_line": 106}, "mark_published": {"executed_lines": [], "summary": {"covered_lines": 0, "num_statements": 3, "percent_covered": 0.0, "percent_covered_display": "0", "missing_lines": 3, "excluded_lines": 0, "percent_statements_covered": 0.0, "percent_statements_covered_display": "0"}, "missing_lines": [146, 147, 154], "excluded_lines": [], "start_line": 144}, "mark_publish_failed": {"executed_lines": [], "summary": {"covered_lines": 0, "num_statements": 4, "percent_covered": 0.0, "percent_covered_display": "0", "missing_lines": 4, "excluded_lines": 0, "percent_statements_covered": 0.0, "percent_statements_covered_display": "0"}, "missing_lines": [163, 164, 171, 172], "excluded_lines": [], "start_line": 157}, "": {"executed_lines": [], "summary": {"covered_lines": 0, "num_statements": 45, "percent_covered": 0.0, "percent_covered_display": "0", "missing_lines": 45, "excluded_lines": 0, "percent_statements_covered": 0.0, "percent_statements_covered_display": "0"}, "missing_lines": [13, 15, 16, 17, 18, 19, 21, 23, 24, 25, 27, 28, 29, 32, 45, 49, 59, 66, 71, 80, 106, 144, 157, 177, 178, 180, 181, 183, 184, 186, 187, 189, 190, 191, 197, 201, 203, 204, 205, 206, 207, 208, 211, 212, 214], "excluded_lines": [], "start_line": 1}}, "classes": {"": {"executed_lines": [], "summary": {"covered_lines": 0, "num_statements": 112, "percent_covered": 0.0, "percent_covered_display": "0", "missing_lines": 112, "excluded_lines": 0, "percent_statements_covered": 0.0, "percent_statements_covered_display": "0"}, "missing_lines": [13, 15, 16, 17, 18, 19, 21, 23, 24, 25, 27, 28, 29, 32, 45, 46, 49, 50, 51, 52, 53, 54, 55, 56, 59, 60, 61, 66, 67, 68, 71, 73, 74, 75, 76, 77, 80, 83, 84, 86, 87, 88, 89, 91, 92, 93, 94, 95, 96, 97, 98, 99, 101, 106, 108, 109, 111, 112, 114, 115, 116, 117, 119, 120, 121, 122, 124, 125, 126, 127, 128, 129, 130, 132, 133, 135, 136, 137, 139, 140, 141, 144, 146, 147, 154, 157, 163, 164, 171, 172, 177, 178, 180, 181, 183, 184, 186, 187, 189, 190, 191, 197, 201, 203, 204, 205, 206, 207, 208, 211, 212, 214], "excluded_lines": [], "start_line": 1}}}, "src/breaking_main.py": {"executed_lines": [], "summary": {"covered_lines": 0, "num_statements": 114, "percent_covered": 0.0, "percent_covered_display": "0", "missing_lines": 114, "excluded_lines": 0, "percent_statements_covered": 0.0, "percent_statements_covered_display": "0"}, "missing_lines": [15, 17, 18, 19, 20, 21, 22, 24, 26, 27, 28, 29, 30, 31, 32, 33, 34, 35, 36, 37, 41, 43, 44, 45, 46, 47, 49, 50, 60, 62, 63, 64, 65, 66, 67, 68, 69, 70, 73, 74, 75, 76, 78, 79, 81, 84, 85, 86, 87, 90, 91, 92, 93, 99, 100, 104, 112, 115, 116, 117, 119, 120, 126, 127, 128, 129, 130, 131, 132, 133, 136, 137, 138, 139, 140, 141, 143, 144, 145, 152, 154, 155, 157, 158, 159, 160, 167, 168, 172, 180, 181, 182, 184, 192, 193, 195, 196, 198, 199, 200, 202, 203, 204, 205, 206, 208, 211, 212, 213, 215, 217, 219, 220, 221], "excluded_lines": [], "functions": {"run_breaking_pipeline": {"executed_lines": [], "summary": {"covered_lines": 0, "num_statements": 85, "percent_covered": 0.0, "percent_covered_display": "0", "missing_lines": 85, "excluded_lines": 0, "percent_statements_covered": 0.0, "percent_statements_covered_display": "0"}, "missing_lines": [43, 44, 45, 46, 47, 49, 50, 60, 62, 63, 64, 65, 66, 67, 68, 69, 70, 73, 74, 75, 76, 78, 79, 81, 84, 85, 86, 87, 90, 91, 92, 93, 99, 100, 104, 112, 115, 116, 117, 119, 120, 126, 127, 128, 129, 130, 131, 132, 133, 136, 137, 138, 139, 140, 141, 143, 144, 145, 152, 154, 155, 157, 158, 159, 160, 167, 168, 172, 180, 181, 182, 184, 192, 193, 195, 196, 198, 199, 200, 202, 203, 204, 205, 206, 208], "excluded_lines": [], "start_line": 41}, "": {"executed_lines": [], "summary": {"covered_lines": 0, "num_statements": 29, "percent_covered": 0.0, "percent_covered_display": "0", "missing_lines": 29, "excluded_lines": 0, "percent_statements_covered": 0.0, "percent_statements_covered_display": "0"}, "missing_lines": [15, 17, 18, 19, 20, 21, 22, 24, 26, 27, 28, 29, 30, 31, 32, 33, 34, 35, 36, 37, 41, 211, 212, 213, 215, 217, 219, 220, 221], "excluded_lines": [], "start_line": 1}}, "classes": {"": {"executed_lines": [], "summary": {"covered_lines": 0, "num_statements": 114, "percent_covered": 0.0, "percent_covered_display": "0", "missing_lines": 114, "excluded_lines": 0, "percent_statements_covered": 0.0, "percent_statements_covered_display": "0"}, "missing_lines": [15, 17, 18, 19, 20, 21, 22, 24, 26, 27, 28, 29, 30, 31, 32, 33, 34, 35, 36, 37, 41, 43, 44, 45, 46, 47, 49, 50, 60, 62, 63, 64, 65, 66, 67, 68, 69, 70, 73, 74, 75, 76, 78, 79, 81, 84, 85, 86, 87, 90, 91, 92, 93, 99, 100, 104, 112, 115, 116, 117, 119, 120, 126, 127, 128, 129, 130, 131, 132, 133, 136, 137, 138, 139, 140, 141, 143, 144, 145, 152, 154, 155, 157, 158, 159, 160, 167, 168, 172, 180, 181, 182, 184, 192, 193, 195, 196, 198, 199, 200, 202, 203, 204, 205, 206, 208, 211, 212, 213, 215, 217, 219, 220, 221], "excluded_lines": [], "start_line": 1}}}, "src/breaking_script_generator.py": {"executed_lines": [], "summary": {"covered_lines": 0, "num_statements": 46, "percent_covered": 0.0, "percent_covered_display": "0", "missing_lines": 46, "excluded_lines": 0, "percent_statements_covered": 0.0, "percent_statements_covered_display": "0"}, "missing_lines": [11, 13, 14, 16, 17, 19, 20, 21, 22, 23, 24, 26, 140, 222, 231, 232, 233, 234, 235, 236, 237, 238, 242, 251, 253, 254, 256, 270, 272, 273, 274, 288, 296, 297, 298, 301, 303, 304, 306, 320, 322, 323, 330, 339, 340, 341], "excluded_lines": [], "functions": {"_log_usage": {"executed_lines": [], "summary": {"covered_lines": 0, "num_statements": 8, "percent_covered": 0.0, "percent_covered_display": "0", "missing_lines": 8, "excluded_lines": 0, "percent_statements_covered": 0.0, "percent_statements_covered_display": "0"}, "missing_lines": [232, 233, 234, 235, 236, 237, 238, 242], "excluded_lines": [], "start_line": 231}, "generate_breaking_script": {"executed_lines": [], "summary": {"covered_lines": 0, "num_statements": 11, "percent_covered": 0.0, "percent_covered_display": "0", "missing_lines": 11, "excluded_lines": 0, "percent_statements_covered": 0.0, "percent_statements_covered_display": "0"}, "missing_lines": [253, 254, 256, 270, 272, 273, 274, 288, 296, 297, 298], "excluded_lines": [], "start_line": 251}, "generate_breaking_short_script": {"executed_lines": [], "summary": {"covered_lines": 0, "num_statements": 10, "percent_covered": 0.0, "percent_covered_display": "0", "missing_lines": 10, "excluded_lines": 0, "percent_statements_covered": 0.0, "percent_statements_covered_display": "0"}, "missing_lines": [303, 304, 306, 320, 322, 323, 330, 339, 340, 341], "excluded_lines": [], "start_line": 301}, "": {"executed_lines": [], "summary": {"covered_lines": 0, "num_statements": 17, "percent_covered": 0.0, "percent_covered_display": "0", "missing_lines": 17, "excluded_lines": 0, "percent_statements_covered": 0.0, "percent_statements_covered_display": "0"}, "missing_lines": [11, 13, 14, 16, 17, 19, 20, 21, 22, 23, 24, 26, 140, 222, 231, 251, 301], "excluded_lines": [], "start_line": 1}}, "classes": {"": {"executed_lines": [], "summary": {"covered_lines": 0, "num_statements": 46, "percent_covered": 0.0, "percent_covered_display": "0", "missing_lines": 46, "excluded_lines": 0, "percent_statements_covered": 0.0, "percent_statements_covered_display": "0"}, "missing_lines": [11, 13, 14, 16, 17, 19, 20, 21, 22, 23, 24, 26, 140, 222, 231, 232, 233, 234, 235, 236, 237, 238, 242, 251, 253, 254, 256, 270, 272, 273, 274, 288, 296, 297, 298, 301, 303, 304, 306, 320, 322, 323, 330, 339, 340, 341], "excluded_lines": [], "start_line": 1}}}, "src/broll_fetcher.py": {"executed_lines": [], "summary": {"covered_lines": 0, "num_statements": 152, "percent_covered": 0.0, "percent_covered_display": "0", "missing_lines": 152, "excluded_lines": 0, "percent_statements_covered": 0.0, "percent_statements_covered_display": "0"}, "missing_lines": [28, 30, 31, 32, 34, 36, 37, 38, 39, 40, 42, 43, 45, 50, 51, 52, 53, 54, 65, 68, 69, 70, 71, 72, 73, 74, 79, 80, 81, 82, 83, 93, 96, 97, 99, 100, 101, 102, 103, 108, 109, 110, 111, 112, 113, 114, 117, 119, 120, 121, 122, 124, 126, 129, 130, 131, 132, 137, 138, 141, 142, 143, 144, 145, 146, 147, 150, 151, 152, 157, 168, 169, 170, 172, 175, 176, 177, 178, 179, 180, 181, 182, 183, 188, 189, 190, 191, 196, 197, 198, 199, 202, 203, 204, 205, 206, 207, 208, 209, 210, 211, 212, 213, 214, 215, 217, 218, 222, 225, 239, 240, 242, 243, 244, 245, 246, 247, 248, 249, 250, 251, 252, 253, 254, 255, 256, 257, 258, 259, 260, 261, 263, 264, 265, 266, 267, 268, 269, 270, 271, 272, 273, 274, 275, 276, 277, 278, 279, 280, 281, 282, 284], "excluded_lines": [], "functions": {"_pexels_search": {"executed_lines": [], "summary": {"covered_lines": 0, "num_statements": 5, "percent_covered": 0.0, "percent_covered_display": "0", "missing_lines": 5, "excluded_lines": 0, "percent_statements_covered": 0.0, "percent_statements_covered_display": "0"}, "missing_lines": [51, 52, 53, 54, 65], "excluded_lines": [], "start_line": 50}, "_pexels_best_file": {"executed_lines": [], "summary": {"covered_lines": 0, "num_statements": 6, "percent_covered": 0.0, "percent_covered_display": "0", "missing_lines": 6, "excluded_lines": 0, "percent_statements_covered": 0.0, "percent_statements_covered_display": "0"}, "missing_lines": [69, 70, 71, 72, 73, 74], "excluded_lines": [], "start_line": 68}, "_pixabay_search": {"executed_lines": [], "summary": {"covered_lines": 0, "num_statements": 5, "percent_covered": 0.0, "percent_covered_display": "0", "missing_lines": 5, "excluded_lines": 0, "percent_statements_covered": 0.0, "percent_statements_covered_display": "0"}, "missing_lines": [80, 81, 82, 83, 93], "excluded_lines": [], "start_line": 79}, "_pixabay_best_url": {"executed_lines": [], "summary": {"covered_lines": 0, "num_statements": 6, "percent_covered": 0.0, "percent_covered_display": "0", "missing_lines": 6, "excluded_lines": 0, "percent_statements_covered": 0.0, "percent_statements_covered_display": "0"}, "missing_lines": [97, 99, 100, 101, 102, 103], "excluded_lines": [], "start_line": 96}, "_download": {"executed_lines": [], "summary": {"covered_lines": 0, "num_statements": 6, "percent_covered": 0.0, "percent_covered_display": "0", "missing_lines": 6, "excluded_lines": 0, "percent_statements_covered": 0.0, "percent_statements_covered_display": "0"}, "missing_lines": [109, 110, 111, 112, 113, 114], "excluded_lines": [], "start_line": 108}, "_process_clip": {"executed_lines": [], "summary": {"covered_lines": 0, "num_statements": 10, "percent_covered": 0.0, "percent_covered_display": "0", "missing_lines": 10, "excluded_lines": 0, "percent_statements_covered": 0.0, "percent_statements_covered_display": "0"}, "missing_lines": [119, 120, 121, 122, 124, 126, 129, 130, 131, 132], "excluded_lines": [], "start_line": 117}, "_credits_file": {"executed_lines": [], "summary": {"covered_lines": 0, "num_statements": 1, "percent_covered": 0.0, "percent_covered_display": "0", "missing_lines": 1, "excluded_lines": 0, "percent_statements_covered": 0.0, "percent_statements_covered_display": "0"}, "missing_lines": [138], "excluded_lines": [], "start_line": 137}, "save_pexels_credit": {"executed_lines": [], "summary": {"covered_lines": 0, "num_statements": 6, "percent_covered": 0.0, "percent_covered_display": "0", "missing_lines": 6, "excluded_lines": 0, "percent_statements_covered": 0.0, "percent_statements_covered_display": "0"}, "missing_lines": [142, 143, 144, 145, 146, 147], "excluded_lines": [], "start_line": 141}, "get_pexels_credits": {"executed_lines": [], "summary": {"covered_lines": 0, "num_statements": 2, "percent_covered": 0.0, "percent_covered_display": "0", "missing_lines": 2, "excluded_lines": 0, "percent_statements_covered": 0.0, "percent_statements_covered_display": "0"}, "missing_lines": [151, 152], "excluded_lines": [], "start_line": 150}, "fetch_broll_clip": {"executed_lines": [], "summary": {"covered_lines": 0, "num_statements": 38, "percent_covered": 0.0, "percent_covered_display": "0", "missing_lines": 38, "excluded_lines": 0, "percent_statements_covered": 0.0, "percent_statements_covered_display": "0"}, "missing_lines": [168, 169, 170, 172, 175, 176, 177, 178, 179, 180, 181, 182, 183, 188, 189, 190, 191, 196, 197, 198, 199, 202, 203, 204, 205, 206, 207, 208, 209, 210, 211, 212, 213, 214, 215, 217, 218, 222], "excluded_lines": [], "start_line": 157}, "fetch_broll_for_short": {"executed_lines": [], "summary": {"covered_lines": 0, "num_statements": 43, "percent_covered": 0.0, "percent_covered_display": "0", "missing_lines": 43, "excluded_lines": 0, "percent_statements_covered": 0.0, "percent_statements_covered_display": "0"}, "missing_lines": [239, 240, 242, 243, 244, 245, 246, 247, 248, 249, 250, 251, 252, 253, 254, 255, 256, 257, 258, 259, 260, 261, 263, 264, 265, 266, 267, 268, 269, 270, 271, 272, 273, 274, 275, 276, 277, 278, 279, 280, 281, 282, 284], "excluded_lines": [], "start_line": 225}, "": {"executed_lines": [], "summary": {"covered_lines": 0, "num_statements": 24, "percent_covered": 0.0, "percent_covered_display": "0", "missing_lines": 24, "excluded_lines": 0, "percent_statements_covered": 0.0, "percent_statements_covered_display": "0"}, "missing_lines": [28, 30, 31, 32, 34, 36, 37, 38, 39, 40, 42, 43, 45, 50, 68, 79, 96, 108, 117, 137, 141, 150, 157, 225], "excluded_lines": [], "start_line": 1}}, "classes": {"": {"executed_lines": [], "summary": {"covered_lines": 0, "num_statements": 152, "percent_covered": 0.0, "percent_covered_display": "0", "missing_lines": 152, "excluded_lines": 0, "percent_statements_covered": 0.0, "percent_statements_covered_display": "0"}, "missing_lines": [28, 30, 31, 32, 34, 36, 37, 38, 39, 40, 42, 43, 45, 50, 51, 52, 53, 54, 65, 68, 69, 70, 71, 72, 73, 74, 79, 80, 81, 82, 83, 93, 96, 97, 99, 100, 101, 102, 103, 108, 109, 110, 111, 112, 113, 114, 117, 119, 120, 121, 122, 124, 126, 129, 130, 131, 132, 137, 138, 141, 142, 143, 144, 145, 146, 147, 150, 151, 152, 157, 168, 169, 170, 172, 175, 176, 177, 178, 179, 180, 181, 182, 183, 188, 189, 190, 191, 196, 197, 198, 199, 202, 203, 204, 205, 206, 207, 208, 209, 210, 211, 212, 213, 214, 215, 217, 218, 222, 225, 239, 240, 242, 243, 244, 245, 246, 247, 248, 249, 250, 251, 252, 253, 254, 255, 256, 257, 258, 259, 260, 261, 263, 264, 265, 266, 267, 268, 269, 270, 271, 272, 273, 274, 275, 276, 277, 278, 279, 280, 281, 282, 284], "excluded_lines": [], "start_line": 1}}}, "src/budget_guard.py": {"executed_lines": [14, 16, 17, 18, 19, 22, 23, 24, 25, 26, 27, 28, 30, 31, 32, 34, 35, 36, 38, 39, 40, 42, 43, 45, 47, 48, 49, 52, 55, 61, 62, 63, 67, 69, 70, 72, 74, 75, 77, 78, 79, 80, 81, 82, 83, 84, 85, 89, 91, 92], "summary": {"covered_lines": 50, "num_statements": 50, "percent_covered": 100.0, "percent_covered_display": "100", "missing_lines": 0, "excluded_lines": 0, "percent_statements_covered": 100.0, "percent_statements_covered_display": "100"}, "missing_lines": [], "excluded_lines": [], "functions": {"BudgetStatus.day_exceeded": {"executed_lines": [32], "summary": {"covered_lines": 1, "num_statements": 1, "percent_covered": 100.0, "percent_covered_display": "100", "missing_lines": 0, "excluded_lines": 0, "percent_statements_covered": 100.0, "percent_statements_covered_display": "100"}, "missing_lines": [], "excluded_lines": [], "start_line": 31}, "BudgetStatus.month_exceeded": {"executed_lines": [36], "summary": {"covered_lines": 1, "num_statements": 1, "percent_covered": 100.0, "percent_covered_display": "100", "missing_lines": 0, "excluded_lines": 0, "percent_statements_covered": 100.0, "percent_statements_covered_display": "100"}, "missing_lines": [], "excluded_lines": [], "start_line": 35}, "BudgetStatus.any_exceeded": {"executed_lines": [40], "summary": {"covered_lines": 1, "num_statements": 1, "percent_covered": 100.0, "percent_covered_display": "100", "missing_lines": 0, "excluded_lines": 0, "percent_statements_covered": 100.0, "percent_statements_covered_display": "100"}, "missing_lines": [], "excluded_lines": [], "start_line": 39}, "BudgetStatus.day_pct": {"executed_lines": [45], "summary": {"covered_lines": 1, "num_statements": 1, "percent_covered": 100.0, "percent_covered_display": "100", "missing_lines": 0, "excluded_lines": 0, "percent_statements_covered": 100.0, "percent_statements_covered_display": "100"}, "missing_lines": [], "excluded_lines": [], "start_line": 43}, "BudgetStatus.month_pct": {"executed_lines": [49], "summary": {"covered_lines": 1, "num_statements": 1, "percent_covered": 100.0, "percent_covered_display": "100", "missing_lines": 0, "excluded_lines": 0, "percent_statements_covered": 100.0, "percent_statements_covered_display": "100"}, "missing_lines": [], "excluded_lines": [], "start_line": 48}, "BudgetGuard.__init__": {"executed_lines": [61, 62, 63], "summary": {"covered_lines": 3, "num_statements": 3, "percent_covered": 100.0, "percent_covered_display": "100", "missing_lines": 0, "excluded_lines": 0, "percent_statements_covered": 100.0, "percent_statements_covered_display": "100"}, "missing_lines": [], "excluded_lines": [], "start_line": 55}, "BudgetGuard.aggregate_day": {"executed_lines": [69, 70], "summary": {"covered_lines": 2, "num_statements": 2, "percent_covered": 100.0, "percent_covered_display": "100", "missing_lines": 0, "excluded_lines": 0, "percent_statements_covered": 100.0, "percent_statements_covered_display": "100"}, "missing_lines": [], "excluded_lines": [], "start_line": 67}, "BudgetGuard.aggregate_month": {"executed_lines": [74, 75], "summary": {"covered_lines": 2, "num_statements": 2, "percent_covered": 100.0, "percent_covered_display": "100", "missing_lines": 0, "excluded_lines": 0, "percent_statements_covered": 100.0, "percent_statements_covered_display": "100"}, "missing_lines": [], "excluded_lines": [], "start_line": 72}, "BudgetGuard._sum_reports": {"executed_lines": [78, 79, 80, 81, 82, 83, 84, 85], "summary": {"covered_lines": 8, "num_statements": 8, "percent_covered": 100.0, "percent_covered_display": "100", "missing_lines": 0, "excluded_lines": 0, "percent_statements_covered": 100.0, "percent_statements_covered_display": "100"}, "missing_lines": [], "excluded_lines": [], "start_line": 77}, "BudgetGuard.check": {"executed_lines": [91, 92], "summary": {"covered_lines": 2, "num_statements": 2, "percent_covered": 100.0, "percent_covered_display": "100", "missing_lines": 0, "excluded_lines": 0, "percent_statements_covered": 100.0, "percent_statements_covered_display": "100"}, "missing_lines": [], "excluded_lines": [], "start_line": 89}, "": {"executed_lines": [14, 16, 17, 18, 19, 22, 23, 24, 25, 26, 27, 28, 30, 31, 34, 35, 38, 39, 42, 43, 47, 48, 52, 55, 67, 72, 77, 89], "summary": {"covered_lines": 28, "num_statements": 28, "percent_covered": 100.0, "percent_covered_display": "100", "missing_lines": 0, "excluded_lines": 0, "percent_statements_covered": 100.0, "percent_statements_covered_display": "100"}, "missing_lines": [], "excluded_lines": [], "start_line": 1}}, "classes": {"BudgetStatus": {"executed_lines": [32, 36, 40, 45, 49], "summary": {"covered_lines": 5, "num_statements": 5, "percent_covered": 100.0, "percent_covered_display": "100", "missing_lines": 0, "excluded_lines": 0, "percent_statements_covered": 100.0, "percent_statements_covered_display": "100"}, "missing_lines": [], "excluded_lines": [], "start_line": 23}, "BudgetGuard": {"executed_lines": [61, 62, 63, 69, 70, 74, 75, 78, 79, 80, 81, 82, 83, 84, 85, 91, 92], "summary": {"covered_lines": 17, "num_statements": 17, "percent_covered": 100.0, "percent_covered_display": "100", "missing_lines": 0, "excluded_lines": 0, "percent_statements_covered": 100.0, "percent_statements_covered_display": "100"}, "missing_lines": [], "excluded_lines": [], "start_line": 52}, "": {"executed_lines": [14, 16, 17, 18, 19, 22, 23, 24, 25, 26, 27, 28, 30, 31, 34, 35, 38, 39, 42, 43, 47, 48, 52, 55, 67, 72, 77, 89], "summary": {"covered_lines": 28, "num_statements": 28, "percent_covered": 100.0, "percent_covered_display": "100", "missing_lines": 0, "excluded_lines": 0, "percent_statements_covered": 100.0, "percent_statements_covered_display": "100"}, "missing_lines": [], "excluded_lines": [], "start_line": 1}}}, "src/checkpoint.py": {"executed_lines": [12, 14, 15, 16, 17, 19, 22, 25, 32, 33, 34, 35, 39, 41, 43, 45, 50, 51, 53, 55, 56, 58, 60, 66, 68, 69, 70, 72, 73, 74, 78, 79, 80, 81, 82, 83, 84, 85, 86, 87, 88, 90, 91, 92, 93], "summary": {"covered_lines": 45, "num_statements": 45, "percent_covered": 100.0, "percent_covered_display": "100", "missing_lines": 0, "excluded_lines": 0, "percent_statements_covered": 100.0, "percent_statements_covered_display": "100"}, "missing_lines": [], "excluded_lines": [], "functions": {"PipelineCheckpoint.__init__": {"executed_lines": [33, 34, 35], "summary": {"covered_lines": 3, "num_statements": 3, "percent_covered": 100.0, "percent_covered_display": "100", "missing_lines": 0, "excluded_lines": 0, "percent_statements_covered": 100.0, "percent_statements_covered_display": "100"}, "missing_lines": [], "excluded_lines": [], "start_line": 32}, "PipelineCheckpoint.is_done": {"executed_lines": [41], "summary": {"covered_lines": 1, "num_statements": 1, "percent_covered": 100.0, "percent_covered_display": "100", "missing_lines": 0, "excluded_lines": 0, "percent_statements_covered": 100.0, "percent_statements_covered_display": "100"}, "missing_lines": [], "excluded_lines": [], "start_line": 39}, "PipelineCheckpoint.mark_done": {"executed_lines": [45, 50, 51], "summary": {"covered_lines": 3, "num_statements": 3, "percent_covered": 100.0, "percent_covered_display": "100", "missing_lines": 0, "excluded_lines": 0, "percent_statements_covered": 100.0, "percent_statements_covered_display": "100"}, "missing_lines": [], "excluded_lines": [], "start_line": 43}, "PipelineCheckpoint.metadata": {"executed_lines": [55, 56], "summary": {"covered_lines": 2, "num_statements": 2, "percent_covered": 100.0, "percent_covered_display": "100", "missing_lines": 0, "excluded_lines": 0, "percent_statements_covered": 100.0, "percent_statements_covered_display": "100"}, "missing_lines": [], "excluded_lines": [], "start_line": 53}, "PipelineCheckpoint.completed_steps": {"executed_lines": [60], "summary": {"covered_lines": 1, "num_statements": 1, "percent_covered": 100.0, "percent_covered_display": "100", "missing_lines": 0, "excluded_lines": 0, "percent_statements_covered": 100.0, "percent_statements_covered_display": "100"}, "missing_lines": [], "excluded_lines": [], "start_line": 58}, "PipelineCheckpoint.reset": {"executed_lines": [68, 69, 70, 72, 73, 74], "summary": {"covered_lines": 6, "num_statements": 6, "percent_covered": 100.0, "percent_covered_display": "100", "missing_lines": 0, "excluded_lines": 0, "percent_statements_covered": 100.0, "percent_statements_covered_display": "100"}, "missing_lines": [], "excluded_lines": [], "start_line": 66}, "PipelineCheckpoint._load": {"executed_lines": [79, 80, 81, 82, 83, 84, 85, 86, 87, 88], "summary": {"covered_lines": 10, "num_statements": 10, "percent_covered": 100.0, "percent_covered_display": "100", "missing_lines": 0, "excluded_lines": 0, "percent_statements_covered": 100.0, "percent_statements_covered_display": "100"}, "missing_lines": [], "excluded_lines": [], "start_line": 78}, "PipelineCheckpoint._save": {"executed_lines": [91, 92, 93], "summary": {"covered_lines": 3, "num_statements": 3, "percent_covered": 100.0, "percent_covered_display": "100", "missing_lines": 0, "excluded_lines": 0, "percent_statements_covered": 100.0, "percent_statements_covered_display": "100"}, "missing_lines": [], "excluded_lines": [], "start_line": 90}, "": {"executed_lines": [12, 14, 15, 16, 17, 19, 22, 25, 32, 39, 43, 53, 58, 66, 78, 90], "summary": {"covered_lines": 16, "num_statements": 16, "percent_covered": 100.0, "percent_covered_display": "100", "missing_lines": 0, "excluded_lines": 0, "percent_statements_covered": 100.0, "percent_statements_covered_display": "100"}, "missing_lines": [], "excluded_lines": [], "start_line": 1}}, "classes": {"PipelineCheckpoint": {"executed_lines": [33, 34, 35, 41, 45, 50, 51, 55, 56, 60, 68, 69, 70, 72, 73, 74, 79, 80, 81, 82, 83, 84, 85, 86, 87, 88, 91, 92, 93], "summary": {"covered_lines": 29, "num_statements": 29, "percent_covered": 100.0, "percent_covered_display": "100", "missing_lines": 0, "excluded_lines": 0, "percent_statements_covered": 100.0, "percent_statements_covered_display": "100"}, "missing_lines": [], "excluded_lines": [], "start_line": 25}, "": {"executed_lines": [12, 14, 15, 16, 17, 19, 22, 25, 32, 39, 43, 53, 58, 66, 78, 90], "summary": {"covered_lines": 16, "num_statements": 16, "percent_covered": 100.0, "percent_covered_display": "100", "missing_lines": 0, "excluded_lines": 0, "percent_statements_covered": 100.0, "percent_statements_covered_display": "100"}, "missing_lines": [], "excluded_lines": [], "start_line": 1}}}, "src/circuit_breaker.py": {"executed_lines": [23, 25, 26, 27, 28, 29, 31, 36, 43, 44, 45, 46, 54, 55, 56, 57, 62, 74, 82, 83, 84, 85, 86, 88, 89, 90, 91, 92, 93, 97, 98, 99, 100, 102, 103, 104, 105, 109, 111, 115, 116, 117, 118, 120, 121, 122, 123, 124, 125, 126, 127, 128, 129, 131, 132, 133, 134, 135, 136, 140, 142, 143, 144, 145, 149, 150, 151, 152, 154, 155, 156, 157, 158, 159, 161, 162, 163, 165, 167, 168, 169, 170, 172, 174, 175, 176, 177, 178, 179, 181, 182, 191, 197, 203], "summary": {"covered_lines": 94, "num_statements": 94, "percent_covered": 100.0, "percent_covered_display": "100", "missing_lines": 0, "excluded_lines": 1, "percent_statements_covered": 100.0, "percent_statements_covered_display": "100"}, "missing_lines": [], "excluded_lines": [1], "functions": {"CircuitOpenError.__init__": {"executed_lines": [44, 45, 46], "summary": {"covered_lines": 3, "num_statements": 3, "percent_covered": 100.0, "percent_covered_display": "100", "missing_lines": 0, "excluded_lines": 0, "percent_statements_covered": 100.0, "percent_statements_covered_display": "100"}, "missing_lines": [], "excluded_lines": [], "start_line": 43}, "CircuitBreaker.__init__": {"executed_lines": [82, 83, 84, 85, 86, 88, 89, 90, 91, 92, 93], "summary": {"covered_lines": 11, "num_statements": 11, "percent_covered": 100.0, "percent_covered_display": "100", "missing_lines": 0, "excluded_lines": 0, "percent_statements_covered": 100.0, "percent_statements_covered_display": "100"}, "missing_lines": [], "excluded_lines": [], "start_line": 74}, "CircuitBreaker.state": {"executed_lines": [99, 100], "summary": {"covered_lines": 2, "num_statements": 2, "percent_covered": 100.0, "percent_covered_display": "100", "missing_lines": 0, "excluded_lines": 0, "percent_statements_covered": 100.0, "percent_statements_covered_display": "100"}, "missing_lines": [], "excluded_lines": [], "start_line": 98}, "CircuitBreaker.failure_count": {"executed_lines": [104, 105], "summary": {"covered_lines": 2, "num_statements": 2, "percent_covered": 100.0, "percent_covered_display": "100", "missing_lines": 0, "excluded_lines": 0, "percent_statements_covered": 100.0, "percent_statements_covered_display": "100"}, "missing_lines": [], "excluded_lines": [], "start_line": 103}, "CircuitBreaker._effective_state": {"executed_lines": [111, 115, 116, 117, 118], "summary": {"covered_lines": 5, "num_statements": 5, "percent_covered": 100.0, "percent_covered_display": "100", "missing_lines": 0, "excluded_lines": 0, "percent_statements_covered": 100.0, "percent_statements_covered_display": "100"}, "missing_lines": [], "excluded_lines": [], "start_line": 109}, "CircuitBreaker._record_success": {"executed_lines": [121, 122, 123, 124, 125, 126, 127, 128, 129], "summary": {"covered_lines": 9, "num_statements": 9, "percent_covered": 100.0, "percent_covered_display": "100", "missing_lines": 0, "excluded_lines": 0, "percent_statements_covered": 100.0, "percent_statements_covered_display": "100"}, "missing_lines": [], "excluded_lines": [], "start_line": 120}, "CircuitBreaker._record_failure": {"executed_lines": [132, 133, 134, 135, 136], "summary": {"covered_lines": 5, "num_statements": 5, "percent_covered": 100.0, "percent_covered_display": "100", "missing_lines": 0, "excluded_lines": 0, "percent_statements_covered": 100.0, "percent_statements_covered_display": "100"}, "missing_lines": [], "excluded_lines": [], "start_line": 131}, "CircuitBreaker.call": {"executed_lines": [142, 143, 144, 145, 149, 150, 151, 152, 154, 155, 156, 157, 158, 159, 161, 162, 163], "summary": {"covered_lines": 17, "num_statements": 17, "percent_covered": 100.0, "percent_covered_display": "100", "missing_lines": 0, "excluded_lines": 0, "percent_statements_covered": 100.0, "percent_statements_covered_display": "100"}, "missing_lines": [], "excluded_lines": [], "start_line": 140}, "CircuitBreaker.__call__": {"executed_lines": [167, 168, 170], "summary": {"covered_lines": 3, "num_statements": 3, "percent_covered": 100.0, "percent_covered_display": "100", "missing_lines": 0, "excluded_lines": 0, "percent_statements_covered": 100.0, "percent_statements_covered_display": "100"}, "missing_lines": [], "excluded_lines": [], "start_line": 165}, "CircuitBreaker.__call__.wrapper": {"executed_lines": [169], "summary": {"covered_lines": 1, "num_statements": 1, "percent_covered": 100.0, "percent_covered_display": "100", "missing_lines": 0, "excluded_lines": 0, "percent_statements_covered": 100.0, "percent_statements_covered_display": "100"}, "missing_lines": [], "excluded_lines": [], "start_line": 168}, "CircuitBreaker.reset": {"executed_lines": [174, 175, 176, 177, 178, 179], "summary": {"covered_lines": 6, "num_statements": 6, "percent_covered": 100.0, "percent_covered_display": "100", "missing_lines": 0, "excluded_lines": 0, "percent_statements_covered": 100.0, "percent_statements_covered_display": "100"}, "missing_lines": [], "excluded_lines": [], "start_line": 172}, "CircuitBreaker.__repr__": {"executed_lines": [182], "summary": {"covered_lines": 1, "num_statements": 1, "percent_covered": 100.0, "percent_covered_display": "100", "missing_lines": 0, "excluded_lines": 0, "percent_statements_covered": 100.0, "percent_statements_covered_display": "100"}, "missing_lines": [], "excluded_lines": [], "start_line": 181}, "": {"executed_lines": [23, 25, 26, 27, 28, 29, 31, 36, 43, 54, 55, 56, 57, 62, 74, 97, 98, 102, 103, 109, 120, 131, 140, 165, 172, 181, 191, 197, 203], "summary": {"covered_lines": 29, "num_statements": 29, "percent_covered": 100.0, "percent_covered_display": "100", "missing_lines": 0, "excluded_lines": 1, "percent_statements_covered": 100.0, "percent_statements_covered_display": "100"}, "missing_lines": [], "excluded_lines": [1], "start_line": 1}}, "classes": {"CircuitOpenError": {"executed_lines": [44, 45, 46], "summary": {"covered_lines": 3, "num_statements": 3, "percent_covered": 100.0, "percent_covered_display": "100", "missing_lines": 0, "excluded_lines": 0, "percent_statements_covered": 100.0, "percent_statements_covered_display": "100"}, "missing_lines": [], "excluded_lines": [], "start_line": 36}, "CircuitState": {"executed_lines": [], "summary": {"covered_lines": 0, "num_statements": 0, "percent_covered": 100.0, "percent_covered_display": "100", "missing_lines": 0, "excluded_lines": 0, "percent_statements_covered": 100.0, "percent_statements_covered_display": "100"}, "missing_lines": [], "excluded_lines": [], "start_line": 54}, "CircuitBreaker": {"executed_lines": [82, 83, 84, 85, 86, 88, 89, 90, 91, 92, 93, 99, 100, 104, 105, 111, 115, 116, 117, 118, 121, 122, 123, 124, 125, 126, 127, 128, 129, 132, 133, 134, 135, 136, 142, 143, 144, 145, 149, 150, 151, 152, 154, 155, 156, 157, 158, 159, 161, 162, 163, 167, 168, 169, 170, 174, 175, 176, 177, 178, 179, 182], "summary": {"covered_lines": 62, "num_statements": 62, "percent_covered": 100.0, "percent_covered_display": "
[...]
 0, "num_statements": 1, "percent_covered": 0.0, "percent_covered_display": "0", "missing_lines": 1, "excluded_lines": 0, "percent_statements_covered": 0.0, "percent_statements_covered_display": "0"}, "missing_lines": [63], "excluded_lines": [], "start_line": 62}, "_tts_short": {"executed_lines": [], "summary": {"covered_lines": 0, "num_statements": 7, "percent_covered": 0.0, "percent_covered_display": "0", "missing_lines": 7, "excluded_lines": 0, "percent_statements_covered": 0.0, "percent_statements_covered_display": "0"}, "missing_lines": [84, 85, 86, 87, 88, 89, 90], "excluded_lines": [], "start_line": 77}, "_build_scene_short": {"executed_lines": [], "summary": {"covered_lines": 0, "num_statements": 34, "percent_covered": 0.0, "percent_covered_display": "0", "missing_lines": 34, "excluded_lines": 0, "percent_statements_covered": 0.0, "percent_statements_covered_display": "0"}, "missing_lines": [102, 103, 106, 107, 108, 112, 115, 116, 117, 119, 120, 123, 124, 127, 128, 129, 130, 131, 132, 133, 134, 135, 136, 139, 140, 145, 146, 149, 150, 151, 156, 157, 159, 160], "excluded_lines": [], "start_line": 95}, "build_tutorial_shorts": {"executed_lines": [], "summary": {"covered_lines": 0, "num_statements": 32, "percent_covered": 0.0, "percent_covered_display": "0", "missing_lines": 32, "excluded_lines": 0, "percent_statements_covered": 0.0, "percent_statements_covered_display": "0"}, "missing_lines": [177, 178, 179, 180, 182, 183, 185, 186, 187, 188, 189, 191, 192, 194, 195, 196, 198, 199, 200, 201, 204, 205, 206, 207, 209, 211, 212, 213, 214, 215, 217, 218], "excluded_lines": [], "start_line": 165}, "": {"executed_lines": [], "summary": {"covered_lines": 0, "num_statements": 20, "percent_covered": 0.0, "percent_covered_display": "0", "missing_lines": 20, "excluded_lines": 0, "percent_statements_covered": 0.0, "percent_statements_covered_display": "0"}, "missing_lines": [11, 13, 14, 16, 17, 18, 19, 21, 22, 23, 24, 26, 27, 32, 49, 56, 62, 77, 95, 165], "excluded_lines": [], "start_line": 1}}, "classes": {"": {"executed_lines": [], "summary": {"covered_lines": 0, "num_statements": 109, "percent_covered": 0.0, "percent_covered_display": "0", "missing_lines": 109, "excluded_lines": 0, "percent_statements_covered": 0.0, "percent_statements_covered_display": "0"}, "missing_lines": [11, 13, 14, 16, 17, 18, 19, 21, 22, 23, 24, 26, 27, 32, 34, 35, 36, 37, 38, 39, 40, 41, 42, 43, 44, 49, 50, 51, 52, 53, 56, 62, 63, 77, 84, 85, 86, 87, 88, 89, 90, 95, 102, 103, 106, 107, 108, 112, 115, 116, 117, 119, 120, 123, 124, 127, 128, 129, 130, 131, 132, 133, 134, 135, 136, 139, 140, 145, 146, 149, 150, 151, 156, 157, 159, 160, 165, 177, 178, 179, 180, 182, 183, 185, 186, 187, 188, 189, 191, 192, 194, 195, 196, 198, 199, 200, 201, 204, 205, 206, 207, 209, 211, 212, 213, 214, 215, 217, 218], "excluded_lines": [], "start_line": 1}}}, "src/youtube_analytics.py": {"executed_lines": [2, 3, 4, 6, 9, 31, 63], "summary": {"covered_lines": 7, "num_statements": 32, "percent_covered": 21.875, "percent_covered_display": "22", "missing_lines": 25, "excluded_lines": 0, "percent_statements_covered": 21.875, "percent_statements_covered_display": "22"}, "missing_lines": [11, 13, 16, 17, 18, 19, 20, 21, 22, 23, 24, 25, 27, 28, 40, 42, 51, 53, 54, 56, 72, 74, 83, 85, 87], "excluded_lines": [], "functions": {"get_analytics_service": {"executed_lines": [], "summary": {"covered_lines": 0, "num_statements": 14, "percent_covered": 0.0, "percent_covered_display": "0", "missing_lines": 14, "excluded_lines": 0, "percent_statements_covered": 0.0, "percent_statements_covered_display": "0"}, "missing_lines": [11, 13, 16, 17, 18, 19, 20, 21, 22, 23, 24, 25, 27, 28], "excluded_lines": [], "start_line": 9}, "get_video_metrics": {"executed_lines": [], "summary": {"covered_lines": 0, "num_statements": 6, "percent_covered": 0.0, "percent_covered_display": "0", "missing_lines": 6, "excluded_lines": 0, "percent_statements_covered": 0.0, "percent_statements_covered_display": "0"}, "missing_lines": [40, 42, 51, 53, 54, 56], "excluded_lines": [], "start_line": 31}, "get_retention_curve": {"executed_lines": [], "summary": {"covered_lines": 0, "num_statements": 5, "percent_covered": 0.0, "percent_covered_display": "0", "missing_lines": 5, "excluded_lines": 0, "percent_statements_covered": 0.0, "percent_statements_covered_display": "0"}, "missing_lines": [72, 74, 83, 85, 87], "excluded_lines": [], "start_line": 63}, "": {"executed_lines": [2, 3, 4, 6, 9, 31, 63], "summary": {"covered_lines": 7, "num_statements": 7, "percent_covered": 100.0, "percent_covered_display": "100", "missing_lines": 0, "excluded_lines": 0, "percent_statements_covered": 100.0, "percent_statements_covered_display": "100"}, "missing_lines": [], "excluded_lines": [], "start_line": 1}}, "classes": {"": {"executed_lines": [2, 3, 4, 6, 9, 31, 63], "summary": {"covered_lines": 7, "num_statements": 32, "percent_covered": 21.875, "percent_covered_display": "22", "missing_lines": 25, "excluded_lines": 0, "percent_statements_covered": 21.875, "percent_statements_covered_display": "22"}, "missing_lines": [11, 13, 16, 17, 18, 19, 20, 21, 22, 23, 24, 25, 27, 28, 40, 42, 51, 53, 54, 56, 72, 74, 83, 85, 87], "excluded_lines": [], "start_line": 1}}}, "src/youtube_quota_guard.py": {"executed_lines": [16, 18, 19, 20, 21, 25, 32, 35, 38, 41, 46, 47, 48, 52, 53, 54, 55, 56, 58, 59, 60, 61, 62, 68, 69, 70, 72, 74, 76, 78, 80, 82, 83, 85, 87, 88, 89, 90, 91, 92, 93, 94, 95, 97, 99, 100, 101, 102, 104, 106, 110, 111, 117, 118, 119, 120, 121, 122, 123, 127, 128, 129], "summary": {"covered_lines": 62, "num_statements": 64, "percent_covered": 96.875, "percent_covered_display": "97", "missing_lines": 2, "excluded_lines": 1, "percent_statements_covered": 96.875, "percent_statements_covered_display": "97"}, "missing_lines": [63, 64], "excluded_lines": [1], "functions": {"YouTubeQuotaGuard.__init__": {"executed_lines": [46, 47, 48], "summary": {"covered_lines": 3, "num_statements": 3, "percent_covered": 100.0, "percent_covered_display": "100", "missing_lines": 0, "excluded_lines": 0, "percent_statements_covered": 100.0, "percent_statements_covered_display": "100"}, "missing_lines": [], "excluded_lines": [], "start_line": 41}, "YouTubeQuotaGuard._load": {"executed_lines": [53, 54, 55, 56], "summary": {"covered_lines": 4, "num_statements": 4, "percent_covered": 100.0, "percent_covered_display": "100", "missing_lines": 0, "excluded_lines": 0, "percent_statements_covered": 100.0, "percent_statements_covered_display": "100"}, "missing_lines": [], "excluded_lines": [], "start_line": 52}, "YouTubeQuotaGuard._save": {"executed_lines": [59, 60, 61, 62], "summary": {"covered_lines": 4, "num_statements": 6, "percent_covered": 66.66666666666667, "percent_covered_display": "67", "missing_lines": 2, "excluded_lines": 0, "percent_statements_covered": 66.66666666666667, "percent_statements_covered_display": "67"}, "missing_lines": [63, 64], "excluded_lines": [], "start_line": 58}, "YouTubeQuotaGuard._today": {"executed_lines": [70], "summary": {"covered_lines": 1, "num_statements": 1, "percent_covered": 100.0, "percent_covered_display": "100", "missing_lines": 0, "excluded_lines": 0, "percent_statements_covered": 100.0, "percent_statements_covered_display": "100"}, "missing_lines": [], "excluded_lines": [], "start_line": 69}, "YouTubeQuotaGuard.used_today": {"executed_lines": [74], "summary": {"covered_lines": 1, "num_statements": 1, "percent_covered": 100.0, "percent_covered_display": "100", "missing_lines": 0, "excluded_lines": 0, "percent_statements_covered": 100.0, "percent_statements_covered_display": "100"}, "missing_lines": [], "excluded_lines": [], "start_line": 72}, "YouTubeQuotaGuard.remaining": {"executed_lines": [78], "summary": {"covered_lines": 1, "num_statements": 1, "percent_covered": 100.0, "percent_covered_display": "100", "missing_lines": 0, "excluded_lines": 0, "percent_statements_covered": 100.0, "percent_statements_covered_display": "100"}, "missing_lines": [], "excluded_lines": [], "start_line": 76}, "YouTubeQuotaGuard.can_afford": {"executed_lines": [82, 83], "summary": {"covered_lines": 2, "num_statements": 2, "percent_covered": 100.0, "percent_covered_display": "100", "missing_lines": 0, "excluded_lines": 0, "percent_statements_covered": 100.0, "percent_statements_covered_display": "100"}, "missing_lines": [], "excluded_lines": [], "start_line": 80}, "YouTubeQuotaGuard.charge": {"executed_lines": [87, 88, 89, 90, 91, 92, 93, 94, 95], "summary": {"covered_lines": 9, "num_statements": 9, "percent_covered": 100.0, "percent_covered_display": "100", "missing_lines": 0, "excluded_lines": 0, "percent_statements_covered": 100.0, "percent_statements_covered_display": "100"}, "missing_lines": [], "excluded_lines": [], "start_line": 85}, "YouTubeQuotaGuard.mark_exhausted": {"executed_lines": [99, 100, 101, 102], "summary": {"covered_lines": 4, "num_statements": 4, "percent_covered": 100.0, "percent_covered_display": "100", "missing_lines": 0, "excluded_lines": 0, "percent_statements_covered": 100.0, "percent_statements_covered_display": "100"}, "missing_lines": [], "excluded_lines": [], "start_line": 97}, "YouTubeQuotaGuard.near_limit": {"executed_lines": [106], "summary": {"covered_lines": 1, "num_statements": 1, "percent_covered": 100.0, "percent_covered_display": "100", "missing_lines": 0, "excluded_lines": 0, "percent_statements_covered": 100.0, "percent_statements_covered_display": "100"}, "missing_lines": [], "excluded_lines": [], "start_line": 104}, "YouTubeQuotaGuard.is_quota_error": {"executed_lines": [117, 118, 119, 120, 121, 122, 123, 127, 128, 129], "summary": {"covered_lines": 10, "num_statements": 10, "percent_covered": 100.0, "percent_covered_display": "100", "missing_lines": 0, "excluded_lines": 0, "percent_statements_covered": 100.0, "percent_statements_covered_display": "100"}, "missing_lines": [], "excluded_lines": [], "start_line": 111}, "": {"executed_lines": [16, 18, 19, 20, 21, 25, 32, 35, 38, 41, 52, 58, 68, 69, 72, 76, 80, 85, 97, 104, 110, 111], "summary": {"covered_lines": 22, "num_statements": 22, "percent_covered": 100.0, "percent_covered_display": "100", "missing_lines": 0, "excluded_lines": 1, "percent_statements_covered": 100.0, "percent_statements_covered_display": "100"}, "missing_lines": [], "excluded_lines": [1], "start_line": 1}}, "classes": {"YouTubeQuotaGuard": {"executed_lines": [46, 47, 48, 53, 54, 55, 56, 59, 60, 61, 62, 70, 74, 78, 82, 83, 87, 88, 89, 90, 91, 92, 93, 94, 95, 99, 100, 101, 102, 106, 117, 118, 119, 120, 121, 122, 123, 127, 128, 129], "summary": {"covered_lines": 40, "num_statements": 42, "percent_covered": 95.23809523809524, "percent_covered_display": "95", "missing_lines": 2, "excluded_lines": 0, "percent_statements_covered": 95.23809523809524, "percent_statements_covered_display": "95"}, "missing_lines": [63, 64], "excluded_lines": [], "start_line": 38}, "": {"executed_lines": [16, 18, 19, 20, 21, 25, 32, 35, 38, 41, 52, 58, 68, 69, 72, 76, 80, 85, 97, 104, 110, 111], "summary": {"covered_lines": 22, "num_statements": 22, "percent_covered": 100.0, "percent_covered_display": "100", "missing_lines": 0, "excluded_lines": 1, "percent_statements_covered": 100.0, "percent_statements_covered_display": "100"}, "missing_lines": [], "excluded_lines": [1], "start_line": 1}}}, "src/youtube_uploader.py": {"executed_lines": [6, 8, 9, 10, 11, 12, 13, 14, 16, 17, 18, 19, 20, 21, 22, 23, 25, 26, 27, 28, 29, 30, 31, 34, 42, 51, 53, 54, 58, 59, 60, 61, 62, 65, 70, 71, 74, 75, 76, 77, 78, 79, 85, 86, 87, 88, 94, 121, 173, 176, 189, 190, 193, 200, 203, 204, 205, 206, 207, 208, 212, 213, 214, 216, 217, 218, 220, 221, 222, 223, 224, 227, 228, 233, 234, 235, 236, 238, 239, 240, 241, 242, 243, 246, 247, 248, 249, 252, 254, 255, 256, 257, 258, 259, 260, 261, 262, 266, 267, 269, 270, 271, 272, 273, 274, 275, 278, 280, 281, 286, 287, 300, 301, 303, 311, 312, 314, 317, 318, 319, 320, 321, 323, 339, 340, 346, 347, 348, 349, 350, 353, 366, 388, 414, 456, 458, 459, 461, 462, 463, 464, 465, 466, 467, 470, 523, 540], "summary": {"covered_lines": 147, "num_statements": 253, "percent_covered": 58.10276679841897, "percent_covered_display": "58", "missing_lines": 106, "excluded_lines": 0, "percent_statements_covered": 58.10276679841897, "percent_statements_covered_display": "58"}, "missing_lines": [81, 82, 83, 91, 92, 95, 96, 97, 98, 99, 104, 105, 110, 115, 116, 117, 118, 119, 122, 123, 127, 129, 130, 132, 134, 139, 142, 143, 144, 145, 146, 156, 161, 163, 164, 165, 166, 171, 172, 180, 304, 305, 309, 351, 352, 355, 356, 357, 361, 362, 363, 375, 376, 377, 396, 397, 398, 399, 401, 402, 403, 404, 405, 406, 407, 408, 409, 411, 427, 428, 429, 430, 432, 433, 434, 435, 436, 448, 449, 450, 451, 452, 453, 486, 487, 489, 490, 499, 500, 502, 503, 509, 510, 518, 524, 525, 526, 527, 529, 531, 532, 533, 534, 536, 537, 541], "excluded_lines": [], "functions": {"_migrate_pickle": {"executed_lines": [53, 54, 58, 59, 60, 61, 62], "summary": {"covered_lines": 7, "num_statements": 7, "percent_covered": 100.0, "percent_covered_display": "100", "missing_lines": 0, "excluded_lines": 0, "percent_statements_covered": 100.0, "percent_statements_covered_display": "100"}, "missing_lines": [], "excluded_lines": [], "start_line": 51}, "_get_creds": {"executed_lines": [70, 71, 74, 75, 76, 77, 78, 79, 85, 86, 87, 88, 94, 121, 173], "summary": {"covered_lines": 15, "num_statements": 54, "percent_covered": 27.77777777777778, "percent_covered_display": "28", "missing_lines": 39, "excluded_lines": 0, "percent_statements_covered": 27.77777777777778, "percent_statements_covered_display": "28"}, "missing_lines": [81, 82, 83, 91, 92, 95, 96, 97, 98, 99, 104, 105, 110, 115, 116, 117, 118, 119, 122, 123, 127, 129, 130, 132, 134, 139, 142, 143, 144, 145, 146, 156, 161, 163, 164, 165, 166, 171, 172], "excluded_lines": [], "start_line": 65}, "_youtube_client": {"executed_lines": [], "summary": {"covered_lines": 0, "num_statements": 1, "percent_covered": 0.0, "percent_covered_display": "0", "missing_lines": 1, "excluded_lines": 0, "percent_statements_covered": 0.0, "percent_statements_covered_display": "0"}, "missing_lines": [180], "excluded_lines": [], "start_line": 176}, "_upload_with_retry": {"executed_lines": [200, 203, 204, 205, 206, 207, 208, 212, 213, 214, 216, 217, 218, 220, 221, 222, 223, 224, 227, 228, 233, 234, 235, 236, 238, 239, 240, 241, 242, 243, 246, 247, 248, 249, 252, 254, 255, 256, 257, 258, 259, 260, 261, 262, 266, 267, 269, 270, 271, 272, 273, 274, 275, 278, 280, 281], "summary": {"covered_lines": 56, "num_statements": 56, "percent_covered": 100.0, "percent_covered_display": "100", "missing_lines": 0, "excluded_lines": 0, "percent_statements_covered": 100.0, "percent_statements_covered_display": "100"}, "missing_lines": [], "excluded_lines": [], "start_line": 193}, "upload_video": {"executed_lines": [300, 301, 303, 311, 312, 314, 317, 318, 319, 320, 321, 323, 339, 340, 346, 347, 348, 349, 350, 353], "summary": {"covered_lines": 20, "num_statements": 31, "percent_covered": 64.51612903225806, "percent_covered_display": "65", "missing_lines": 11, "excluded_lines": 0, "percent_statements_covered": 64.51612903225806, "percent_statements_covered_display": "65"}, "missing_lines": [304, 305, 309, 351, 352, 355, 356, 357, 361, 362, 363], "excluded_lines": [], "start_line": 287}, "upload_short": {"executed_lines": [], "summary": {"covered_lines": 0, "num_statements": 3, "percent_covered": 0.0, "percent_covered_display": "0", "missing_lines": 3, "excluded_lines": 0, "percent_statements_covered": 0.0, "percent_statements_covered_display": "0"}, "missing_lines": [375, 376, 377], "excluded_lines": [], "start_line": 366}, "set_thumbnail": {"executed_lines": [], "summary": {"covered_lines": 0, "num_statements": 14, "percent_covered": 0.0, "percent_covered_display": "0", "missing_lines": 14, "excluded_lines": 0, "percent_statements_covered": 0.0, "percent_statements_covered_display": "0"}, "missing_lines": [396, 397, 398, 399, 401, 402, 403, 404, 405, 406, 407, 408, 409, 411], "excluded_lines": [], "start_line": 388}, "upload_captions": {"executed_lines": [], "summary": {"covered_lines": 0, "num_statements": 15, "percent_covered": 0.0, "percent_covered_display": "0", "missing_lines": 15, "excluded_lines": 0, "percent_statements_covered": 0.0, "percent_statements_covered_display": "0"}, "missing_lines": [427, 428, 429, 430, 432, 433, 434, 435, 436, 448, 449, 450, 451, 452, 453], "excluded_lines": [], "start_line": 414}, "_fill_timestamps": {"executed_lines": [458, 459, 461, 462, 463, 464, 465, 466, 467], "summary": {"covered_lines": 9, "num_statements": 9, "percent_covered": 100.0, "percent_covered_display": "100", "missing_lines": 0, "excluded_lines": 0, "percent_statements_covered": 100.0, "percent_statements_covered_display": "100"}, "missing_lines": [], "excluded_lines": [], "start_line": 456}, "publish_episode": {"executed_lines": [], "summary": {"covered_lines": 0, "num_statements": 11, "percent_covered": 0.0, "percent_covered_display": "0", "missing_lines": 11, "excluded_lines": 0, "percent_statements_covered": 0.0, "percent_statements_covered_display": "0"}, "missing_lines": [486, 487, 489, 490, 499, 500, 502, 503, 509, 510, 518], "excluded_lines": [], "start_line": 470}, "main": {"executed_lines": [], "summary": {"covered_lines": 0, "num_statements": 11, "percent_covered": 0.0, "percent_covered_display": "0", "missing_lines": 11, "excluded_lines": 0, "percent_statements_covered": 0.0, "percent_statements_covered_display": "0"}, "missing_lines": [524, 525, 526, 527, 529, 531, 532, 533, 534, 536, 537], "excluded_lines": [], "start_line": 523}, "": {"executed_lines": [6, 8, 9, 10, 11, 12, 13, 14, 16, 17, 18, 19, 20, 21, 22, 23, 25, 26, 27, 28, 29, 30, 31, 34, 42, 51, 65, 176, 189, 190, 193, 286, 287, 366, 388, 414, 456, 470, 523, 540], "summary": {"covered_lines": 40, "num_statements": 41, "percent_covered": 97.5609756097561, "percent_covered_display": "98", "missing_lines": 1, "excluded_lines": 0, "percent_statements_covered": 97.5609756097561, "percent_statements_covered_display": "98"}, "missing_lines": [541], "excluded_lines": [], "start_line": 1}}, "classes": {"": {"executed_lines": [6, 8, 9, 10, 11, 12, 13, 14, 16, 17, 18, 19, 20, 21, 22, 23, 25, 26, 27, 28, 29, 30, 31, 34, 42, 51, 53, 54, 58, 59, 60, 61, 62, 65, 70, 71, 74, 75, 76, 77, 78, 79, 85, 86, 87, 88, 94, 121, 173, 176, 189, 190, 193, 200, 203, 204, 205, 206, 207, 208, 212, 213, 214, 216, 217, 218, 220, 221, 222, 223, 224, 227, 228, 233, 234, 235, 236, 238, 239, 240, 241, 242, 243, 246, 247, 248, 249, 252, 254, 255, 256, 257, 258, 259, 260, 261, 262, 266, 267, 269, 270, 271, 272, 273, 274, 275, 278, 280, 281, 286, 287, 300, 301, 303, 311, 312, 314, 317, 318, 319, 320, 321, 323, 339, 340, 346, 347, 348, 349, 350, 353, 366, 388, 414, 456, 458, 459, 461, 462, 463, 464, 465, 466, 467, 470, 523, 540], "summary": {"covered_lines": 147, "num_statements": 253, "percent_covered": 58.10276679841897, "percent_covered_display": "58", "missing_lines": 106, "excluded_lines": 0, "percent_statements_covered": 58.10276679841897, "percent_statements_covered_display": "58"}, "missing_lines": [81, 82, 83, 91, 92, 95, 96, 97, 98, 99, 104, 105, 110, 115, 116, 117, 118, 119, 122, 123, 127, 129, 130, 132, 134, 139, 142, 143, 144, 145, 146, 156, 161, 163, 164, 165, 166, 171, 172, 180, 304, 305, 309, 351, 352, 355, 356, 357, 361, 362, 363, 375, 376, 377, 396, 397, 398, 399, 401, 402, 403, 404, 405, 406, 407, 408, 409, 411, 427, 428, 429, 430, 432, 433, 434, 435, 436, 448, 449, 450, 451, 452, 453, 486, 487, 489, 490, 499, 500, 502, 503, 509, 510, 518, 524, 525, 526, 527, 529, 531, 532, 533, 534, 536, 537, 541], "excluded_lines": [], "start_line": 1}}}}, "totals": {"covered_lines": 6714, "num_statements": 12596, "percent_covered": 53.3026357573833, "percent_covered_display": "53", "missing_lines": 5882, "excluded_lines": 17, "percent_statements_covered": 53.3026357573833, "percent_statements_covered_display": "53"}}