{"meta": {"format": 3, "version": "7.14.0", "timestamp": "2026-05-18T18:24:39.108400", "branch_coverage": false, "show_contexts": false}, "files": {"src/__init__.py": {"executed_lines": [], "summary": {"covered_lines": 0, "num_statements": 0, "percent_covered": 100.0, "percent_covered_display": "100", "missing_lines": 0, "excluded_lines": 0, "percent_statements_covered": 100.0, "percent_statements_covered_display": "100"}, "missing_lines": [], "excluded_lines": [], "functions": {"": {"executed_lines": [], "summary": {"covered_lines": 0, "num_statements": 0, "percent_covered": 100.0, "percent_covered_display": "100", "missing_lines": 0, "excluded_lines": 0, "percent_statements_covered": 100.0, "percent_statements_covered_display": "100"}, "missing_lines": [], "excluded_lines": [], "start_line": 1}}, "classes": {"": {"executed_lines": [], "summary": {"covered_lines": 0, "num_statements": 0, "percent_covered": 100.0, "percent_covered_display": "100", "missing_lines": 0, "excluded_lines": 0, "percent_statements_covered": 100.0, "percent_statements_covered_display": "100"}, "missing_lines": [], "excluded_lines": [], "start_line": 1}}}, "src/ab_testing_engine.py": {"executed_lines": [38, 40, 41, 42, 43, 44, 45, 46, 48, 50, 51, 56, 57, 64, 65, 66, 67, 68, 69, 70, 71, 72, 74, 75, 87, 88, 89, 102, 103, 105, 106, 107, 108, 110, 111, 118, 119, 120, 121, 122, 132, 135, 136, 138, 140, 141, 142, 143, 144, 146, 148, 150, 152, 153, 154, 155, 156, 157, 160, 162, 164, 165, 166, 168, 169, 170, 171, 172, 173, 176, 181, 192, 198, 199, 200, 204, 216, 218, 219, 221, 222, 223, 225, 226, 228, 229, 230, 231, 233, 239, 240, 242, 249, 250, 254, 256, 265, 266, 267, 269, 270, 276, 280, 281, 283, 294, 295, 297, 299, 300, 307, 308, 315, 317, 319, 321, 322, 323, 327, 329, 330, 334, 335, 336, 344, 346, 347, 348, 349, 356, 364], "summary": {"covered_lines": 131, "num_statements": 141, "percent_covered": 92.90780141843972, "percent_covered_display": "93", "missing_lines": 10, "excluded_lines": 0, "percent_statements_covered": 92.90780141843972, "percent_statements_covered_display": "93"}, "missing_lines": [174, 175, 341, 342, 350, 351, 352, 357, 358, 359], "excluded_lines": [], "functions": {"ABTestVariant.to_dict": {"executed_lines": [75], "summary": {"covered_lines": 1, "num_statements": 1, "percent_covered": 100.0, "percent_covered_display": "100", "missing_lines": 0, "excluded_lines": 0, "percent_statements_covered": 100.0, "percent_statements_covered_display": "100"}, "missing_lines": [], "excluded_lines": [], "start_line": 74}, "ABTestVariant.from_dict": {"executed_lines": [89], "summary": {"covered_lines": 1, "num_statements": 1, "percent_covered": 100.0, "percent_covered_display": "100", "missing_lines": 0, "excluded_lines": 0, "percent_statements_covered": 100.0, "percent_statements_covered_display": "100"}, "missing_lines": [], "excluded_lines": [], "start_line": 88}, "ABTestResult.to_dict": {"executed_lines": [111], "summary": {"covered_lines": 1, "num_statements": 1, "percent_covered": 100.0, "percent_covered_display": "100", "missing_lines": 0, "excluded_lines": 0, "percent_statements_covered": 100.0, "percent_statements_covered_display": "100"}, "missing_lines": [], "excluded_lines": [], "start_line": 110}, "ABTestResult.from_dict": {"executed_lines": [120, 121, 122], "summary": {"covered_lines": 3, "num_statements": 3, "percent_covered": 100.0, "percent_covered_display": "100", "missing_lines": 0, "excluded_lines": 0, "percent_statements_covered": 100.0, "percent_statements_covered_display": "100"}, "missing_lines": [], "excluded_lines": [], "start_line": 119}, "ABTestStore.__init__": {"executed_lines": [136], "summary": {"covered_lines": 1, "num_statements": 1, "percent_covered": 100.0, "percent_covered_display": "100", "missing_lines": 0, "excluded_lines": 0, "percent_statements_covered": 100.0, "percent_statements_covered_display": "100"}, "missing_lines": [], "excluded_lines": [], "start_line": 135}, "ABTestStore.save": {"executed_lines": [140, 141, 142, 143, 144], "summary": {"covered_lines": 5, "num_statements": 5, "percent_covered": 100.0, "percent_covered_display": "100", "missing_lines": 0, "excluded_lines": 0, "percent_statements_covered": 100.0, "percent_statements_covered_display": "100"}, "missing_lines": [], "excluded_lines": [], "start_line": 138}, "ABTestStore.load_recent": {"executed_lines": [148], "summary": {"covered_lines": 1, "num_statements": 1, "percent_covered": 100.0, "percent_covered_display": "100", "missing_lines": 0, "excluded_lines": 0, "percent_statements_covered": 100.0, "percent_statements_covered_display": "100"}, "missing_lines": [], "excluded_lines": [], "start_line": 146}, "ABTestStore.get_variant_type_performance": {"executed_lines": [152, 153, 154, 155, 156, 157, 160], "summary": {"covered_lines": 7, "num_statements": 7, "percent_covered": 100.0, "percent_covered_display": "100", "missing_lines": 0, "excluded_lines": 0, "percent_statements_covered": 100.0, "percent_statements_covered_display": "100"}, "missing_lines": [], "excluded_lines": [], "start_line": 150}, "ABTestStore.get_winning_patterns": {"executed_lines": [164, 165, 166], "summary": {"covered_lines": 3, "num_statements": 3, "percent_covered": 100.0, "percent_covered_display": "100", "missing_lines": 0, "excluded_lines": 0, "percent_statements_covered": 100.0, "percent_statements_covered_display": "100"}, "missing_lines": [], "excluded_lines": [], "start_line": 162}, "ABTestStore._load_raw": {"executed_lines": [169, 170, 171, 172, 173, 176], "summary": {"covered_lines": 6, "num_statements": 8, "percent_covered": 75.0, "percent_covered_display": "75", "missing_lines": 2, "excluded_lines": 0, "percent_statements_covered": 75.0, "percent_statements_covered_display": "75"}, "missing_lines": [174, 175], "excluded_lines": [], "start_line": 168}, "ABTestingEngine.__init__": {"executed_lines": [198, 199, 200], "summary": {"covered_lines": 3, "num_statements": 3, "percent_covered": 100.0, "percent_covered_display": "100", "missing_lines": 0, "excluded_lines": 0, "percent_statements_covered": 100.0, "percent_statements_covered_display": "100"}, "missing_lines": [], "excluded_lines": [], "start_line": 192}, "ABTestingEngine.run_test": {"executed_lines": [216, 218, 219, 221, 222, 223, 225, 226, 228, 229, 230, 231, 233, 239, 240, 242, 249, 250, 254], "summary": {"covered_lines": 19, "num_statements": 19, "percent_covered": 100.0, "percent_covered_display": "100", "missing_lines": 0, "excluded_lines": 0, "percent_statements_covered": 100.0, "percent_statements_covered_display": "100"}, "missing_lines": [], "excluded_lines": [], "start_line": 204}, "ABTestingEngine.suggest_strategy_adjustments": {"executed_lines": [265, 266, 267, 269, 270, 276, 280, 281], "summary": {"covered_lines": 8, "num_statements": 8, "percent_covered": 100.0, "percent_covered_display": "100", "missing_lines": 0, "excluded_lines": 0, "percent_statements_covered": 100.0, "percent_statements_covered_display": "100"}, "missing_lines": [], "excluded_lines": [], "start_line": 256}, "ABTestingEngine.apply_winner_feedback": {"executed_lines": [294, 295, 297, 299, 300, 307, 308], "summary": {"covered_lines": 7, "num_statements": 7, "percent_covered": 100.0, "percent_covered_display": "100", "missing_lines": 0, "excluded_lines": 0, "percent_statements_covered": 100.0, "percent_statements_covered_display": "100"}, "missing_lines": [], "excluded_lines": [], "start_line": 283}, "ABTestingEngine._select_winner": {"executed_lines": [317], "summary": {"covered_lines": 1, "num_statements": 1, "percent_covered": 100.0, "percent_covered_display": "100", "missing_lines": 0, "excluded_lines": 0, "percent_statements_covered": 100.0, "percent_statements_covered_display": "100"}, "missing_lines": [], "excluded_lines": [], "start_line": 315}, "ABTestingEngine._score": {"executed_lines": [321, 322, 323], "summary": {"covered_lines": 3, "num_statements": 3, "percent_covered": 100.0, "percent_covered_display": "100", "missing_lines": 0, "excluded_lines": 0, "percent_statements_covered": 100.0, "percent_statements_covered_display": "100"}, "missing_lines": [], "excluded_lines": [], "start_line": 319}, "ABTestingEngine._apply_variant": {"executed_lines": [329, 330, 334, 335, 336], "summary": {"covered_lines": 5, "num_statements": 7, "percent_covered": 71.42857142857143, "percent_covered_display": "71", "missing_lines": 2, "excluded_lines": 0, "percent_statements_covered": 71.42857142857143, "percent_statements_covered_display": "71"}, "missing_lines": [341, 342], "excluded_lines": [], "start_line": 327}, "ABTestingEngine._get_metrics": {"executed_lines": [346, 347, 348, 349], "summary": {"covered_lines": 4, "num_statements": 7, "percent_covered": 57.142857142857146, "percent_covered_display": "57", "missing_lines": 3, "excluded_lines": 0, "percent_statements_covered": 57.142857142857146, "percent_statements_covered_display": "57"}, "missing_lines": [350, 351, 352], "excluded_lines": [], "start_line": 344}, "ABTestingEngine._real_wait": {"executed_lines": [], "summary": {"covered_lines": 0, "num_statements": 3, "percent_covered": 0.0, "percent_covered_display": "0", "missing_lines": 3, "excluded_lines": 0, "percent_statements_covered": 0.0, "percent_statements_covered_display": "0"}, "missing_lines": [357, 358, 359], "excluded_lines": [], "start_line": 356}, "": {"executed_lines": [38, 40, 41, 42, 43, 44, 45, 46, 48, 50, 51, 56, 57, 64, 65, 66, 67, 68, 69, 70, 71, 72, 74, 87, 88, 102, 103, 105, 106, 107, 108, 110, 118, 119, 132, 135, 138, 146, 150, 162, 168, 181, 192, 204, 256, 283, 315, 319, 327, 344, 356, 364], "summary": {"covered_lines": 52, "num_statements": 52, "percent_covered": 100.0, "percent_covered_display": "100", "missing_lines": 0, "excluded_lines": 0, "percent_statements_covered": 100.0, "percent_statements_covered_display": "100"}, "missing_lines": [], "excluded_lines": [], "start_line": 1}}, "classes": {"ABTestVariant": {"executed_lines": [75, 89], "summary": {"covered_lines": 2, "num_statements": 2, "percent_covered": 100.0, "percent_covered_display": "100", "missing_lines": 0, "excluded_lines": 0, "percent_statements_covered": 100.0, "percent_statements_covered_display": "100"}, "missing_lines": [], "excluded_lines": [], "start_line": 57}, "ABTestResult": {"executed_lines": [111, 120, 121, 122], "summary": {"covered_lines": 4, "num_statements": 4, "percent_covered": 100.0, "percent_covered_display": "100", "missing_lines": 0, "excluded_lines": 0, "percent_statements_covered": 100.0, "percent_statements_covered_display": "100"}, "missing_lines": [], "excluded_lines": [], "start_line": 103}, "ABTestStore": {"executed_lines": [136, 140, 141, 142, 143, 144, 148, 152, 153, 154, 155, 156, 157, 160, 164, 165, 166, 169, 170, 171, 172, 173, 176], "summary": {"covered_lines": 23, "num_statements": 25, "percent_covered": 92.0, "percent_covered_display": "92", "missing_lines": 2, "excluded_lines": 0, "percent_statements_covered": 92.0, "percent_statements_covered_display": "92"}, "missing_lines": [174, 175], "excluded_lines": [], "start_line": 132}, "ABTestingEngine": {"executed_lines": [198, 199, 200, 216, 218, 219, 221, 222, 223, 225, 226, 228, 229, 230, 231, 233, 239, 240, 242, 249, 250, 254, 265, 266, 267, 269, 270, 276, 280, 281, 294, 295, 297, 299, 300, 307, 308, 317, 321, 322, 323, 329, 330, 334, 335, 336, 346, 347, 348, 349], "summary": {"covered_lines": 50, "num_statements": 58, "percent_covered": 86.20689655172414, "percent_covered_display": "86", "missing_lines": 8, "excluded_lines": 0, "percent_statements_covered": 86.20689655172414, "percent_statements_covered_display": "86"}, "missing_lines": [341, 342, 350, 351, 352, 357, 358, 359], "excluded_lines": [], "start_line": 181}, "": {"executed_lines": [38, 40, 41, 42, 43, 44, 45, 46, 48, 50, 51, 56, 57, 64, 65, 66, 67, 68, 69, 70, 71, 72, 74, 87, 88, 102, 103, 105, 106, 107, 108, 110, 118, 119, 132, 135, 138, 146, 150, 162, 168, 181, 192, 204, 256, 283, 315, 319, 327, 344, 356, 364], "summary": {"covered_lines": 52, "num_statements": 52, "percent_covered": 100.0, "percent_covered_display": "100", "missing_lines": 0, "excluded_lines": 0, "percent_statements_covered": 100.0, "percent_statements_covered_display": "100"}, "missing_lines": [], "excluded_lines": [], "start_line": 1}}}, "src/analytics.py": {"executed_lines": [1, 3, 4, 5, 7, 10, 12, 13, 14, 15, 16, 17, 24, 25, 28, 30, 31, 41, 42, 45, 47, 48, 49, 50, 51, 52, 53, 54, 55, 56, 59, 61, 62, 63, 67, 68, 69, 74, 75, 76, 77, 80, 82, 83, 84, 85, 86, 87, 88, 89, 90, 91, 92, 93, 94, 97, 99, 100, 101, 102, 103, 104, 105, 106, 107, 108, 119, 121, 122, 131, 132, 135, 137, 138, 139, 140, 141, 142, 145, 147, 148, 151, 153, 154, 157, 159, 160, 161, 163, 164, 165, 167, 176, 178, 179, 180, 181, 182, 184], "summary": {"covered_lines": 99, "num_statements": 99, "percent_covered": 100.0, "percent_covered_display": "100", "missing_lines": 0, "excluded_lines": 0, "percent_statements_covered": 100.0, "percent_statements_covered_display": "100"}, "missing_lines": [], "excluded_lines": [], "functions": {"top_hooks": {"executed_lines": [12, 13, 14, 15, 16, 17, 24, 25], "summary": {"covered_lines": 8, "num_statements": 8, "percent_covered": 100.0, "percent_covered_display": "100", "missing_lines": 0, "excluded_lines": 0, "percent_statements_covered": 100.0, "percent_statements_covered_display": "100"}, "missing_lines": [], "excluded_lines": [], "start_line": 10}, "top_titles": {"executed_lines": [30, 31, 41, 42], "summary": {"covered_lines": 4, "num_statements": 4, "percent_covered": 100.0, "percent_covered_display": "100", "missing_lines": 0, "excluded_lines": 0, "percent_statements_covered": 100.0, "percent_statements_covered_display": "100"}, "missing_lines": [], "excluded_lines": [], "start_line": 28}, "hook_keywords": {"executed_lines": [47, 48, 49, 50, 51, 52, 53, 54, 55, 56], "summary": {"covered_lines": 10, "num_statements": 10, "percent_covered": 100.0, "percent_covered_display": "100", "missing_lines": 0, "excluded_lines": 0, "percent_statements_covered": 100.0, "percent_statements_covered_display": "100"}, "missing_lines": [], "excluded_lines": [], "start_line": 45}, "top_keywords": {"executed_lines": [61, 62, 63, 67, 68, 69, 74, 75, 76, 77], "summary": {"covered_lines": 10, "num_statements": 10, "percent_covered": 100.0, "percent_covered_display": "100", "missing_lines": 0, "excluded_lines": 0, "percent_statements_covered": 100.0, "percent_statements_covered_display": "100"}, "missing_lines": [], "excluded_lines": [], "start_line": 59}, "recent_records": {"executed_lines": [82, 83, 84, 85, 86, 87, 88, 89, 90, 91, 92, 93, 94], "summary": {"covered_lines": 13, "num_statements": 13, "percent_covered": 100.0, "percent_covered_display": "100", "missing_lines": 0, "excluded_lines": 0, "percent_statements_covered": 100.0, "percent_statements_covered_display": "100"}, "missing_lines": [], "excluded_lines": [], "start_line": 80}, "get_trend_report": {"executed_lines": [99, 100, 101, 102, 103, 104, 105, 106, 107, 108], "summary": {"covered_lines": 10, "num_statements": 10, "percent_covered": 100.0, "percent_covered_display": "100", "missing_lines": 0, "excluded_lines": 0, "percent_statements_covered": 100.0, "percent_statements_covered_display": "100"}, "missing_lines": [], "excluded_lines": [], "start_line": 97}, "worst_hooks": {"executed_lines": [121, 122, 131, 132], "summary": {"covered_lines": 4, "num_statements": 4, "percent_covered": 100.0, "percent_covered_display": "100", "missing_lines": 0, "excluded_lines": 0, "percent_statements_covered": 100.0, "percent_statements_covered_display": "100"}, "missing_lines": [], "excluded_lines": [], "start_line": 119}, "boost_if_pattern_works": {"executed_lines": [137, 138, 139, 140, 141, 142], "summary": {"covered_lines": 6, "num_statements": 6, "percent_covered": 100.0, "percent_covered_display": "100", "missing_lines": 0, "excluded_lines": 0, "percent_statements_covered": 100.0, "percent_statements_covered_display": "100"}, "missing_lines": [], "excluded_lines": [], "start_line": 135}, "get_proven_hooks": {"executed_lines": [147, 148], "summary": {"covered_lines": 2, "num_statements": 2, "percent_covered": 100.0, "percent_covered_display": "100", "missing_lines": 0, "excluded_lines": 0, "percent_statements_covered": 100.0, "percent_statements_covered_display": "100"}, "missing_lines": [], "excluded_lines": [], "start_line": 145}, "get_proven_titles": {"executed_lines": [153, 154], "summary": {"covered_lines": 2, "num_statements": 2, "percent_covered": 100.0, "percent_covered_display": "100", "missing_lines": 0, "excluded_lines": 0, "percent_statements_covered": 100.0, "percent_statements_covered_display": "100"}, "missing_lines": [], "excluded_lines": [], "start_line": 151}, "get_engagement_stats": {"executed_lines": [159, 160, 161, 163, 164, 165, 167], "summary": {"covered_lines": 7, "num_statements": 7, "percent_covered": 100.0, "percent_covered_display": "100", "missing_lines": 0, "excluded_lines": 0, "percent_statements_covered": 100.0, "percent_statements_covered_display": "100"}, "missing_lines": [], "excluded_lines": [], "start_line": 157}, "get_recommendations": {"executed_lines": [178, 179, 180, 181, 182, 184], "summary": {"covered_lines": 6, "num_statements": 6, "percent_covered": 100.0, "percent_covered_display": "100", "missing_lines": 0, "excluded_lines": 0, "percent_statements_covered": 100.0, "percent_statements_covered_display": "100"}, "missing_lines": [], "excluded_lines": [], "start_line": 176}, "": {"executed_lines": [1, 3, 4, 5, 7, 10, 28, 45, 59, 80, 97, 119, 135, 145, 151, 157, 176], "summary": {"covered_lines": 17, "num_statements": 17, "percent_covered": 100.0, "percent_covered_display": "100", "missing_lines": 0, "excluded_lines": 0, "percent_statements_covered": 100.0, "percent_statements_covered_display": "100"}, "missing_lines": [], "excluded_lines": [], "start_line": 1}}, "classes": {"": {"executed_lines": [1, 3, 4, 5, 7, 10, 12, 13, 14, 15, 16, 17, 24, 25, 28, 30, 31, 41, 42, 45, 47, 48, 49, 50, 51, 52, 53, 54, 55, 56, 59, 61, 62, 63, 67, 68, 69, 74, 75, 76, 77, 80, 82, 83, 84, 85, 86, 87, 88, 89, 90, 91, 92, 93, 94, 97, 99, 100, 101, 102, 103, 104, 105, 106, 107, 108, 119, 121, 122, 131, 132, 135, 137, 138, 139, 140, 141, 142, 145, 147, 148, 151, 153, 154, 157, 159, 160, 161, 163, 164, 165, 167, 176, 178, 179, 180, 181, 182, 184], "summary": {"covered_lines": 99, "num_statements": 99, "percent_covered": 100.0, "percent_covered_display": "100", "missing_lines": 0, "excluded_lines": 0, "percent_statements_covered": 100.0, "percent_statements_covered_display": "100"}, "missing_lines": [], "excluded_lines": [], "start_line": 1}}}, "src/auto_action_engine.py": {"executed_lines": [1, 3, 4, 5, 6, 7, 8, 9, 11, 13, 14, 17, 18, 21, 22, 25, 26, 29, 30, 31, 32, 33, 34, 35, 36, 39, 40, 41, 44, 45, 46, 47, 48, 49, 51, 52, 59, 60, 61, 62, 63, 64, 65, 67, 68, 69, 70, 72, 73, 75, 76, 78, 79, 81, 82, 84, 85, 89, 90, 92, 93, 94, 97, 98, 99, 100, 102, 103, 104, 110, 111, 117, 118, 124, 126, 127, 129, 130, 131, 138, 139, 141, 145, 146, 148, 149, 150, 153, 154, 155, 157, 158, 159, 160, 162, 163, 164, 168, 170, 171, 172, 176, 178, 179, 180, 181, 182, 183, 184, 185, 187, 188, 189, 190, 191, 192, 194, 195, 196, 198, 199, 200, 201, 202, 203, 204, 205, 207, 214, 215, 216, 217, 218, 219, 220, 221, 222, 223, 225, 226, 227, 228, 229, 230, 231, 232, 233, 234, 236, 237, 238, 239, 240, 242, 243, 244, 245, 246, 247, 248, 249, 250, 251, 253, 254, 255, 256, 257, 258, 261, 262, 271, 272], "summary": {"covered_lines": 173, "num_statements": 183, "percent_covered": 94.53551912568307, "percent_covered_display": "95", "missing_lines": 10, "excluded_lines": 0, "percent_statements_covered": 94.53551912568307, "percent_statements_covered_display": "95"}, "missing_lines": [95, 151, 161, 166, 208, 209, 210, 211, 212, 259], "excluded_lines": [], "functions": {"_strategy_path": {"executed_lines": [18], "summary": {"covered_lines": 1, "num_statements": 1, "percent_covered": 100.0, "percent_covered_display": "100", "missing_lines": 0, "excluded_lines": 0, "percent_statements_covered": 100.0, "percent_statements_covered_display": "100"}, "missing_lines": [], "excluded_lines": [], "start_line": 17}, "_actions_path": {"executed_lines": [22], "summary": {"covered_lines": 1, "num_statements": 1, "percent_covered": 100.0, "percent_covered_display": "100", "missing_lines": 0, "excluded_lines": 0, "percent_statements_covered": 100.0, "percent_statements_covered_display": "100"}, "missing_lines": [], "excluded_lines": [], "start_line": 21}, "_stats_path": {"executed_lines": [26], "summary": {"covered_lines": 1, "num_statements": 1, "percent_covered": 100.0, "percent_covered_display": "100", "missing_lines": 0, "excluded_lines": 0, "percent_statements_covered": 100.0, "percent_statements_covered_display": "100"}, "missing_lines": [], "excluded_lines": [], "start_line": 25}, "_load_json": {"executed_lines": [30, 31, 32, 33, 34, 35, 36], "summary": {"covered_lines": 7, "num_statements": 7, "percent_covered": 100.0, "percent_covered_display": "100", "missing_lines": 0, "excluded_lines": 0, "percent_statements_covered": 100.0, "percent_statements_covered_display": "100"}, "missing_lines": [], "excluded_lines": [], "start_line": 29}, "_save_json": {"executed_lines": [40, 41], "summary": {"covered_lines": 2, "num_statements": 2, "percent_covered": 100.0, "percent_covered_display": "100", "missing_lines": 0, "excluded_lines": 0, "percent_statements_covered": 100.0, "percent_statements_covered_display": "100"}, "missing_lines": [], "excluded_lines": [], "start_line": 39}, "AutoActionEngine.default_strategy": {"executed_lines": [52], "summary": {"covered_lines": 1, "num_statements": 1, "percent_covered": 100.0, "percent_covered_display": "100", "missing_lines": 0, "excluded_lines": 0, "percent_statements_covered": 100.0, "percent_statements_covered_display": "100"}, "missing_lines": [], "excluded_lines": [], "start_line": 51}, "AutoActionEngine.load_strategy": {"executed_lines": [60, 61, 62, 63, 64, 65], "summary": {"covered_lines": 6, "num_statements": 6, "percent_covered": 100.0, "percent_covered_display": "100", "missing_lines": 0, "excluded_lines": 0, "percent_statements_covered": 100.0, "percent_statements_covered_display": "100"}, "missing_lines": [], "excluded_lines": [], "start_line": 59}, "AutoActionEngine.save_strategy": {"executed_lines": [68, 69, 70], "summary": {"covered_lines": 3, "num_statements": 3, "percent_covered": 100.0, "percent_covered_display": "100", "missing_lines": 0, "excluded_lines": 0, "percent_statements_covered": 100.0, "percent_statements_covered_display": "100"}, "missing_lines": [], "excluded_lines": [], "start_line": 67}, "AutoActionEngine.load_action_log": {"executed_lines": [73], "summary": {"covered_lines": 1, "num_statements": 1, "percent_covered": 100.0, "percent_covered_display": "100", "missing_lines": 0, "excluded_lines": 0, "percent_statements_covered": 100.0, "percent_statements_covered_display": "100"}, "missing_lines": [], "excluded_lines": [], "start_line": 72}, "AutoActionEngine.save_action_log": {"executed_lines": [76], "summary": {"covered_lines": 1, "num_statements": 1, "percent_covered": 100.0, "percent_covered_display": "100", "missing_lines": 0, "excluded_lines": 0, "percent_statements_covered": 100.0, "percent_statements_covered_display": "100"}, "missing_lines": [], "excluded_lines": [], "start_line": 75}, "AutoActionEngine.load_stats": {"executed_lines": [79], "summary": {"covered_lines": 1, "num_statements": 1, "percent_covered": 100.0, "percent_covered_display": "100", "missing_lines": 0, "excluded_lines": 0, "percent_statements_covered": 100.0, "percent_statements_covered_display": "100"}, "missing_lines": [], "excluded_lines": [], "start_line": 78}, "AutoActionEngine.save_stats": {"executed_lines": [82], "summary": {"covered_lines": 1, "num_statements": 1, "percent_covered": 100.0, "percent_covered_display": "100", "missing_lines": 0, "excluded_lines": 0, "percent_statements_covered": 100.0, "percent_statements_covered_display": "100"}, "missing_lines": [], "excluded_lines": [], "start_line": 81}, "AutoActionEngine.generate_insights": {"executed_lines": [85, 89, 90, 92, 93, 94, 97, 98, 99, 100, 102, 103, 104, 110, 111, 117, 118, 124], "summary": {"covered_lines": 18, "num_statements": 19, "percent_covered": 94.73684210526316, "percent_covered_display": "95", "missing_lines": 1, "excluded_lines": 0, "percent_statements_covered": 94.73684210526316, "percent_statements_covered_display": "95"}, "missing_lines": [95], "excluded_lines": [], "start_line": 84}, "AutoActionEngine.performance_good": {"executed_lines": [127], "summary": {"covered_lines": 1, "num_statements": 1, "percent_covered": 100.0, "percent_covered_display": "100", "missing_lines": 0, "excluded_lines": 0, "percent_statements_covered": 100.0, "percent_statements_covered_display": "100"}, "missing_lines": [], "excluded_lines": [], "start_line": 126}, "AutoActionEngine.evaluate_recent_actions": {"executed_lines": [130, 131, 138, 139, 141, 145, 146, 148, 149, 150, 153, 154, 155, 157, 158, 159, 160, 162, 163, 164, 168, 170, 171, 172, 176], "summary": {"covered_lines": 25, "num_statements": 28, "percent_covered": 89.28571428571429, "percent_covered_display": "89", "missing_lines": 3, "excluded_lines": 0, "percent_statements_covered": 89.28571428571429, "percent_statements_covered_display": "89"}, "missing_lines": [151, 161, 166], "excluded_lines": [], "start_line": 129}, "AutoActionEngine._map": {"executed_lines": [179, 180, 181, 182, 183, 184, 185], "summary": {"covered_lines": 7, "num_statements": 7, "percent_covered": 100.0, "percent_covered_display": "100", "missing_lines": 0, "excluded_lines": 0, "percent_statements_covered": 100.0, "percent_statements_covered_display": "100"}, "missing_lines": [], "excluded_lines": [], "start_line": 178}, "AutoActionEngine._score": {"executed_lines": [188, 189, 190, 191, 192], "summary": {"covered_lines": 5, "num_statements": 5, "percent_covered": 100.0, "percent_covered_display": "100", "missing_lines": 0, "excluded_lines": 0, "percent_statements_covered": 100.0, "percent_statements_covered_display": "100"}, "missing_lines": [], "excluded_lines": [], "start_line": 187}, "AutoActionEngine._select": {"executed_lines": [195, 196, 198, 199, 200, 201, 202, 203, 204, 205, 207, 214, 215, 216, 217, 218, 219, 220, 221, 222, 223], "summary": {"covered_lines": 21, "num_statements": 26, "percent_covered": 80.76923076923077, "percent_covered_display": "81", "missing_lines": 5, "excluded_lines": 0, "percent_statements_covered": 80.76923076923077, "percent_statements_covered_display": "81"}, "missing_lines": [208, 209, 210, 211, 212], "excluded_lines": [], "start_line": 194}, "AutoActionEngine._apply": {"executed_lines": [226, 227, 228, 229, 230, 231, 232, 233, 234], "summary": {"covered_lines": 9, "num_statements": 9, "percent_covered": 100.0, "percent_covered_display": "100", "missing_lines": 0, "excluded_lines": 0, "percent_statements_covered": 100.0, "percent_statements_covered_display": "100"}, "missing_lines": [], "excluded_lines": [], "start_line": 225}, "AutoActionEngine.apply": {"executed_lines": [237, 238, 239, 240, 242, 243, 244, 245, 246, 247, 248, 249, 250, 251], "summary": {"covered_lines": 14, "num_statements": 14, "percent_covered": 100.0, "percent_covered_display": "100", "missing_lines": 0, "excluded_lines": 0, "percent_statements_covered": 100.0, "percent_statements_covered_display": "100"}, "missing_lines": [], "excluded_lines": [], "start_line": 236}, "AutoActionEngine.prepare_strategy": {"executed_lines": [254, 255, 256, 257, 258, 261, 262, 271, 272], "summary": {"covered_lines": 9, "num_statements": 10, "percent_covered": 90.0, "percent_covered_display": "90", "missing_lines": 1, "excluded_lines": 0, "percent_statements_covered": 90.0, "percent_statements_covered_display": "90"}, "missing_lines": [259], "excluded_lines": [], "start_line": 253}, "": {"executed_lines": [1, 3, 4, 5, 6, 7, 8, 9, 11, 13, 14, 17, 21, 25, 29, 39, 44, 45, 46, 47, 48, 49, 51, 59, 67, 72, 75, 78, 81, 84, 126, 129, 178, 187, 194, 225, 236, 253], "summary": {"covered_lines": 38, "num_statements": 38, "percent_covered": 100.0, "percent_covered_display": "100", "missing_lines": 0, "excluded_lines": 0, "percent_statements_covered": 100.0, "percent_statements_covered_display": "100"}, "missing_lines": [], "excluded_lines": [], "start_line": 1}}, "classes": {"AutoActionEngine": {"executed_lines": [52, 60, 61, 62, 63, 64, 65, 68, 69, 70, 73, 76, 79, 82, 85, 89, 90, 92, 93, 94, 97, 98, 99, 100, 102, 103, 104, 110, 111, 117, 118, 124, 127, 130, 131, 138, 139, 141, 145, 146, 148, 149, 150, 153, 154, 155, 157, 158, 159, 160, 162, 163, 164, 168, 170, 171, 172, 176, 179, 180, 181, 182, 183, 184, 185, 188, 189, 190, 191, 192, 195, 196, 198, 199, 200, 201, 202, 203, 204, 205, 207, 214, 215, 216, 217, 218, 219, 220, 221, 222, 223, 226, 227, 228, 229, 230, 231, 232, 233, 234, 237, 238, 239, 240, 242, 243, 244, 245, 246, 247, 248, 249, 250, 251, 254, 255, 256, 257, 258, 261, 262, 271, 272], "summary": {"covered_lines": 123, "num_statements": 133, "percent_covered": 92.4812030075188, "percent_covered_display": "92", "missing_lines": 10, "excluded_lines": 0, "percent_statements_covered": 92.4812030075188, "percent_statements_covered_display": "92"}, "missing_lines": [95, 151, 161, 166, 208, 209, 210, 211, 212, 259], "excluded_lines": [], "start_line": 45}, "": {"executed_lines": [1, 3, 4, 5, 6, 7, 8, 9, 11, 13, 14, 17, 18, 21, 22, 25, 26, 29, 30, 31, 32, 33, 34, 35, 36, 39, 40, 41, 44, 45, 46, 47, 48, 49, 51, 59, 67, 72, 75, 78, 81, 84, 126, 129, 178, 187, 194, 225, 236, 253], "summary": {"covered_lines": 50, "num_statements": 50, "percent_covered": 100.0, "percent_covered_display": "100", "missing_lines": 0, "excluded_lines": 0, "percent_statements_covered": 100.0, "percent_statements_covered_display": "100"}, "missing_lines": [], "excluded_lines": [], "start_line": 1}}}, "src/avatar_engine.py": {"executed_lines": [51, 53, 54, 55, 56, 58, 60, 61, 62, 63, 69, 74, 89, 100, 119, 120, 121, 122, 123, 127, 129, 133, 135, 137, 143, 144, 145, 146, 147, 148, 149, 153, 179, 180, 181, 183, 184, 185, 187, 193, 203, 204, 207, 208, 209, 212, 213, 214, 224, 225, 231, 236, 237, 239, 240, 242, 256, 257, 258, 259, 261], "summary": {"covered_lines": 61, "num_statements": 64, "percent_covered": 95.3125, "percent_covered_display": "95", "missing_lines": 3, "excluded_lines": 0, "percent_statements_covered": 95.3125, "percent_statements_covered_display": "95"}, "missing_lines": [226, 227, 228], "excluded_lines": [], "functions": {"AvatarEngine.__init__": {"executed_lines": [120, 121, 122, 123], "summary": {"covered_lines": 4, "num_statements": 4, "percent_covered": 100.0, "percent_covered_display": "100", "missing_lines": 0, "excluded_lines": 0, "percent_statements_covered": 100.0, "percent_statements_covered_display": "100"}, "missing_lines": [], "excluded_lines": [], "start_line": 119}, "AvatarEngine.should_use_avatar": {"executed_lines": [129], "summary": {"covered_lines": 1, "num_statements": 1, "percent_covered": 100.0, "percent_covered_display": "100", "missing_lines": 0, "excluded_lines": 0, "percent_statements_covered": 100.0, "percent_statements_covered_display": "100"}, "missing_lines": [], "excluded_lines": [], "start_line": 127}, "AvatarEngine.avatar_style": {"executed_lines": [135], "summary": {"covered_lines": 1, "num_statements": 1, "percent_covered": 100.0, "percent_covered_display": "100", "missing_lines": 0, "excluded_lines": 0, "percent_statements_covered": 100.0, "percent_statements_covered_display": "100"}, "missing_lines": [], "excluded_lines": [], "start_line": 133}, "AvatarEngine.avatar_id": {"executed_lines": [143, 144, 145, 146, 147, 148, 149], "summary": {"covered_lines": 7, "num_statements": 7, "percent_covered": 100.0, "percent_covered_display": "100", "missing_lines": 0, "excluded_lines": 0, "percent_statements_covered": 100.0, "percent_statements_covered_display": "100"}, "missing_lines": [], "excluded_lines": [], "start_line": 137}, "AvatarEngine.render": {"executed_lines": [179, 180, 181, 183, 184, 185, 187, 193, 203, 204, 207, 208, 209, 212, 213, 214, 224, 225, 231, 236, 237, 239, 240], "summary": {"covered_lines": 23, "num_statements": 26, "percent_covered": 88.46153846153847, "percent_covered_display": "88", "missing_lines": 3, "excluded_lines": 0, "percent_statements_covered": 88.46153846153847, "percent_statements_covered_display": "88"}, "missing_lines": [226, 227, 228], "excluded_lines": [], "start_line": 153}, "AvatarEngine.render_for_scene": {"executed_lines": [256, 257, 258, 259, 261], "summary": {"covered_lines": 5, "num_statements": 5, "percent_covered": 100.0, "percent_covered_display": "100", "missing_lines": 0, "excluded_lines": 0, "percent_statements_covered": 100.0, "percent_statements_covered_display": "100"}, "missing_lines": [], "excluded_lines": [], "start_line": 242}, "": {"executed_lines": [51, 53, 54, 55, 56, 58, 60, 61, 62, 63, 69, 74, 89, 100, 119, 127, 133, 137, 153, 242], "summary": {"covered_lines": 20, "num_statements": 20, "percent_covered": 100.0, "percent_covered_display": "100", "missing_lines": 0, "excluded_lines": 0, "percent_statements_covered": 100.0, "percent_statements_covered_display": "100"}, "missing_lines": [], "excluded_lines": [], "start_line": 1}}, "classes": {"AvatarEngine": {"executed_lines": [120, 121, 122, 123, 129, 135, 143, 144, 145, 146, 147, 148, 149, 179, 180, 181, 183, 184, 185, 187, 193, 203, 204, 207, 208, 209, 212, 213, 214, 224, 225, 231, 236, 237, 239, 240, 256, 257, 258, 259, 261], "summary": {"covered_lines": 41, "num_statements": 44, "percent_covered": 93.18181818181819, "percent_covered_display": "93", "missing_lines": 3, "excluded_lines": 0, "percent_statements_covered": 93.18181818181819, "percent_statements_covered_display": "93"}, "missing_lines": [226, 227, 228], "excluded_lines": [], "start_line": 100}, "": {"executed_lines": [51, 53, 54, 55, 56, 58, 60, 61, 62, 63, 69, 74, 89, 100, 119, 127, 133, 137, 153, 242], "summary": {"covered_lines": 20, "num_statements": 20, "percent_covered": 100.0, "percent_covered_display": "100", "missing_lines": 0, "excluded_lines": 0, "percent_statements_covered": 100.0, "percent_statements_covered_display": "100"}, "missing_lines": [], "excluded_lines": [], "start_line": 1}}}, "src/bandit_engine.py": {"executed_lines": [42, 44, 45, 46, 47, 48, 49, 51, 53, 54, 55, 63, 64, 70, 71, 72, 73, 74, 75, 76, 77, 78, 80, 81, 93, 94, 95, 107, 108, 110, 119, 120, 122, 123, 125, 126, 131, 132, 133, 141, 144, 145, 147, 148, 149, 150, 152, 153, 154, 155, 156, 159, 164, 182, 187, 188, 189, 190, 194, 200, 201, 202, 203, 204, 205, 206, 207, 208, 210, 216, 217, 218, 219, 221, 222, 223, 227, 235, 236, 237, 238, 241, 242, 243, 244, 246, 247, 249, 250, 252, 253, 254, 255, 256, 257, 259, 260, 264, 268, 281, 282, 283, 284, 286, 287, 288, 290, 291, 293, 303, 314, 315, 316, 318, 319, 321, 327, 328, 332, 336, 342, 343, 344, 345, 346, 348, 350, 352, 353, 354, 355, 356], "summary": {"covered_lines": 132, "num_statements": 137, "percent_covered": 96.35036496350365, "percent_covered_display": "96", "missing_lines": 5, "excluded_lines": 2, "percent_statements_covered": 96.35036496350365, "percent_statements_covered_display": "96"}, "missing_lines": [157, 158, 334, 338, 351], "excluded_lines": [57, 58], "functions": {"BanditArm.to_dict": {"executed_lines": [81], "summary": {"covered_lines": 1, "num_statements": 1, "percent_covered": 100.0, "percent_covered_display": "100", "missing_lines": 0, "excluded_lines": 0, "percent_statements_covered": 100.0, "percent_statements_covered_display": "100"}, "missing_lines": [], "excluded_lines": [], "start_line": 80}, "BanditArm.from_dict": {"executed_lines": [95], "summary": {"covered_lines": 1, "num_statements": 1, "percent_covered": 100.0, "percent_covered_display": "100", "missing_lines": 0, "excluded_lines": 0, "percent_statements_covered": 100.0, "percent_statements_covered_display": "100"}, "missing_lines": [], "excluded_lines": [], "start_line": 94}, "BanditArm.from_variant": {"executed_lines": [110], "summary": {"covered_lines": 1, "num_statements": 1, "percent_covered": 100.0, "percent_covered_display": "100", "missing_lines": 0, "excluded_lines": 0, "percent_statements_covered": 100.0, "percent_statements_covered_display": "100"}, "missing_lines": [], "excluded_lines": [], "start_line": 108}, "BanditState.to_dict": {"executed_lines": [126], "summary": {"covered_lines": 1, "num_statements": 1, "percent_covered": 100.0, "percent_covered_display": "100", "missing_lines": 0, "excluded_lines": 0, "percent_statements_covered": 100.0, "percent_statements_covered_display": "100"}, "missing_lines": [], "excluded_lines": [], "start_line": 125}, "BanditState.from_dict": {"executed_lines": [133], "summary": {"covered_lines": 1, "num_statements": 1, "percent_covered": 100.0, "percent_covered_display": "100", "missing_lines": 0, "excluded_lines": 0, "percent_statements_covered": 100.0, "percent_statements_covered_display": "100"}, "missing_lines": [], "excluded_lines": [], "start_line": 132}, "BanditStore.__init__": {"executed_lines": [145], "summary": {"covered_lines": 1, "num_statements": 1, "percent_covered": 100.0, "percent_covered_display": "100", "missing_lines": 0, "excluded_lines": 0, "percent_statements_covered": 100.0, "percent_statements_covered_display": "100"}, "missing_lines": [], "excluded_lines": [], "start_line": 144}, "BanditStore.save": {"executed_lines": [148, 149, 150], "summary": {"covered_lines": 3, "num_statements": 3, "percent_covered": 100.0, "percent_covered_display": "100", "missing_lines": 0, "excluded_lines": 0, "percent_statements_covered": 100.0, "percent_statements_covered_display": "100"}, "missing_lines": [], "excluded_lines": [], "start_line": 147}, "BanditStore.load": {"executed_lines": [153, 154, 155, 156, 159], "summary": {"covered_lines": 5, "num_statements": 7, "percent_covered": 71.42857142857143, "percent_covered_display": "71", "missing_lines": 2, "excluded_lines": 0, "percent_statements_covered": 71.42857142857143, "percent_statements_covered_display": "71"}, "missing_lines": [157, 158], "excluded_lines": [], "start_line": 152}, "BanditEngine.__init__": {"executed_lines": [187, 188, 189, 190], "summary": {"covered_lines": 4, "num_statements": 4, "percent_covered": 100.0, "percent_covered_display": "100", "missing_lines": 0, "excluded_lines": 0, "percent_statements_covered": 100.0, "percent_statements_covered_display": "100"}, "missing_lines": [], "excluded_lines": [], "start_line": 182}, "BanditEngine.register_variants": {"executed_lines": [200, 201, 202, 203, 204, 205, 206, 207, 208], "summary": {"covered_lines": 9, "num_statements": 9, "percent_covered": 100.0, "percent_covered_display": "100", "missing_lines": 0, "excluded_lines": 0, "percent_statements_covered": 100.0, "percent_statements_covered_display": "100"}, "missing_lines": [], "excluded_lines": [], "start_line": 194}, "BanditEngine.reset": {"executed_lines": [216, 217, 218, 219, 221, 222, 223], "summary": {"covered_lines": 7, "num_statements": 7, "percent_covered": 100.0, "percent_covered_display": "100", "missing_lines": 0, "excluded_lines": 0, "percent_statements_covered": 100.0, "percent_statements_covered_display": "100"}, "missing_lines": [], "excluded_lines": [], "start_line": 210}, "BanditEngine.select_variant": {"executed_lines": [235, 236, 237, 238, 241, 242, 243, 244, 246, 247, 249, 250, 252, 253, 254, 255, 256, 257, 259, 260, 264], "summary": {"covered_lines": 21, "num_statements": 21, "percent_covered": 100.0, "percent_covered_display": "100", "missing_lines": 0, "excluded_lines": 0, "percent_statements_covered": 100.0, "percent_statements_covered_display": "100"}, "missing_lines": [], "excluded_lines": [], "start_line": 227}, "BanditEngine.update": {"executed_lines": [281, 282, 283, 284, 286, 287, 288, 290, 291, 293], "summary": {"covered_lines": 10, "num_statements": 10, "percent_covered": 100.0, "percent_covered_display": "100", "missing_lines": 0, "excluded_lines": 0, "percent_statements_covered": 100.0, "percent_statements_covered_display": "100"}, "missing_lines": [], "excluded_lines": [], "start_line": 268}, "BanditEngine.suggest_strategy_adjustments": {"executed_lines": [314, 315, 316, 318, 319, 321, 327, 328], "summary": {"covered_lines": 8, "num_statements": 8, "percent_covered": 100.0, "percent_covered_display": "100", "missing_lines": 0, "excluded_lines": 0, "percent_statements_covered": 100.0, "percent_statements_covered_display": "100"}, "missing_lines": [], "excluded_lines": [], "start_line": 303}, "BanditEngine.get_arm_stats": {"executed_lines": [], "summary": {"covered_lines": 0, "num_statements": 1, "percent_covered": 0.0, "percent_covered_display": "0", "missing_lines": 1, "excluded_lines": 0, "percent_statements_covered": 0.0, "percent_statements_covered_display": "0"}, "missing_lines": [334], "excluded_lines": [], "start_line": 332}, "BanditEngine.get_state": {"executed_lines": [], "summary": {"covered_lines": 0, "num_statements": 1, "percent_covered": 0.0, "percent_covered_display": "0", "missing_lines": 1, "excluded_lines": 0, "percent_statements_covered": 0.0, "percent_statements_covered_display": "0"}, "missing_lines": [338], "excluded_lines": [], "start_line": 336}, "BanditEngine._find_arm": {"executed_lines": [343, 344, 345, 346], "summary": {"covered_lines": 4, "num_statements": 4, "percent_covered": 100.0, "percent_covered_display": "100", "missing_lines": 0, "excluded_lines": 0, "percent_statements_covered": 100.0, "percent_statements_covered_display": "100"}, "missing_lines": [], "excluded_lines": [], "start_line": 342}, "BanditEngine._compute_reward": {"executed_lines": [350, 352, 353, 354, 355, 356], "summary": {"covered_lines": 6, "num_statements": 7, "percent_covered": 85.71428571428571, "percent_covered_display": "86", "missing_lines": 1, "excluded_lines": 0, "percent_statements_covered": 85.71428571428571, "percent_statements_covered_display": "86"}, "missing_lines": [351], "excluded_lines": [], "start_line": 348}, "": {"executed_lines": [42, 44, 45, 46, 47, 48, 49, 51, 53, 54, 55, 63, 64, 70, 71, 72, 73, 74, 75, 76, 77, 78, 80, 93, 94, 107, 108, 119, 120, 122, 123, 125, 131, 132, 141, 144, 147, 152, 164, 182, 194, 210, 227, 268, 303, 332, 336, 342, 348], "summary": {"covered_lines": 49, "num_statements": 49, "percent_covered": 100.0, "percent_covered_display": "100", "missing_lines": 0, "excluded_lines": 2, "percent_statements_covered": 100.0, "percent_statements_covered_display": "100"}, "missing_lines": [], "excluded_lines": [57, 58], "start_line": 1}}, "classes": {"BanditArm": {"executed_lines": [81, 95, 110], "summary": {"covered_lines": 3, "num_statements": 3, "percent_covered": 100.0, "percent_covered_display": "100", "missing_lines": 0, "excluded_lines": 0, "percent_statements_covered": 100.0, "percent_statements_covered_display": "100"}, "missing_lines": [], "excluded_lines": [], "start_line": 64}, "BanditState": {"executed_lines": [126, 133], "summary": {"covered_lines": 2, "num_statements": 2, "percent_covered": 100.0, "percent_covered_display": "100", "missing_lines": 0, "excluded_lines": 0, "percent_statements_covered": 100.0, "percent_statements_covered_display": "100"}, "missing_lines": [], "excluded_lines": [], "start_line": 120}, "BanditStore": {"executed_lines": [145, 148, 149, 150, 153, 154, 155, 156, 159], "summary": {"covered_lines": 9, "num_statements": 11, "percent_covered": 81.81818181818181, "percent_covered_display": "82", "missing_lines": 2, "excluded_lines": 0, "percent_statements_covered": 81.81818181818181, "percent_statements_covered_display": "82"}, "missing_lines": [157, 158], "excluded_lines": [], "start_line": 141}, "BanditEngine": {"executed_lines": [187, 188, 189, 190, 200, 201, 202, 203, 204, 205, 206, 207, 208, 216, 217, 218, 219, 221, 222, 223, 235, 236, 237, 238, 241, 242, 243, 244, 246, 247, 249, 250, 252, 253, 254, 255, 256, 257, 259, 260, 264, 281, 282, 283, 284, 286, 287, 288, 290, 291, 293, 314, 315, 316, 318, 319, 321, 327, 328, 343, 344, 345, 346, 350, 352, 353, 354, 355, 356], "summary": {"covered_lines": 69, "num_statements": 72, "percent_covered": 95.83333333333333, "percent_covered_display": "96", "missing_lines": 3, "excluded_lines": 0, "percent_statements_covered": 95.83333333333333, "percent_statements_covered_display": "96"}, "missing_lines": [334, 338, 351], "excluded_lines": [], "start_line": 164}, "": {"executed_lines": [42, 44, 45, 46, 47, 48, 49, 51, 53, 54, 55, 63, 64, 70, 71, 72, 73, 74, 75, 76, 77, 78, 80, 93, 94, 107, 108, 119, 120, 122, 123, 125, 131, 132, 141, 144, 147, 152, 164, 182, 194, 210, 227, 268, 303, 332, 336, 342, 348], "summary": {"covered_lines": 49, "num_statements": 49, "percent_covered": 100.0, "percent_covered_display": "100", "missing_lines": 0, "excluded_lines": 2, "percent_statements_covered": 100.0, "percent_statements_covered_display": "100"}, "missing_lines": [], "excluded_lines": [57, 58], "start_line": 1}}}, "src/breaking_detector.py": {"executed_lines": [13, 15, 16, 17, 18, 19, 21, 23, 24, 25, 27, 28, 29, 32, 45, 46, 49, 50, 51, 52, 53, 54, 55, 56, 59, 60, 61, 66, 67, 68, 71, 73, 74, 75, 76, 77, 80, 83, 84, 86, 87, 88, 89, 91, 92, 93, 94, 96, 97, 98, 99, 101, 106, 108, 109, 111, 112, 114, 115, 116, 117, 119, 120, 121, 122, 124, 127, 128, 129, 130, 132, 133, 135, 136, 137, 139, 140, 141, 144, 146, 147, 154, 157, 163, 164, 171, 172, 177], "summary": {"covered_lines": 88, "num_statements": 112, "percent_covered": 78.57142857142857, "percent_covered_display": "79", "missing_lines": 24, "excluded_lines": 0, "percent_statements_covered": 78.57142857142857, "percent_statements_covered_display": "79"}, "missing_lines": [95, 125, 126, 178, 180, 181, 183, 184, 186, 187, 189, 190, 191, 197, 201, 203, 204, 205, 206, 207, 208, 211, 212, 214], "excluded_lines": [], "functions": {"_seen_path": {"executed_lines": [46], "summary": {"covered_lines": 1, "num_statements": 1, "percent_covered": 100.0, "percent_covered_display": "100", "missing_lines": 0, "excluded_lines": 0, "percent_statements_covered": 100.0, "percent_statements_covered_display": "100"}, "missing_lines": [], "excluded_lines": [], "start_line": 45}, "_load_seen": {"executed_lines": [50, 51, 52, 53, 54, 55, 56], "summary": {"covered_lines": 7, "num_statements": 7, "percent_covered": 100.0, "percent_covered_display": "100", "missing_lines": 0, "excluded_lines": 0, "percent_statements_covered": 100.0, "percent_statements_covered_display": "100"}, "missing_lines": [], "excluded_lines": [], "start_line": 49}, "_save_seen": {"executed_lines": [60, 61], "summary": {"covered_lines": 2, "num_statements": 2, "percent_covered": 100.0, "percent_covered_display": "100", "missing_lines": 0, "excluded_lines": 0, "percent_statements_covered": 100.0, "percent_statements_covered_display": "100"}, "missing_lines": [], "excluded_lines": [], "start_line": 59}, "_is_important": {"executed_lines": [67, 68], "summary": {"covered_lines": 2, "num_statements": 2, "percent_covered": 100.0, "percent_covered_display": "100", "missing_lines": 0, "excluded_lines": 0, "percent_statements_covered": 100.0, "percent_statements_covered_display": "100"}, "missing_lines": [], "excluded_lines": [], "start_line": 66}, "_is_recent": {"executed_lines": [73, 74, 75, 76, 77], "summary": {"covered_lines": 5, "num_statements": 5, "percent_covered": 100.0, "percent_covered_display": "100", "missing_lines": 0, "excluded_lines": 0, "percent_statements_covered": 100.0, "percent_statements_covered_display": "100"}, "missing_lines": [], "excluded_lines": [], "start_line": 71}, "_circuit_breaker_ok": {"executed_lines": [83, 84, 86, 87, 88, 89, 91, 92, 93, 94, 96, 97, 98, 99, 101], "summary": {"covered_lines": 15, "num_statements": 16, "percent_covered": 93.75, "percent_covered_display": "94", "missing_lines": 1, "excluded_lines": 0, "percent_statements_covered": 93.75, "percent_statements_covered_display": "94"}, "missing_lines": [95], "excluded_lines": [], "start_line": 80}, "check_for_breaking": {"executed_lines": [108, 109, 111, 112, 114, 115, 116, 117, 119, 120, 121, 122, 124, 127, 128, 129, 130, 132, 133, 135, 136, 137, 139, 140, 141], "summary": {"covered_lines": 25, "num_statements": 27, "percent_covered": 92.5925925925926, "percent_covered_display": "93", "missing_lines": 2, "excluded_lines": 0, "percent_statements_covered": 92.5925925925926, "percent_statements_covered_display": "93"}, "missing_lines": [125, 126], "excluded_lines": [], "start_line": 106}, "mark_published": {"executed_lines": [146, 147, 154], "summary": {"covered_lines": 3, "num_statements": 3, "percent_covered": 100.0, "percent_covered_display": "100", "missing_lines": 0, "excluded_lines": 0, "percent_statements_covered": 100.0, "percent_statements_covered_display": "100"}, "missing_lines": [], "excluded_lines": [], "start_line": 144}, "mark_publish_failed": {"executed_lines": [163, 164, 171, 172], "summary": {"covered_lines": 4, "num_statements": 4, "percent_covered": 100.0, "percent_covered_display": "100", "missing_lines": 0, "excluded_lines": 0, "percent_statements_covered": 100.0, "percent_statements_covered_display": "100"}, "missing_lines": [], "excluded_lines": [], "start_line": 157}, "": {"executed_lines": [13, 15, 16, 17, 18, 19, 21, 23, 24, 25, 27, 28, 29, 32, 45, 49, 59, 66, 71, 80, 106, 144, 157, 177], "summary": {"covered_lines": 24, "num_statements": 45, "percent_covered": 53.333333333333336, "percent_covered_display": "53", "missing_lines": 21, "excluded_lines": 0, "percent_statements_covered": 53.333333333333336, "percent_statements_covered_display": "53"}, "missing_lines": [178, 180, 181, 183, 184, 186, 187, 189, 190, 191, 197, 201, 203, 204, 205, 206, 207, 208, 211, 212, 214], "excluded_lines": [], "start_line": 1}}, "classes": {"": {"executed_lines": [13, 15, 16, 17, 18, 19, 21, 23, 24, 25, 27, 28, 29, 32, 45, 46, 49, 50, 51, 52, 53, 54, 55, 56, 59, 60, 61, 66, 67, 68, 71, 73, 74, 75, 76, 77, 80, 83, 84, 86, 87, 88, 89, 91, 92, 93, 94, 96, 97, 98, 99, 101, 106, 108, 109, 111, 112, 114, 115, 116, 117, 119, 120, 121, 122, 124, 127, 128, 129, 130, 132, 133, 135, 136, 137, 139, 140, 141, 144, 146, 147, 154, 157, 163, 164, 171, 172, 177], "summary": {"covered_lines": 88, "num_statements": 112, "percent_covered": 78.57142857142857, "percent_covered_display": "79", "missing_lines": 24, "excluded_lines": 0, "percent_statements_covered": 78.57142857142857, "percent_statements_covered_display": "79"}, "missing_lines": [95, 125, 126, 178, 180, 181, 183, 184, 186, 187, 189, 190, 191, 197, 201, 203, 204, 205, 206, 207, 208, 211, 212, 214], "excluded_lines": [], "start_line": 1}}}, "src/breaking_main.py": {"executed_lines": [], "summary": {"covered_lines": 0, "num_statements": 114, "percent_covered": 0.0, "percent_covered_display": "0", "missing_lines": 114, "excluded_lines": 0, "percent_statements_covered": 0.0, "percent_statements_covered_display": "0"}, "missing_lines": [15, 17, 18, 19, 20, 21, 22, 24, 26, 27, 28, 29, 30, 31, 32, 33, 34, 35, 36, 37, 41, 43, 44, 45, 46, 47, 49, 50, 60, 62, 63, 64, 65, 66, 67, 68, 69, 70, 73, 74, 75, 76, 78, 79, 81, 84, 85, 86, 87, 90, 91, 92, 93, 99, 100, 104, 112, 115, 116, 117, 119, 120, 126, 127, 128, 129, 130, 131, 132, 133, 136, 137, 138, 139, 140, 141, 143, 144, 145, 152, 154, 155, 157, 158, 159, 160, 167, 168, 172, 180, 181, 182, 184, 192, 193, 195, 196, 198, 199, 200, 202, 203, 204, 205, 206, 208, 211, 212, 213, 215, 217, 219, 220, 221], "excluded_lines": [], "functions": {"run_breaking_pipeline": {"executed_lines": [], "summary": {"covered_lines": 0, "num_statements": 85, "percent_covered": 0.0, "percent_covered_display": "0", "missing_lines": 85, "excluded_lines": 0, "percent_statements_covered": 0.0, "percent_statements_covered_display": "0"}, "missing_lines": [43, 44, 45, 46, 47, 49, 50, 60, 62, 63, 64, 65, 66, 67, 68, 69, 70, 73, 74, 75, 76, 78, 79, 81, 84, 85, 86, 87, 90, 91, 92, 93, 99, 100, 104, 112, 115, 116, 117, 119, 120, 126, 127, 128, 129, 130, 131, 132, 133, 136, 137, 138, 139, 140, 141, 143, 144, 145, 152, 154, 155, 157, 158, 159, 160, 167, 168, 172, 180, 181, 182, 184, 192, 193, 195, 196, 198, 199, 200, 202, 203, 204, 205, 206, 208], "excluded_lines": [], "start_line": 41}, "": {"executed_lines": [], "summary": {"covered_lines": 0, "num_statements": 29, "percent_covered": 0.0, "percent_covered_display": "0", "missing_lines": 29, "excluded_lines": 0, "percent_statements_covered": 0.0, "percent_statements_covered_display": "0"}, "missing_lines": [15, 17, 18, 19, 20, 21, 22, 24, 26, 27, 28, 29, 30, 31, 32, 33, 34, 35, 36, 37, 41, 211, 212, 213, 215, 217, 219, 220, 221], "excluded_lines": [], "start_line": 1}}, "classes": {"": {"executed_lines": [], "summary": {"covered_lines": 0, "num_statements": 114, "percent_covered": 0.0, "percent_covered_display": "0", "missing_lines": 114, "excluded_lines": 0, "percent_statements_covered": 0.0, "percent_statements_covered_display": "0"}, "missing_lines": [15, 17, 18, 19, 20, 21, 22, 24, 26, 27, 28, 29, 30, 31, 32, 33, 34, 35, 36, 37, 41, 43, 44, 45, 46, 47, 49, 50, 60, 62, 63, 64, 65, 66, 67, 68, 69, 70, 73, 74, 75, 76, 78, 79, 81, 84, 85, 86, 87, 90, 91, 92, 93, 99, 100, 104, 112, 115, 116, 117, 119, 120, 126, 127, 128, 129, 130, 131, 132, 133, 136, 137, 138, 139, 140, 141, 143, 144, 145, 152, 154, 155, 157, 158, 159, 160, 167, 168, 172, 180, 181, 182, 184, 192, 193, 195, 196, 198, 199, 200, 202, 203, 204, 205, 206, 208, 211, 212, 213, 215, 217, 219, 220, 221], "excluded_lines": [], "start_line": 1}}}, "src/breaking_script_generator.py": {"executed_lines": [11, 13, 14, 16, 17, 19, 20, 21, 22, 23, 24, 26, 140, 222, 231, 232, 233, 234, 235, 236, 237, 238, 242, 251, 253, 254, 256, 270, 272, 273, 274, 288, 296, 297, 298, 301, 303, 304, 306, 320, 322, 323, 330, 339, 340, 341], "summary": {"covered_lines": 46, "num_statements": 46, "percent_covered": 100.0, "percent_covered_display": "100", "missing_lines": 0, "excluded_lines": 0, "percent_statements_covered": 100.0, "percent_statements_covered_display": "100"}, "missing_lines": [], "excluded_lines": [], "functions": {"_log_usage": {"executed_lines": [232, 233, 234, 235, 236, 237, 238, 242], "summary": {"covered_lines": 8, "num_statements": 8, "percent_covered": 100.0, "percent_covered_display": "100", "missing_lines": 0, "excluded_lines": 0, "percent_statements_covered": 100.0, "percent_statements_covered_display": "100"}, "missing_lines": [], "excluded_lines": [], "start_line": 231}, "generate_breaking_script": {"executed_lines": [253, 254, 256, 270, 272, 273, 274, 288, 296, 297, 298], "summary": {"covered_lines": 11, "num_statements": 11, "percent_covered": 100.0, "percent_covered_display": "100", "missing_lines": 0, "excluded_lines": 0, "percent_statements_covered": 100.0, "percent_statements_covered_display": "100"}, "missing_lines": [], "excluded_lines": [], "start_line": 251}, "generate_breaking_short_script": {"executed_lines": [303, 304, 306, 320, 322, 323, 330, 339, 340, 341], "summary": {"covered_lines": 10, "num_statements": 10, "percent_covered": 100.0, "percent_covered_display": "100", "missing_lines": 0, "excluded_lines": 0, "percent_statements_covered": 100.0, "percent_statements_covered_display": "100"}, "missing_lines": [], "excluded_lines": [], "start_line": 301}, "": {"executed_lines": [11, 13, 14, 16, 17, 19, 20, 21, 22, 23, 24, 26, 140, 222, 231, 251, 301], "summary": {"covered_lines": 17, "num_statements": 17, "percent_covered": 100.0, "percent_covered_display": "100", "missing_lines": 0, "excluded_lines": 0, "percent_statements_covered": 100.0, "percent_statements_covered_display": "100"}, "missing_lines": [], "excluded_lines": [], "start_line": 1}}, "classes": {"": {"executed_lines": [11, 13, 14, 16, 17, 19, 20, 21, 22, 23, 24, 26, 140, 222, 231, 232, 233, 234, 235, 236, 237, 238, 242, 251, 253, 254, 256, 270, 272, 273, 274, 288, 296, 297, 298, 301, 303, 304, 306, 320, 322, 323, 330, 339, 340, 341], "summary": {"covered_lines": 46, "num_statements": 46, "percent_covered": 100.0, "percent_covered_display": "100", "missing_lines": 0, "excluded_lines": 0, "percent_statements_covered": 100.0, "percent_statements_covered_display": "100"}, "missing_lines": [], "excluded_lines": [], "start_line": 1}}}, "src/broll_fetcher.py": {"executed_lines": [28, 30, 31, 32, 34, 36, 37, 38, 39, 40, 42, 43, 45, 50, 51, 52, 53, 54, 65, 68, 69, 70, 71, 72, 73, 74, 79, 80, 81, 82, 83, 93, 96, 97, 99, 100, 101, 102, 103, 108, 109, 110, 111, 112, 113, 114, 117, 119, 120, 121, 122, 124, 126, 129, 130, 131, 132, 137, 138, 141, 142, 143, 144, 145, 146, 147, 150, 151, 152, 157, 168, 169, 170, 172, 175, 176, 177, 178, 179, 180, 181, 182, 183, 188, 189, 190, 191, 196, 197, 198, 199, 202, 203, 204, 205, 206, 207, 208, 210, 211, 212, 213, 217, 218, 222, 225, 239, 240, 242, 243, 244, 245, 246, 247, 248, 250, 251, 252, 253, 254, 255, 256, 258, 259, 260, 261, 263, 264, 265, 266, 267, 268, 269, 271, 272, 273, 274, 275, 276, 277, 284], "summary": {"covered_lines": 141, "num_statements": 152, "percent_covered": 92.76315789473684, "percent_covered_display": "93", "missing_lines": 11, "excluded_lines": 0, "percent_statements_covered": 92.76315789473684, "percent_statements_covered_display": "93"}, "missing_lines": [209, 214, 215, 249, 257, 270, 278, 279, 280, 281, 282], "excluded_lines": [], "functions": {"_pexels_search": {"executed_lines": [51, 52, 53, 54, 65], "summary": {"covered_lines": 5, "num_statements": 5, "percent_covered": 100.0, "percent_covered_display": "100", "missing_lines": 0, "excluded_lines": 0, "percent_statements_covered": 100.0, "percent_statements_covered_display": "100"}, "missing_lines": [], "excluded_lines": [], "start_line": 50}, "_pexels_best_file": {"executed_lines": [69, 70, 71, 72, 73, 74], "summary": {"covered_lines": 6, "num_statements": 6, "percent_covered": 100.0, "percent_covered_display": "100", "missing_lines": 0, "excluded_lines": 0, "percent_statements_covered": 100.0, "percent_statements_covered_display": "100"}, "missing_lines": [], "excluded_lines": [], "start_line": 68}, "_pixabay_search": {"executed_lines": [80, 81, 82, 83, 93], "summary": {"covered_lines": 5, "num_statements": 5, "percent_covered": 100.0, "percent_covered_display": "100", "missing_lines": 0, "excluded_lines": 0, "percent_statements_covered": 100.0, "percent_statements_covered_display": "100"}, "missing_lines": [], "excluded_lines": [], "start_line": 79}, "_pixabay_best_url": {"executed_lines": [97, 99, 100, 101, 102, 103], "summary": {"covered_lines": 6, "num_statements": 6, "percent_covered": 100.0, "percent_covered_display": "100", "missing_lines": 0, "excluded_lines": 0, "percent_statements_covered": 100.0, "percent_statements_covered_display": "100"}, "missing_lines": [], "excluded_lines": [], "start_line": 96}, "_download": {"executed_lines": [109, 110, 111, 112, 113, 114], "summary": {"covered_lines": 6, "num_statements": 6, "percent_covered": 100.0, "percent_covered_display": "100", "missing_lines": 0, "excluded_lines": 0, "percent_statements_covered": 100.0, "percent_statements_covered_display": "100"}, "missing_lines": [], "excluded_lines": [], "start_line": 108}, "_process_clip": {"executed_lines": [119, 120, 121, 122, 124, 126, 129, 130, 131, 132], "summary": {"covered_lines": 10, "num_statements": 10, "percent_covered": 100.0, "percent_covered_display": "100", "missing_lines": 0, "excluded_lines": 0, "percent_statements_covered": 100.0, "percent_statements_covered_display": "100"}, "missing_lines": [], "excluded_lines": [], "start_line": 117}, "_credits_file": {"executed_lines": [138], "summary": {"covered_lines": 1, "num_statements": 1, "percent_covered": 100.0, "percent_covered_display": "100", "missing_lines": 0, "excluded_lines": 0, "percent_statements_covered": 100.0, "percent_statements_covered_display": "100"}, "missing_lines": [], "excluded_lines": [], "start_line": 137}, "save_pexels_credit": {"executed_lines": [142, 143, 144, 145, 146, 147], "summary": {"covered_lines": 6, "num_statements": 6, "percent_covered": 100.0, "percent_covered_display": "100", "missing_lines": 0, "excluded_lines": 0, "percent_statements_covered": 100.0, "percent_statements_covered_display": "100"}, "missing_lines": [], "excluded_lines": [], "start_line": 141}, "get_pexels_credits": {"executed_lines": [151, 152], "summary": {"covered_lines": 2, "num_statements": 2, "percent_covered": 100.0, "percent_covered_display": "100", "missing_lines": 0, "excluded_lines": 0, "percent_statements_covered": 100.0, "percent_statements_covered_display": "100"}, "missing_lines": [], "excluded_lines": [], "start_line": 150}, "fetch_broll_clip": {"executed_lines": [168, 169, 170, 172, 175, 176, 177, 178, 179, 180, 181, 182, 183, 188, 189, 190, 191, 196, 197, 198, 199, 202, 203, 204, 205, 206, 207, 208, 210, 211, 212, 213, 217, 218, 222], "summary": {"covered_lines": 35, "num_statements": 38, "percent_covered": 92.10526315789474, "percent_covered_display": "92", "missing_lines": 3, "excluded_lines": 0, "percent_statements_covered": 92.10526315789474, "percent_statements_covered_display": "92"}, "missing_lines": [209, 214, 215], "excluded_lines": [], "start_line": 157}, "fetch_broll_for_short": {"executed_lines": [239, 240, 242, 243, 244, 245, 246, 247, 248, 250, 251, 252, 253, 254, 255, 256, 258, 259, 260, 261, 263, 264, 265, 266, 267, 268, 269, 271, 272, 273, 274, 275, 276, 277, 284], "summary": {"covered_lines": 35, "num_statements": 43, "percent_covered": 81.3953488372093, "percent_covered_display": "81", "missing_lines": 8, "excluded_lines": 0, "percent_statements_covered": 81.3953488372093, "percent_statements_covered_display": "81"}, "missing_lines": [249, 257, 270, 278, 279, 280, 281, 282], "excluded_lines": [], "start_line": 225}, "": {"executed_lines": [28, 30, 31, 32, 34, 36, 37, 38, 39, 40, 42, 43, 45, 50, 68, 79, 96, 108, 117, 137, 141, 150, 157, 225], "summary": {"covered_lines": 24, "num_statements": 24, "percent_covered": 100.0, "percent_covered_display": "100", "missing_lines": 0, "excluded_lines": 0, "percent_statements_covered": 100.0, "percent_statements_covered_display": "100"}, "missing_lines": [], "excluded_lines": [], "start_line": 1}}, "classes": {"": {"executed_lines": [28, 30, 31, 32, 34, 36, 37, 38, 39, 40, 42, 43, 45, 50, 51, 52, 53, 54, 65, 68, 69, 70, 71, 72, 73, 74, 79, 80, 81, 82, 83, 93, 96, 97, 99, 100, 101, 102, 103, 108, 109, 110, 111, 112, 113, 114, 117, 119, 120, 121, 122, 124, 126, 129, 130, 131, 132, 137, 138, 141, 142, 143, 144, 145, 146, 147, 150, 151, 152, 157, 168, 169, 170, 172, 175, 176, 177, 178, 179, 180, 181, 182, 183, 188, 189, 190, 191, 196, 197, 198, 199, 202, 203, 204, 205, 206, 207, 208, 210, 211, 212, 213, 217, 218, 222, 225, 239, 240, 242, 243, 244, 245, 246, 247, 248, 250, 251, 252, 253, 254, 255, 256, 258, 259, 260, 261, 263, 264, 265, 266, 267, 268, 269, 271, 272, 273, 274, 275, 276, 277, 284], "summary": {"covered_lines": 141, "num_statements": 152, "percent_covered": 92.76315789473684, "percent_covered_display": "93", "missing_lines": 11, "excluded_lines": 0, "percent_statements_covered": 92.76315789473684, "percent_statements_covered_display": "93"}, "missing_lines": [209, 214, 215, 249, 257, 270, 278, 279, 280, 281, 282], "excluded_lines": [], "start_line": 1}}}, "src/budget_guard.py": {"executed_lines": [14, 16, 17, 18, 19, 21, 24, 25, 26, 27, 28, 29, 30, 32, 33, 34, 36, 37, 38, 40, 41, 42, 44, 45, 47, 49, 50, 51, 54, 57, 63, 64, 65, 69, 71, 72, 74, 76, 77, 79, 80, 81, 82, 83, 84, 85, 86, 87, 91, 93, 94], "summary": {"covered_lines": 51, "num_statements": 51, "percent_covered": 100.0, "percent_covered_display": "100", "missing_lines": 0, "excluded_lines": 0, "percent_statements_covered": 100.0, "percent_statements_covered_display": "100"}, "missing_lines": [], "excluded_lines": [], "functions": {"BudgetStatus.day_exceeded": {"executed_lines": [34], "summary": {"covered_lines": 1, "num_statements": 1, "percent_covered": 100.0, "percent_covered_display": "100", "missing_lines": 0, "excluded_lines": 0, "percent_statements_covered": 100.0, "percent_statements_covered_display": "100"}, "missing_lines": [], "excluded_lines": [], "start_line": 33}, "BudgetStatus.month_exceeded": {"executed_lines": [38], "summary": {"covered_lines": 1, "num_statements": 1, "percent_covered": 100.0, "percent_covered_display": "100", "missing_lines": 0, "excluded_lines": 0, "percent_statements_covered": 100.0, "percent_statements_covered_display": "100"}, "missing_lines": [], "excluded_lines": [], "start_line": 37}, "BudgetStatus.any_exceeded": {"executed_lines": [42], "summary": {"covered_lines": 1, "num_statements": 1, "percent_covered": 100.0, "percent_covered_display": "100", "missing_lines": 0, "excluded_lines": 0, "percent_statements_covered": 100.0, "percent_statements_covered_display": "100"}, "missing_lines": [], "excluded_lines": [], "start_line": 41}, "BudgetStatus.day_pct": {"executed_lines": [47], "summary": {"covered_lines": 1, "num_statements": 1, "percent_covered": 100.0, "percent_covered_display": "100", "missing_lines": 0, "excluded_lines": 0, "percent_statements_covered": 100.0, "percent_statements_covered_display": "100"}, "missing_lines": [], "excluded_lines": [], "start_line": 45}, "BudgetStatus.month_pct": {"executed_lines": [51], "summary": {"covered_lines": 1, "num_statements": 1, "percent_covered": 100.0, "percent_covered_display": "100", "missing_lines": 0, "excluded_lines": 0, "percent_statements_covered": 100.0, "percent_statements_covered_display": "100"}, "missing_lines": [], "excluded_lines": [], "start_line": 50}, "BudgetGuard.__init__": {"executed_lines": [63, 64, 65], "summary": {"covered_lines": 3, "num_statements": 3, "percent_covered": 100.0, "percent_covered_display": "100", "missing_lines": 0, "excluded_lines": 0, "percent_statements_covered": 100.0, "percent_statements_covered_display": "100"}, "missing_lines": [], "excluded_lines": [], "start_line": 57}, "BudgetGuard.aggregate_day": {"executed_lines": [71, 72], "summary": {"covered_lines": 2, "num_statements": 2, "percent_covered": 100.0, "percent_covered_display": "100", "missing_lines": 0, "excluded_lines": 0, "percent_statements_covered": 100.0, "percent_statements_covered_display": "100"}, "missing_lines": [], "excluded_lines": [], "start_line": 69}, "BudgetGuard.aggregate_month": {"executed_lines": [76, 77], "summary": {"covered_lines": 2, "num_statements": 2, "percent_covered": 100.0, "percent_covered_display": "100", "missing_lines": 0, "excluded_lines": 0, "percent_statements_covered": 100.0, "percent_statements_covered_display": "100"}, "missing_lines": [], "excluded_lines": [], "start_line": 74}, "BudgetGuard._sum_reports": {"executed_lines": [80, 81, 82, 83, 84, 85, 86, 87], "summary": {"covered_lines": 8, "num_statements": 8, "percent_covered": 100.0, "percent_covered_display": "100", "missing_lines": 0, "excluded_lines": 0, "percent_statements_covered": 100.0, "percent_statements_covered_display": "100"}, "missing_lines": [], "excluded_lines": [], "start_line": 79}, "BudgetGuard.check": {"executed_lines": [93, 94], "summary": {"covered_lines": 2, "num_statements": 2, "percent_covered": 100.0, "percent_covered_display": "100", "missing_lines": 0, "excluded_lines": 0, "percent_statements_covered": 100.0, "percent_statements_covered_display": "100"}, "missing_lines": [], "excluded_lines": [], "start_line": 91}, "": {"executed_lines": [14, 16, 17, 18, 19, 21, 24, 25, 26, 27, 28, 29, 30, 32, 33, 36, 37, 40, 41, 44, 45, 49, 50, 54, 57, 69, 74, 79, 91], "summary": {"covered_lines": 29, "num_statements": 29, "percent_covered": 100.0, "percent_covered_display": "100", "missing_lines": 0, "excluded_lines": 0, "percent_statements_covered": 100.0, "percent_statements_covered_display": "100"}, "missing_lines": [], "excluded_lines": [], "start_line": 1}}, "classes": {"BudgetStatus": {"executed_lines": [34, 38, 42, 47, 51], "summary": {"covered_lines": 5, "num_statements": 5, "percent_covered": 100.0, "percent_covered_display": "100", "missing_lines": 0, "excluded_lines": 0, "percent_statements_covered": 100.0, "percent_statements_covered_display": "100"}, "missing_lines": [], "excluded_lines": [], "start_line": 25}, "BudgetGuard": {"executed_lines": [63, 64, 65, 71, 72, 76, 77, 80, 81, 82, 83, 84, 85, 86, 87, 93, 94], "summary": {"covered_lines": 17, "num_statements": 17, "percent_covered": 100.0, "percent_covered_display": "100", "missing_lines": 0, "excluded_lines": 0, "percent_statements_covered": 100.0, "percent_statements_covered_display": "100"}, "missing_lines": [], "excluded_lines": [], "start_line": 54}, "": {"executed_lines": [14, 16, 17, 18, 19, 21, 24, 25, 26, 27, 28, 29, 30, 32, 33, 36, 37, 40, 41, 44, 45, 49, 50, 54, 57, 69, 74, 79, 91], "summary": {"covered_lines": 29, "num_statements": 29, "percent_covered": 100.0, "percent_covered_display": "100", "missing_lines": 0, "excluded_lines": 0, "percent_statements_covered": 100.0, "percent_statements_covered_display": "100"}, "missing_lines": [], "excluded_lines": [], "start_line": 1}}}, "src/checkpoint.py": {"executed_lines": [12, 14, 15, 16, 17, 19, 22, 25, 32, 33, 34, 35, 39, 41, 43, 45, 50, 51, 53, 55, 56, 58, 60, 66, 68, 69, 70, 72, 73, 74, 78, 79, 80, 81, 82, 83, 84, 85, 86, 87, 88, 90, 91, 92, 93], "summary": {"covered_lines": 45, "num_statements": 45, "percent_covered": 100.0, "percent_covered_display": "100", "missing_lines": 0, "excluded_lines": 0, "percent_statements_covered": 100.0, "percent_statements_covered_display": "100"}, "missing_lines": [], "excluded_lines": [], "functions": {"PipelineCheckpoint.__init__": {"executed_lines": [33, 34, 35], "summary": {"covered_lines": 3, "num_statements": 3, "percent_covered": 100.0, "percent_covered_display": "100", "missing_lines": 0, "excluded_lines": 0, "percent_statements_covered": 100.0, "percent_statements_covered_display": "100"}, "missing_lines": [], "excluded_lines": [], "start_line": 32}, "PipelineCheckpoint.is_done": {"executed_lines": [41], "summary": {"covered_lines": 1, "num_statements": 1, "percent_covered": 100.0, "percent_covered_display": "100", "missing_lines": 0, "excluded_lines": 0, "percent_statements_covered": 100.0, "percent_statements_covered_display": "100"}, "missing_lines": [], "excluded_lines": [], "start_line": 39}, "PipelineCheckpoint.mark_done": {"executed_lines": [45, 50, 51], "summary": {"covered_lines": 3, "num_statements": 3, "percent_covered": 100.0, "percent_covered_display": "100", "missing_lines": 0, "excluded_lines": 0, "percent_statements_covered": 100.0, "percent_statements_covered_display": "100"}, "missing_lines": [], "excluded_lines": [], "start_line": 43}, "PipelineCheckpoint.metadata": {"executed_lines": [55, 56], "summary": {"covered_lines": 2, "num_statements": 2, "percent_covered": 100.0, "percent_covered_display": "100", "missing_lines": 0, "excluded_lines": 0, "percent_statements_covered": 100.0, "percent_statements_covered_display": "100"}, "missing_lines": [], "excluded_lines": [], "start_line": 53}, "PipelineCheckpoint.completed_steps": {"executed_lines": [60], "summary": {"covered_lines": 1, "num_statements": 1, "percent_covered": 100.0, "percent_covered_display": "100", "missing_lines": 0, "excluded_lines": 0, "percent_statements_covered": 100.0, "percent_statements_covered_display": "100"}, "missing_lines": [], "excluded_lines": [], "start_line": 58}, "PipelineCheckpoint.reset": {"executed_lines": [68, 69, 70, 72, 73, 74], "summary": {"covered_lines": 6, "num_statements": 6, "percent_covered": 100.0, "percent_covered_display": "100", "missing_lines": 0, "excluded_lines": 0, "percent_statements_covered": 100.0, "percent_statements_covered_display": "100"}, "missing_lines": [], "excluded_lines": [], "start_line": 66}, "PipelineCheckpoint._load": {"executed_lines": [79, 80, 81, 82, 83, 84, 85, 86, 87, 88], "summary": {"covered_lines": 10, "num_statements": 10, "percent_covered": 100.0, "percent_covered_display": "100", "missing_lines": 0, "excluded_lines": 0, "percent_statements_covered": 100.0, "percent_statements_covered_display": "100"}, "missing_lines": [], "excluded_lines": [], "start_line": 78}, "PipelineCheckpoint._save": {"executed_lines": [91, 92, 93], "summary": {"covered_lines": 3, "num_statements": 3, "percent_covered": 100.0, "percent_covered_display": "100", "missing_lines": 0, "excluded_lines": 0, "percent_statements_covered": 100.0, "percent_statements_covered_display": "100"}, "missing_lines": [], "excluded_lines": [], "start_line": 90}, "": {"executed_lines": [12, 14, 15, 16, 17, 19, 22, 25, 32, 39, 43, 53, 58, 66, 78, 90], "summary": {"covered_lines": 16, "num_statements": 16, "percent_covered": 100.0, "percent_covered_display": "100", "missing_lines": 0, "excluded_lines": 0, "percent_statements_covered": 100.0, "percent_statements_covered_display": "100"}, "missing_lines": [], "excluded_lines": [], "start_line": 1}}, "classes": {"PipelineCheckpoint": {"executed_lines": [33, 34, 35, 41, 45, 50, 51, 55, 56, 60, 68, 69, 70, 72, 73, 74, 79, 80, 81, 82, 83, 84, 85, 86, 87, 88, 91, 92, 93], "summary": {"covered_lines": 29, "num_statements": 29, "percent_covered": 100.0, "percent_covered_display": "100", "missing_lines": 0, "excluded_lines": 0, "percent_statements_covered": 100.0, "percent_statements_covered_display": "100"}, "missing_lines": [], "excluded_lines": [], "start_line": 25}, "": {"executed_lines": [12, 14, 15, 16, 17, 19, 22, 25, 32, 39, 43, 53, 58, 66, 78, 90], "summary": {"covered_lines": 16, "num_statements": 16, "percent_covered": 100.0, "percent_covered_display": "100", "missing_lines": 0, "excluded_lines": 0, "percent_statements_covered": 100.0, "percent_statements_covered_display": "100"}, "missing_lines": [], "excluded_lines": [], "start_line": 1}}}, "src/circuit_breaker.py": {"executed_lines": [23, 25, 26, 27, 28, 29, 31, 36, 43, 44, 45, 46, 54, 55, 56, 57, 62, 74, 82, 83, 84, 85, 86, 88, 89, 90, 91, 92, 93, 97, 98, 99, 100, 102, 103, 104, 105, 109, 111, 115, 116, 117, 118, 120, 121, 122, 123, 124, 125, 126, 127, 128, 129, 131, 132, 133, 134, 135, 136, 140, 142, 143, 144, 145, 149, 150, 151, 152, 154, 155, 156, 157, 158, 159, 161, 162, 163, 165, 167, 168, 169, 170, 172, 174, 175, 176, 177, 178, 179, 181, 182, 191, 197, 203], "summary": {"covered_lines": 94, "num_statements": 94, "percent_covered": 100.0, "percent_covered_display": "100", "missing_lines": 0, "excluded_lines": 1, "percent_statements_covered": 100.0, "percent_statements_covered_display": "100"}, "missing_lines": [], "excluded_lines": [1], "functions": {"CircuitOpenError.__init__": {"executed_lines": [44, 45, 46], "summary": {"covered_lines": 3, "num_statements": 3, "percent_covered": 100.0, "percent_covered_display": "100", "missing_lines": 0, "excluded_lines": 0, "percent_statements_covered": 100.0, "percent_statements_covered_display": "100"}, "missing_lines": [], "excluded_lines": [], "start_line": 43}, "CircuitBreaker.__init__": {"executed_lines": [82, 83, 84, 85, 86, 88, 89, 90, 91, 92, 93], "summary": {"covered_lines": 11, "num_statements": 11, "percent_covered": 100.0, "percent_covered_display": "100", "missing_lines": 0, "excluded_lines": 0, "percent_statements_covered": 100.0, "percent_statements_covered_display": "100"}, "missing_lines": [], "excluded_lines": [], "start_line": 74}, "CircuitBreaker.state": {"executed_lines": [99, 100], "summary": {"covered_lines": 2, "num_statements": 2, "percent_covered": 100.0, "percent_covered_display": "100", "missing_lines": 0, "excluded_lines": 0, "percent_statements_covered": 100.0, "percent_statements_covered_display": "100"}, "missing_lines": [], "excluded_lines": [], "start_line": 98}, "CircuitBreaker.failure_count": {"executed_lines": [104, 105], "summary": {"covered_lines": 2, "num_statements": 2, "percent_covered": 100.0, "percent_covered_display": "100", "missing_lines": 0, "excluded_lines": 0, "percent_statements_covered": 100.0, "percent_statements_covered_display": "100"}, "missing_lines": [], "excluded_lines": [], "start_line": 103}, "CircuitBreaker._effective_state": {"executed_lines": [111, 115, 116, 117, 118], "summary": {"covered_lines": 5, "num_statements": 5, "percent_covered": 100.0, "percent_covered_display": "100", "missing_lines": 0, "excluded_lines": 0, "percent_statements_covered": 100.0, "percent_statements_covered_display": "100"}, "missing_lines": [], "excluded_lines": [], "start_line": 109}, "CircuitBreaker._record_success": {"executed_lines": [121, 122, 123, 124, 125, 126, 127, 128, 129], "summary": {"covered_lines": 9, "num_statements": 9, "percent_covered": 100.0, "percent_covered_display": "100", "missing_lines": 0, "excluded_lines": 0, "percent_statements_covered": 100.0, "percent_statements_covered_display": "100"}, "missing_lines": [], "excluded_lines": [], "start_line": 120}, "CircuitBreaker._record_failure": {"executed_lines": [132, 133, 134, 135, 136], "summary": {"covered_lines": 5, "num_statements": 5, "percent_covered": 100.0, "percent_covered_display": "100", "missing_lines": 0, "excluded_lines": 0, "percent_statements_covered": 100.0, "percent_statements_covered_display": "100"}, "missing_lines": [], "excluded_lines": [], "start_line": 131}, "CircuitBreaker.call": {"executed_lines": [142, 143, 144, 145, 149, 150, 151, 152, 154, 155, 156, 157, 158, 159, 161, 162, 163], "summary": {"covered_lines": 17, "num_statements": 17, "percent_covered": 100.0, "percent_covered_display": "100", "missing_lines": 0, "excluded_lines": 0, "percent_statements_covered": 100.0, "percent_statements_covered_display": "100"}, "missing_lines": [], "excluded_lines": [], "start_line": 140}, "CircuitBreaker.__call__": {"executed_lines": [167, 168, 170], "summary": {"covered_lines": 3, "num_statements": 3, "percent_covered": 100.0, "percent_covered_display": "100", "missing_lines": 0, "excluded_lines": 0, "percent_statements_covered": 100.0, "percent_statements_covered_display": "100"}, "missing_lines": [], "excluded_lines": [], "start_line": 165}, "CircuitBreaker.__call__.wrapper": {"executed_lines": [169], "summary": {"covered_lines": 1, "num_statements": 1, "percent_covered": 100.0, "percent_covered_display": "100", "missing_lines": 0, "excluded_lines": 0, "percent_statements_covered": 100.0, "percent_statements_covered_display": "100"}, "missing_lines": [], "excluded_lines": [], "start_line": 168}, "CircuitBreaker.reset": {"executed_lines": [174, 175, 176, 177, 178, 179], "summary": {"covered_lines": 6, "num_statements": 6, "percent_covered": 100.0, "percent_covered_display": "100", "missing_lines": 0, "excluded_lines": 0, "percent_statements_covered": 100.0, "percent_statements_covered_display": "100"}, "missing_lines": [], "excluded_lines": [], "start_line": 172}, "CircuitBreaker.__repr__": {"executed_lines": [182], "summary": {"covered_lines": 1, "num_statements": 1, "percent_covered": 100.0, "percent_covered_display": "100", "missing_lines": 0, "excluded_lines": 0, "percent_statements_covered": 100.0, "percent_statements_covered_display": "100"}, "missing_lines": [], "excluded_lines": [], "start_line": 181}, "": {"executed_lines": [23, 25, 26, 27, 28, 29, 31, 36, 43, 54, 55, 56, 57, 62, 74, 97, 98, 102, 103, 109, 120, 131, 140, 165, 172, 181, 191, 197, 203], "summary": {"covered_lines": 29, "num_statements": 29, "percent_covered": 100.0, "percent_covered_display": "100", "missing_lines": 0, "excluded_lines": 1, "percent_statements_covered": 100.0, "percent_statements_covered_display": "100"}, "missing_lines": [], "excluded_lines": [1], "start_line": 1}}, "classes": {"CircuitOpenError": {"executed_lines": [44, 45, 46], "summary": {"covered_lines": 3, "num_statements": 3, "percent_covered": 100.0, "percent_covered_display": "100", "missing_lines": 0, "excluded_lines": 0, "percent_statements_covered": 100.0, "percent_statements_covered_display": "100"}, "missing_lines": [], "excluded_lines": [], "start_line": 36}, "CircuitState": {"executed_lines": [], "summary": {"covered_lines": 0, "num_statements":
[...]
s_short": {"executed_lines": [], "summary": {"covered_lines": 0, "num_statements": 7, "percent_covered": 0.0, "percent_covered_display": "0", "missing_lines": 7, "excluded_lines": 0, "percent_statements_covered": 0.0, "percent_statements_covered_display": "0"}, "missing_lines": [85, 86, 87, 88, 89, 90, 91], "excluded_lines": [], "start_line": 78}, "_build_scene_short": {"executed_lines": [], "summary": {"covered_lines": 0, "num_statements": 34, "percent_covered": 0.0, "percent_covered_display": "0", "missing_lines": 34, "excluded_lines": 0, "percent_statements_covered": 0.0, "percent_statements_covered_display": "0"}, "missing_lines": [103, 104, 107, 108, 109, 113, 116, 117, 118, 120, 121, 124, 125, 128, 129, 130, 131, 132, 133, 134, 135, 136, 137, 140, 141, 146, 147, 150, 151, 152, 157, 158, 160, 161], "excluded_lines": [], "start_line": 96}, "build_tutorial_shorts": {"executed_lines": [], "summary": {"covered_lines": 0, "num_statements": 32, "percent_covered": 0.0, "percent_covered_display": "0", "missing_lines": 32, "excluded_lines": 0, "percent_statements_covered": 0.0, "percent_statements_covered_display": "0"}, "missing_lines": [178, 179, 180, 181, 183, 184, 186, 187, 188, 189, 190, 192, 193, 195, 196, 197, 199, 200, 201, 202, 205, 206, 207, 208, 210, 212, 213, 214, 215, 216, 218, 219], "excluded_lines": [], "start_line": 166}, "": {"executed_lines": [], "summary": {"covered_lines": 0, "num_statements": 21, "percent_covered": 0.0, "percent_covered_display": "0", "missing_lines": 21, "excluded_lines": 0, "percent_statements_covered": 0.0, "percent_statements_covered_display": "0"}, "missing_lines": [11, 13, 14, 16, 17, 18, 19, 20, 22, 23, 24, 25, 27, 28, 33, 50, 57, 63, 78, 96, 166], "excluded_lines": [], "start_line": 1}}, "classes": {"": {"executed_lines": [], "summary": {"covered_lines": 0, "num_statements": 110, "percent_covered": 0.0, "percent_covered_display": "0", "missing_lines": 110, "excluded_lines": 0, "percent_statements_covered": 0.0, "percent_statements_covered_display": "0"}, "missing_lines": [11, 13, 14, 16, 17, 18, 19, 20, 22, 23, 24, 25, 27, 28, 33, 35, 36, 37, 38, 39, 40, 41, 42, 43, 44, 45, 50, 51, 52, 53, 54, 57, 63, 64, 78, 85, 86, 87, 88, 89, 90, 91, 96, 103, 104, 107, 108, 109, 113, 116, 117, 118, 120, 121, 124, 125, 128, 129, 130, 131, 132, 133, 134, 135, 136, 137, 140, 141, 146, 147, 150, 151, 152, 157, 158, 160, 161, 166, 178, 179, 180, 181, 183, 184, 186, 187, 188, 189, 190, 192, 193, 195, 196, 197, 199, 200, 201, 202, 205, 206, 207, 208, 210, 212, 213, 214, 215, 216, 218, 219], "excluded_lines": [], "start_line": 1}}}, "src/youtube_analytics.py": {"executed_lines": [2, 3, 4, 6, 7, 10, 12, 14, 17, 18, 19, 20, 21, 22, 23, 24, 25, 26, 32, 33, 34, 36, 37, 40, 49, 51, 60, 62, 63, 65, 72, 81, 83, 92, 94, 96], "summary": {"covered_lines": 36, "num_statements": 40, "percent_covered": 90.0, "percent_covered_display": "90", "missing_lines": 4, "excluded_lines": 0, "percent_statements_covered": 90.0, "percent_statements_covered_display": "90"}, "missing_lines": [27, 28, 30, 31], "excluded_lines": [], "functions": {"get_analytics_service": {"executed_lines": [12, 14, 17, 18, 19, 20, 21, 22, 23, 24, 25, 26, 32, 33, 34, 36, 37], "summary": {"covered_lines": 17, "num_statements": 21, "percent_covered": 80.95238095238095, "percent_covered_display": "81", "missing_lines": 4, "excluded_lines": 0, "percent_statements_covered": 80.95238095238095, "percent_statements_covered_display": "81"}, "missing_lines": [27, 28, 30, 31], "excluded_lines": [], "start_line": 10}, "get_video_metrics": {"executed_lines": [49, 51, 60, 62, 63, 65], "summary": {"covered_lines": 6, "num_statements": 6, "percent_covered": 100.0, "percent_covered_display": "100", "missing_lines": 0, "excluded_lines": 0, "percent_statements_covered": 100.0, "percent_statements_covered_display": "100"}, "missing_lines": [], "excluded_lines": [], "start_line": 40}, "get_retention_curve": {"executed_lines": [81, 83, 92, 94, 96], "summary": {"covered_lines": 5, "num_statements": 5, "percent_covered": 100.0, "percent_covered_display": "100", "missing_lines": 0, "excluded_lines": 0, "percent_statements_covered": 100.0, "percent_statements_covered_display": "100"}, "missing_lines": [], "excluded_lines": [], "start_line": 72}, "": {"executed_lines": [2, 3, 4, 6, 7, 10, 40, 72], "summary": {"covered_lines": 8, "num_statements": 8, "percent_covered": 100.0, "percent_covered_display": "100", "missing_lines": 0, "excluded_lines": 0, "percent_statements_covered": 100.0, "percent_statements_covered_display": "100"}, "missing_lines": [], "excluded_lines": [], "start_line": 1}}, "classes": {"": {"executed_lines": [2, 3, 4, 6, 7, 10, 12, 14, 17, 18, 19, 20, 21, 22, 23, 24, 25, 26, 32, 33, 34, 36, 37, 40, 49, 51, 60, 62, 63, 65, 72, 81, 83, 92, 94, 96], "summary": {"covered_lines": 36, "num_statements": 40, "percent_covered": 90.0, "percent_covered_display": "90", "missing_lines": 4, "excluded_lines": 0, "percent_statements_covered": 90.0, "percent_statements_covered_display": "90"}, "missing_lines": [27, 28, 30, 31], "excluded_lines": [], "start_line": 1}}}, "src/youtube_quota_guard.py": {"executed_lines": [16, 18, 19, 20, 21, 23, 27, 34, 37, 40, 43, 48, 49, 50, 54, 55, 56, 57, 58, 59, 61, 62, 63, 64, 65, 66, 67, 71, 72, 73, 75, 77, 79, 81, 83, 85, 86, 88, 90, 91, 92, 93, 94, 95, 96, 97, 98, 100, 102, 103, 104, 105, 107, 109, 113, 114, 120, 121, 122, 123, 124, 125, 126, 130, 131, 132, 133], "summary": {"covered_lines": 67, "num_statements": 67, "percent_covered": 100.0, "percent_covered_display": "100", "missing_lines": 0, "excluded_lines": 1, "percent_statements_covered": 100.0, "percent_statements_covered_display": "100"}, "missing_lines": [], "excluded_lines": [1], "functions": {"YouTubeQuotaGuard.__init__": {"executed_lines": [48, 49, 50], "summary": {"covered_lines": 3, "num_statements": 3, "percent_covered": 100.0, "percent_covered_display": "100", "missing_lines": 0, "excluded_lines": 0, "percent_statements_covered": 100.0, "percent_statements_covered_display": "100"}, "missing_lines": [], "excluded_lines": [], "start_line": 43}, "YouTubeQuotaGuard._load": {"executed_lines": [55, 56, 57, 58, 59], "summary": {"covered_lines": 5, "num_statements": 5, "percent_covered": 100.0, "percent_covered_display": "100", "missing_lines": 0, "excluded_lines": 0, "percent_statements_covered": 100.0, "percent_statements_covered_display": "100"}, "missing_lines": [], "excluded_lines": [], "start_line": 54}, "YouTubeQuotaGuard._save": {"executed_lines": [62, 63, 64, 65, 66, 67], "summary": {"covered_lines": 6, "num_statements": 6, "percent_covered": 100.0, "percent_covered_display": "100", "missing_lines": 0, "excluded_lines": 0, "percent_statements_covered": 100.0, "percent_statements_covered_display": "100"}, "missing_lines": [], "excluded_lines": [], "start_line": 61}, "YouTubeQuotaGuard._today": {"executed_lines": [73], "summary": {"covered_lines": 1, "num_statements": 1, "percent_covered": 100.0, "percent_covered_display": "100", "missing_lines": 0, "excluded_lines": 0, "percent_statements_covered": 100.0, "percent_statements_covered_display": "100"}, "missing_lines": [], "excluded_lines": [], "start_line": 72}, "YouTubeQuotaGuard.used_today": {"executed_lines": [77], "summary": {"covered_lines": 1, "num_statements": 1, "percent_covered": 100.0, "percent_covered_display": "100", "missing_lines": 0, "excluded_lines": 0, "percent_statements_covered": 100.0, "percent_statements_covered_display": "100"}, "missing_lines": [], "excluded_lines": [], "start_line": 75}, "YouTubeQuotaGuard.remaining": {"executed_lines": [81], "summary": {"covered_lines": 1, "num_statements": 1, "percent_covered": 100.0, "percent_covered_display": "100", "missing_lines": 0, "excluded_lines": 0, "percent_statements_covered": 100.0, "percent_statements_covered_display": "100"}, "missing_lines": [], "excluded_lines": [], "start_line": 79}, "YouTubeQuotaGuard.can_afford": {"executed_lines": [85, 86], "summary": {"covered_lines": 2, "num_statements": 2, "percent_covered": 100.0, "percent_covered_display": "100", "missing_lines": 0, "excluded_lines": 0, "percent_statements_covered": 100.0, "percent_statements_covered_display": "100"}, "missing_lines": [], "excluded_lines": [], "start_line": 83}, "YouTubeQuotaGuard.charge": {"executed_lines": [90, 91, 92, 93, 94, 95, 96, 97, 98], "summary": {"covered_lines": 9, "num_statements": 9, "percent_covered": 100.0, "percent_covered_display": "100", "missing_lines": 0, "excluded_lines": 0, "percent_statements_covered": 100.0, "percent_statements_covered_display": "100"}, "missing_lines": [], "excluded_lines": [], "start_line": 88}, "YouTubeQuotaGuard.mark_exhausted": {"executed_lines": [102, 103, 104, 105], "summary": {"covered_lines": 4, "num_statements": 4, "percent_covered": 100.0, "percent_covered_display": "100", "missing_lines": 0, "excluded_lines": 0, "percent_statements_covered": 100.0, "percent_statements_covered_display": "100"}, "missing_lines": [], "excluded_lines": [], "start_line": 100}, "YouTubeQuotaGuard.near_limit": {"executed_lines": [109], "summary": {"covered_lines": 1, "num_statements": 1, "percent_covered": 100.0, "percent_covered_display": "100", "missing_lines": 0, "excluded_lines": 0, "percent_statements_covered": 100.0, "percent_statements_covered_display": "100"}, "missing_lines": [], "excluded_lines": [], "start_line": 107}, "YouTubeQuotaGuard.is_quota_error": {"executed_lines": [120, 121, 122, 123, 124, 125, 126, 130, 131, 132, 133], "summary": {"covered_lines": 11, "num_statements": 11, "percent_covered": 100.0, "percent_covered_display": "100", "missing_lines": 0, "excluded_lines": 0, "percent_statements_covered": 100.0, "percent_statements_covered_display": "100"}, "missing_lines": [], "excluded_lines": [], "start_line": 114}, "": {"executed_lines": [16, 18, 19, 20, 21, 23, 27, 34, 37, 40, 43, 54, 61, 71, 72, 75, 79, 83, 88, 100, 107, 113, 114], "summary": {"covered_lines": 23, "num_statements": 23, "percent_covered": 100.0, "percent_covered_display": "100", "missing_lines": 0, "excluded_lines": 1, "percent_statements_covered": 100.0, "percent_statements_covered_display": "100"}, "missing_lines": [], "excluded_lines": [1], "start_line": 1}}, "classes": {"YouTubeQuotaGuard": {"executed_lines": [48, 49, 50, 55, 56, 57, 58, 59, 62, 63, 64, 65, 66, 67, 73, 77, 81, 85, 86, 90, 91, 92, 93, 94, 95, 96, 97, 98, 102, 103, 104, 105, 109, 120, 121, 122, 123, 124, 125, 126, 130, 131, 132, 133], "summary": {"covered_lines": 44, "num_statements": 44, "percent_covered": 100.0, "percent_covered_display": "100", "missing_lines": 0, "excluded_lines": 0, "percent_statements_covered": 100.0, "percent_statements_covered_display": "100"}, "missing_lines": [], "excluded_lines": [], "start_line": 40}, "": {"executed_lines": [16, 18, 19, 20, 21, 23, 27, 34, 37, 40, 43, 54, 61, 71, 72, 75, 79, 83, 88, 100, 107, 113, 114], "summary": {"covered_lines": 23, "num_statements": 23, "percent_covered": 100.0, "percent_covered_display": "100", "missing_lines": 0, "excluded_lines": 1, "percent_statements_covered": 100.0, "percent_statements_covered_display": "100"}, "missing_lines": [], "excluded_lines": [1], "start_line": 1}}}, "src/youtube_uploader.py": {"executed_lines": [6, 8, 9, 10, 11, 12, 13, 14, 16, 17, 18, 19, 20, 21, 22, 23, 25, 26, 27, 28, 29, 30, 31, 34, 42, 51, 53, 57, 58, 59, 60, 61, 62, 64, 65, 66, 67, 68, 71, 76, 77, 80, 81, 82, 83, 84, 85, 87, 88, 89, 91, 92, 93, 94, 97, 98, 100, 101, 102, 103, 104, 105, 110, 111, 127, 128, 133, 135, 136, 138, 140, 179, 182, 186, 195, 196, 199, 206, 209, 210, 211, 212, 213, 214, 218, 219, 220, 222, 223, 224, 226, 227, 228, 229, 230, 233, 234, 239, 240, 241, 242, 244, 245, 246, 247, 248, 249, 252, 253, 254, 255, 258, 260, 261, 262, 263, 264, 265, 266, 267, 268, 272, 273, 275, 276, 277, 278, 279, 280, 281, 284, 286, 287, 292, 293, 306, 307, 309, 310, 311, 315, 317, 318, 320, 323, 324, 325, 326, 327, 329, 345, 346, 352, 353, 354, 355, 356, 357, 358, 359, 361, 362, 363, 367, 368, 369, 372, 381, 382, 383, 394, 402, 403, 404, 405, 407, 408, 409, 410, 411, 412, 413, 414, 415, 417, 420, 433, 434, 435, 436, 438, 439, 440, 441, 442, 454, 455, 456, 457, 459, 462, 464, 465, 467, 468, 469, 470, 471, 472, 473, 476, 492, 493, 495, 496, 505, 506, 508, 509, 515, 516, 524, 529, 546], "summary": {"covered_lines": 224, "num_statements": 258, "percent_covered": 86.82170542635659, "percent_covered_display": "87", "missing_lines": 34, "excluded_lines": 0, "percent_statements_covered": 86.82170542635659, "percent_statements_covered_display": "87"}, "missing_lines": [116, 121, 122, 123, 124, 125, 129, 145, 148, 149, 150, 151, 152, 162, 167, 169, 170, 171, 172, 177, 178, 458, 530, 531, 532, 533, 535, 537, 538, 539, 540, 542, 543, 547], "excluded_lines": [], "functions": {"_migrate_pickle": {"executed_lines": [53, 57, 58, 59, 60, 61, 62, 64, 65, 66, 67, 68], "summary": {"covered_lines": 12, "num_statements": 12, "percent_covered": 100.0, "percent_covered_display": "100", "missing_lines": 0, "excluded_lines": 0, "percent_statements_covered": 100.0, "percent_statements_covered_display": "100"}, "missing_lines": [], "excluded_lines": [], "start_line": 51}, "_get_creds": {"executed_lines": [76, 77, 80, 81, 82, 83, 84, 85, 87, 88, 89, 91, 92, 93, 94, 97, 98, 100, 101, 102, 103, 104, 105, 110, 111, 127, 128, 133, 135, 136, 138, 140, 179], "summary": {"covered_lines": 33, "num_statements": 54, "percent_covered": 61.111111111111114, "percent_covered_display": "61", "missing_lines": 21, "excluded_lines": 0, "percent_statements_covered": 61.111111111111114, "percent_statements_covered_display": "61"}, "missing_lines": [116, 121, 122, 123, 124, 125, 129, 145, 148, 149, 150, 151, 152, 162, 167, 169, 170, 171, 172, 177, 178], "excluded_lines": [], "start_line": 71}, "_youtube_client": {"executed_lines": [186], "summary": {"covered_lines": 1, "num_statements": 1, "percent_covered": 100.0, "percent_covered_display": "100", "missing_lines": 0, "excluded_lines": 0, "percent_statements_covered": 100.0, "percent_statements_covered_display": "100"}, "missing_lines": [], "excluded_lines": [], "start_line": 182}, "_upload_with_retry": {"executed_lines": [206, 209, 210, 211, 212, 213, 214, 218, 219, 220, 222, 223, 224, 226, 227, 228, 229, 230, 233, 234, 239, 240, 241, 242, 244, 245, 246, 247, 248, 249, 252, 253, 254, 255, 258, 260, 261, 262, 263, 264, 265, 266, 267, 268, 272, 273, 275, 276, 277, 278, 279, 280, 281, 284, 286, 287], "summary": {"covered_lines": 56, "num_statements": 56, "percent_covered": 100.0, "percent_covered_display": "100", "missing_lines": 0, "excluded_lines": 0, "percent_statements_covered": 100.0, "percent_statements_covered_display": "100"}, "missing_lines": [], "excluded_lines": [], "start_line": 199}, "upload_video": {"executed_lines": [306, 307, 309, 310, 311, 315, 317, 318, 320, 323, 324, 325, 326, 327, 329, 345, 346, 352, 353, 354, 355, 356, 357, 358, 359, 361, 362, 363, 367, 368, 369], "summary": {"covered_lines": 31, "num_statements": 31, "percent_covered": 100.0, "percent_covered_display": "100", "missing_lines": 0, "excluded_lines": 0, "percent_statements_covered": 100.0, "percent_statements_covered_display": "100"}, "missing_lines": [], "excluded_lines": [], "start_line": 293}, "upload_short": {"executed_lines": [381, 382, 383], "summary": {"covered_lines": 3, "num_statements": 3, "percent_covered": 100.0, "percent_covered_display": "100", "missing_lines": 0, "excluded_lines": 0, "percent_statements_covered": 100.0, "percent_statements_covered_display": "100"}, "missing_lines": [], "excluded_lines": [], "start_line": 372}, "set_thumbnail": {"executed_lines": [402, 403, 404, 405, 407, 408, 409, 410, 411, 412, 413, 414, 415, 417], "summary": {"covered_lines": 14, "num_statements": 14, "percent_covered": 100.0, "percent_covered_display": "100", "missing_lines": 0, "excluded_lines": 0, "percent_statements_covered": 100.0, "percent_statements_covered_display": "100"}, "missing_lines": [], "excluded_lines": [], "start_line": 394}, "upload_captions": {"executed_lines": [433, 434, 435, 436, 438, 439, 440, 441, 442, 454, 455, 456, 457, 459], "summary": {"covered_lines": 14, "num_statements": 15, "percent_covered": 93.33333333333333, "percent_covered_display": "93", "missing_lines": 1, "excluded_lines": 0, "percent_statements_covered": 93.33333333333333, "percent_statements_covered_display": "93"}, "missing_lines": [458], "excluded_lines": [], "start_line": 420}, "_fill_timestamps": {"executed_lines": [464, 465, 467, 468, 469, 470, 471, 472, 473], "summary": {"covered_lines": 9, "num_statements": 9, "percent_covered": 100.0, "percent_covered_display": "100", "missing_lines": 0, "excluded_lines": 0, "percent_statements_covered": 100.0, "percent_statements_covered_display": "100"}, "missing_lines": [], "excluded_lines": [], "start_line": 462}, "publish_episode": {"executed_lines": [492, 493, 495, 496, 505, 506, 508, 509, 515, 516, 524], "summary": {"covered_lines": 11, "num_statements": 11, "percent_covered": 100.0, "percent_covered_display": "100", "missing_lines": 0, "excluded_lines": 0, "percent_statements_covered": 100.0, "percent_statements_covered_display": "100"}, "missing_lines": [], "excluded_lines": [], "start_line": 476}, "main": {"executed_lines": [], "summary": {"covered_lines": 0, "num_statements": 11, "percent_covered": 0.0, "percent_covered_display": "0", "missing_lines": 11, "excluded_lines": 0, "percent_statements_covered": 0.0, "percent_statements_covered_display": "0"}, "missing_lines": [530, 531, 532, 533, 535, 537, 538, 539, 540, 542, 543], "excluded_lines": [], "start_line": 529}, "": {"executed_lines": [6, 8, 9, 10, 11, 12, 13, 14, 16, 17, 18, 19, 20, 21, 22, 23, 25, 26, 27, 28, 29, 30, 31, 34, 42, 51, 71, 182, 195, 196, 199, 292, 293, 372, 394, 420, 462, 476, 529, 546], "summary": {"covered_lines": 40, "num_statements": 41, "percent_covered": 97.5609756097561, "percent_covered_display": "98", "missing_lines": 1, "excluded_lines": 0, "percent_statements_covered": 97.5609756097561, "percent_statements_covered_display": "98"}, "missing_lines": [547], "excluded_lines": [], "start_line": 1}}, "classes": {"": {"executed_lines": [6, 8, 9, 10, 11, 12, 13, 14, 16, 17, 18, 19, 20, 21, 22, 23, 25, 26, 27, 28, 29, 30, 31, 34, 42, 51, 53, 57, 58, 59, 60, 61, 62, 64, 65, 66, 67, 68, 71, 76, 77, 80, 81, 82, 83, 84, 85, 87, 88, 89, 91, 92, 93, 94, 97, 98, 100, 101, 102, 103, 104, 105, 110, 111, 127, 128, 133, 135, 136, 138, 140, 179, 182, 186, 195, 196, 199, 206, 209, 210, 211, 212, 213, 214, 218, 219, 220, 222, 223, 224, 226, 227, 228, 229, 230, 233, 234, 239, 240, 241, 242, 244, 245, 246, 247, 248, 249, 252, 253, 254, 255, 258, 260, 261, 262, 263, 264, 265, 266, 267, 268, 272, 273, 275, 276, 277, 278, 279, 280, 281, 284, 286, 287, 292, 293, 306, 307, 309, 310, 311, 315, 317, 318, 320, 323, 324, 325, 326, 327, 329, 345, 346, 352, 353, 354, 355, 356, 357, 358, 359, 361, 362, 363, 367, 368, 369, 372, 381, 382, 383, 394, 402, 403, 404, 405, 407, 408, 409, 410, 411, 412, 413, 414, 415, 417, 420, 433, 434, 435, 436, 438, 439, 440, 441, 442, 454, 455, 456, 457, 459, 462, 464, 465, 467, 468, 469, 470, 471, 472, 473, 476, 492, 493, 495, 496, 505, 506, 508, 509, 515, 516, 524, 529, 546], "summary": {"covered_lines": 224, "num_statements": 258, "percent_covered": 86.82170542635659, "percent_covered_display": "87", "missing_lines": 34, "excluded_lines": 0, "percent_statements_covered": 86.82170542635659, "percent_statements_covered_display": "87"}, "missing_lines": [116, 121, 122, 123, 124, 125, 129, 145, 148, 149, 150, 151, 152, 162, 167, 169, 170, 171, 172, 177, 178, 458, 530, 531, 532, 533, 535, 537, 538, 539, 540, 542, 543, 547], "excluded_lines": [], "start_line": 1}}}}, "totals": {"covered_lines": 11336, "num_statements": 13104, "percent_covered": 86.5079365079365, "percent_covered_display": "87", "missing_lines": 1768, "excluded_lines": 23, "percent_statements_covered": 86.5079365079365, "percent_statements_covered_display": "87"}}